running egg_info
writing ../../../../build/dss_bridge/dss_bridge.egg-info/PKG-INFO
writing dependency_links to ../../../../build/dss_bridge/dss_bridge.egg-info/dependency_links.txt
writing entry points to ../../../../build/dss_bridge/dss_bridge.egg-info/entry_points.txt
writing requirements to ../../../../build/dss_bridge/dss_bridge.egg-info/requires.txt
writing top-level names to ../../../../build/dss_bridge/dss_bridge.egg-info/top_level.txt
reading manifest file '../../../../build/dss_bridge/dss_bridge.egg-info/SOURCES.txt'
writing manifest file '../../../../build/dss_bridge/dss_bridge.egg-info/SOURCES.txt'
running build
running build_py
running install
running install_lib
running install_data
running install_egg_info
removing '/mnt/c/Project/DSS_ROS2/dss_ros2_ws/install/dss_bridge/lib/python3.10/site-packages/dss_bridge-0.0.0-py3.10.egg-info' (and everything under it)
Copying ../../../../build/dss_bridge/dss_bridge.egg-info to /mnt/c/Project/DSS_ROS2/dss_ros2_ws/install/dss_bridge/lib/python3.10/site-packages/dss_bridge-0.0.0-py3.10.egg-info
running install_scripts
Installing dss_bridge_node script to /mnt/c/Project/DSS_ROS2/dss_ros2_ws/install/dss_bridge/lib/dss_bridge
Installing dss_car_control_node script to /mnt/c/Project/DSS_ROS2/dss_ros2_ws/install/dss_bridge/lib/dss_bridge
writing list of installed files to '/mnt/c/Project/DSS_ROS2/dss_ros2_ws/build/dss_bridge/install.log'
