[2.393s] Invoking command in '/mnt/c/Project/DSS_ROS2/dss_ros2_ws/build/dss_imu_steering_control': CMAKE_PREFIX_PATH=${CMAKE_PREFIX_PATH}:/mnt/c/Project/DSS_ROS2/dss_ros2_ws/install/dss_bridge:/opt/ros/humble /usr/bin/cmake /mnt/c/Project/DSS_ROS2/dss_ros2_ws/src/dss_imu_steering_control -DCMAKE_INSTALL_PREFIX=/mnt/c/Project/DSS_ROS2/dss_ros2_ws/install/dss_imu_steering_control
[2.528s] -- Found ament_cmake: 1.3.12 (/opt/ros/humble/share/ament_cmake/cmake)
[3.682s] -- Override CMake install command with custom implementation using symlinks instead of copying resources
[3.919s] -- Found rclcpp: 16.0.14 (/opt/ros/humble/share/rclcpp/cmake)
[4.407s] -- Found rosidl_generator_c: 3.1.7 (/opt/ros/humble/share/rosidl_generator_c/cmake)
[4.409s] -- Found rosidl_adapter: 3.1.7 (/opt/ros/humble/share/rosidl_adapter/cmake)
[4.411s] -- Found rosidl_generator_cpp: 3.1.7 (/opt/ros/humble/share/rosidl_generator_cpp/cmake)
[4.432s] -- Using all available rosidl_typesupport_c: rosidl_typesupport_fastrtps_c;rosidl_typesupport_introspection_c
[4.461s] -- Using all available rosidl_typesupport_cpp: rosidl_typesupport_fastrtps_cpp;rosidl_typesupport_introspection_cpp
[4.506s] -- Found rmw_implementation_cmake: 6.1.2 (/opt/ros/humble/share/rmw_implementation_cmake/cmake)
[4.524s] -- Found rmw_fastrtps_cpp: 6.2.8 (/opt/ros/humble/share/rmw_fastrtps_cpp/cmake)
[13.729s] -- Using RMW implementation 'rmw_fastrtps_cpp' as default
[13.762s] -- Found sensor_msgs: 4.9.0 (/opt/ros/humble/share/sensor_msgs/cmake)
[13.779s] -- Found tf2: 0.25.16 (/opt/ros/humble/share/tf2/cmake)
[13.781s] -- Found tf2_geometry_msgs: 0.25.16 (/opt/ros/humble/share/tf2_geometry_msgs/cmake)
[13.783s] -- Found eigen3_cmake_module: 0.1.1 (/opt/ros/humble/share/eigen3_cmake_module/cmake)
[13.786s] -- Ensuring Eigen3 include directory is part of orocos-kdl CMake target
[19.336s] [31mCMake Error at CMakeLists.txt:16 (find_package):
[19.338s]   By not providing "Findnlohmann-json.cmake" in CMAKE_MODULE_PATH this
[19.341s]   project has asked CMake to find a package configuration file provided by
[19.343s]   "nlohmann-json", but CMake did not find one.
[19.346s] 
[19.352s]   Could not find a package configuration file provided by "nlohmann-json"
[19.361s]   with any of the following names:
[19.367s] 
[19.369s]     nlohmann-jsonConfig.cmake
[19.371s]     nlohmann-json-config.cmake
[19.375s] 
[19.381s]   Add the installation prefix of "nlohmann-json" to CMAKE_PREFIX_PATH or set
[19.384s]   "nlohmann-json_DIR" to a directory containing one of the above files.  If
[19.386s]   "nlohmann-json" provides a separate development package or SDK, be sure it
[19.390s]   has been installed.
[19.395s] 
[19.398s] [0m
[19.402s] -- Configuring incomplete, errors occurred!
[19.405s] See also "/mnt/c/Project/DSS_ROS2/dss_ros2_ws/build/dss_imu_steering_control/CMakeFiles/CMakeOutput.log".
[19.407s] Invoked command in '/mnt/c/Project/DSS_ROS2/dss_ros2_ws/build/dss_imu_steering_control' returned '1': CMAKE_PREFIX_PATH=${CMAKE_PREFIX_PATH}:/mnt/c/Project/DSS_ROS2/dss_ros2_ws/install/dss_bridge:/opt/ros/humble /usr/bin/cmake /mnt/c/Project/DSS_ROS2/dss_ros2_ws/src/dss_imu_steering_control -DCMAKE_INSTALL_PREFIX=/mnt/c/Project/DSS_ROS2/dss_ros2_ws/install/dss_imu_steering_control
