[1.264s] DEBUG:colcon:Command line arguments: ['/usr/bin/colcon', 'build']
[1.265s] DEBUG:colcon:Parsed command line arguments: Namespace(log_base=None, log_level=None, verb_name='build', build_base='build', install_base='install', merge_install=False, symlink_install=False, test_result_base=None, continue_on_error=False, executor='parallel', parallel_workers=16, event_handlers=None, ignore_user_meta=False, metas=['./colcon.meta'], base_paths=['.'], packages_ignore=None, packages_ignore_regex=None, paths=None, packages_up_to=None, packages_up_to_regex=None, packages_above=None, packages_above_and_dependencies=None, packages_above_depth=None, packages_select_by_dep=None, packages_skip_by_dep=None, packages_skip_up_to=None, packages_select_build_failed=False, packages_skip_build_finished=False, packages_select_test_failures=False, packages_skip_test_passed=False, packages_select=None, packages_skip=None, packages_select_regex=None, packages_skip_regex=None, packages_start=None, packages_end=None, allow_overriding=[], cmake_args=None, cmake_target=None, cmake_target_skip_unavailable=False, cmake_clean_cache=False, cmake_clean_first=False, cmake_force_configure=False, ament_cmake_args=None, catkin_cmake_args=None, catkin_skip_building_tests=False, verb_parser=<colcon_defaults.argument_parser.defaults.DefaultArgumentsDecorator object at 0x765bda217f40>, verb_extension=<colcon_core.verb.build.BuildVerb object at 0x765bda216f20>, main=<bound method BuildVerb.main of <colcon_core.verb.build.BuildVerb object at 0x765bda216f20>>)
[1.869s] Level 1:colcon.colcon_core.package_discovery:discover_packages(colcon_meta) check parameters
[1.870s] Level 1:colcon.colcon_core.package_discovery:discover_packages(recursive) check parameters
[1.870s] Level 1:colcon.colcon_core.package_discovery:discover_packages(ignore) check parameters
[1.871s] Level 1:colcon.colcon_core.package_discovery:discover_packages(path) check parameters
[1.871s] Level 1:colcon.colcon_core.package_discovery:discover_packages(colcon_meta) discover
[1.872s] Level 1:colcon.colcon_core.package_discovery:discover_packages(recursive) discover
[1.872s] INFO:colcon.colcon_core.package_discovery:Crawling recursively for packages in '/mnt/c/Project/DSS_ROS2/dss_ros2_ws'
[1.875s] Level 1:colcon.colcon_core.package_identification:_identify(.) by extensions ['ignore', 'ignore_ament_install']
[1.875s] Level 1:colcon.colcon_core.package_identification:_identify(.) by extension 'ignore'
[1.877s] Level 1:colcon.colcon_core.package_identification:_identify(.) by extension 'ignore_ament_install'
[1.878s] Level 1:colcon.colcon_core.package_identification:_identify(.) by extensions ['colcon_pkg']
[1.878s] Level 1:colcon.colcon_core.package_identification:_identify(.) by extension 'colcon_pkg'
[1.879s] Level 1:colcon.colcon_core.package_identification:_identify(.) by extensions ['colcon_meta']
[1.879s] Level 1:colcon.colcon_core.package_identification:_identify(.) by extension 'colcon_meta'
[1.879s] Level 1:colcon.colcon_core.package_identification:_identify(.) by extensions ['ros']
[1.880s] Level 1:colcon.colcon_core.package_identification:_identify(.) by extension 'ros'
[1.907s] Level 1:colcon.colcon_core.package_identification:_identify(.) by extensions ['cmake', 'python']
[1.907s] Level 1:colcon.colcon_core.package_identification:_identify(.) by extension 'cmake'
[1.909s] Level 1:colcon.colcon_core.package_identification:_identify(.) by extension 'python'
[1.909s] Level 1:colcon.colcon_core.package_identification:_identify(.) by extensions ['python_setup_py']
[1.910s] Level 1:colcon.colcon_core.package_identification:_identify(.) by extension 'python_setup_py'
[1.918s] Level 1:colcon.colcon_core.package_identification:_identify(build) by extensions ['ignore', 'ignore_ament_install']
[1.918s] Level 1:colcon.colcon_core.package_identification:_identify(build) by extension 'ignore'
[1.922s] Level 1:colcon.colcon_core.package_identification:_identify(build) ignored
[1.934s] Level 1:colcon.colcon_core.package_identification:_identify(install) by extensions ['ignore', 'ignore_ament_install']
[1.935s] Level 1:colcon.colcon_core.package_identification:_identify(install) by extension 'ignore'
[1.943s] Level 1:colcon.colcon_core.package_identification:_identify(install) ignored
[1.958s] Level 1:colcon.colcon_core.package_identification:_identify(log) by extensions ['ignore', 'ignore_ament_install']
[1.958s] Level 1:colcon.colcon_core.package_identification:_identify(log) by extension 'ignore'
[1.962s] Level 1:colcon.colcon_core.package_identification:_identify(log) ignored
[1.965s] Level 1:colcon.colcon_core.package_identification:_identify(src) by extensions ['ignore', 'ignore_ament_install']
[1.965s] Level 1:colcon.colcon_core.package_identification:_identify(src) by extension 'ignore'
[1.967s] Level 1:colcon.colcon_core.package_identification:_identify(src) by extension 'ignore_ament_install'
[1.968s] Level 1:colcon.colcon_core.package_identification:_identify(src) by extensions ['colcon_pkg']
[1.969s] Level 1:colcon.colcon_core.package_identification:_identify(src) by extension 'colcon_pkg'
[1.969s] Level 1:colcon.colcon_core.package_identification:_identify(src) by extensions ['colcon_meta']
[1.970s] Level 1:colcon.colcon_core.package_identification:_identify(src) by extension 'colcon_meta'
[1.970s] Level 1:colcon.colcon_core.package_identification:_identify(src) by extensions ['ros']
[1.971s] Level 1:colcon.colcon_core.package_identification:_identify(src) by extension 'ros'
[1.974s] Level 1:colcon.colcon_core.package_identification:_identify(src) by extensions ['cmake', 'python']
[1.974s] Level 1:colcon.colcon_core.package_identification:_identify(src) by extension 'cmake'
[1.976s] Level 1:colcon.colcon_core.package_identification:_identify(src) by extension 'python'
[1.977s] Level 1:colcon.colcon_core.package_identification:_identify(src) by extensions ['python_setup_py']
[1.977s] Level 1:colcon.colcon_core.package_identification:_identify(src) by extension 'python_setup_py'
[1.981s] Level 1:colcon.colcon_core.package_identification:_identify(src/dss-ros2-bridge) by extensions ['ignore', 'ignore_ament_install']
[1.981s] Level 1:colcon.colcon_core.package_identification:_identify(src/dss-ros2-bridge) by extension 'ignore'
[1.983s] Level 1:colcon.colcon_core.package_identification:_identify(src/dss-ros2-bridge) by extension 'ignore_ament_install'
[1.988s] Level 1:colcon.colcon_core.package_identification:_identify(src/dss-ros2-bridge) by extensions ['colcon_pkg']
[1.988s] Level 1:colcon.colcon_core.package_identification:_identify(src/dss-ros2-bridge) by extension 'colcon_pkg'
[1.990s] Level 1:colcon.colcon_core.package_identification:_identify(src/dss-ros2-bridge) by extensions ['colcon_meta']
[1.990s] Level 1:colcon.colcon_core.package_identification:_identify(src/dss-ros2-bridge) by extension 'colcon_meta'
[1.992s] Level 1:colcon.colcon_core.package_identification:_identify(src/dss-ros2-bridge) by extensions ['ros']
[1.993s] Level 1:colcon.colcon_core.package_identification:_identify(src/dss-ros2-bridge) by extension 'ros'
[1.996s] Level 1:colcon.colcon_core.package_identification:_identify(src/dss-ros2-bridge) by extensions ['cmake', 'python']
[1.996s] Level 1:colcon.colcon_core.package_identification:_identify(src/dss-ros2-bridge) by extension 'cmake'
[1.998s] Level 1:colcon.colcon_core.package_identification:_identify(src/dss-ros2-bridge) by extension 'python'
[1.998s] Level 1:colcon.colcon_core.package_identification:_identify(src/dss-ros2-bridge) by extensions ['python_setup_py']
[1.999s] Level 1:colcon.colcon_core.package_identification:_identify(src/dss-ros2-bridge) by extension 'python_setup_py'
[2.004s] Level 1:colcon.colcon_core.package_identification:_identify(src/dss-ros2-bridge/src) by extensions ['ignore', 'ignore_ament_install']
[2.005s] Level 1:colcon.colcon_core.package_identification:_identify(src/dss-ros2-bridge/src) by extension 'ignore'
[2.007s] Level 1:colcon.colcon_core.package_identification:_identify(src/dss-ros2-bridge/src) by extension 'ignore_ament_install'
[2.009s] Level 1:colcon.colcon_core.package_identification:_identify(src/dss-ros2-bridge/src) by extensions ['colcon_pkg']
[2.009s] Level 1:colcon.colcon_core.package_identification:_identify(src/dss-ros2-bridge/src) by extension 'colcon_pkg'
[2.010s] Level 1:colcon.colcon_core.package_identification:_identify(src/dss-ros2-bridge/src) by extensions ['colcon_meta']
[2.010s] Level 1:colcon.colcon_core.package_identification:_identify(src/dss-ros2-bridge/src) by extension 'colcon_meta'
[2.013s] Level 1:colcon.colcon_core.package_identification:_identify(src/dss-ros2-bridge/src) by extensions ['ros']
[2.013s] Level 1:colcon.colcon_core.package_identification:_identify(src/dss-ros2-bridge/src) by extension 'ros'
[2.016s] Level 1:colcon.colcon_core.package_identification:_identify(src/dss-ros2-bridge/src) by extensions ['cmake', 'python']
[2.016s] Level 1:colcon.colcon_core.package_identification:_identify(src/dss-ros2-bridge/src) by extension 'cmake'
[2.017s] Level 1:colcon.colcon_core.package_identification:_identify(src/dss-ros2-bridge/src) by extension 'python'
[2.019s] Level 1:colcon.colcon_core.package_identification:_identify(src/dss-ros2-bridge/src) by extensions ['python_setup_py']
[2.020s] Level 1:colcon.colcon_core.package_identification:_identify(src/dss-ros2-bridge/src) by extension 'python_setup_py'
[2.026s] Level 1:colcon.colcon_core.package_identification:_identify(src/dss-ros2-bridge/src/dss_bridge) by extensions ['ignore', 'ignore_ament_install']
[2.026s] Level 1:colcon.colcon_core.package_identification:_identify(src/dss-ros2-bridge/src/dss_bridge) by extension 'ignore'
[2.027s] Level 1:colcon.colcon_core.package_identification:_identify(src/dss-ros2-bridge/src/dss_bridge) by extension 'ignore_ament_install'
[2.029s] Level 1:colcon.colcon_core.package_identification:_identify(src/dss-ros2-bridge/src/dss_bridge) by extensions ['colcon_pkg']
[2.029s] Level 1:colcon.colcon_core.package_identification:_identify(src/dss-ros2-bridge/src/dss_bridge) by extension 'colcon_pkg'
[2.030s] Level 1:colcon.colcon_core.package_identification:_identify(src/dss-ros2-bridge/src/dss_bridge) by extensions ['colcon_meta']
[2.031s] Level 1:colcon.colcon_core.package_identification:_identify(src/dss-ros2-bridge/src/dss_bridge) by extension 'colcon_meta'
[2.033s] Level 1:colcon.colcon_core.package_identification:_identify(src/dss-ros2-bridge/src/dss_bridge) by extensions ['ros']
[2.034s] Level 1:colcon.colcon_core.package_identification:_identify(src/dss-ros2-bridge/src/dss_bridge) by extension 'ros'
[2.054s] DEBUG:colcon.colcon_core.package_identification:Package 'src/dss-ros2-bridge/src/dss_bridge' with type 'ros.ament_python' and name 'dss_bridge'
[2.058s] Level 1:colcon.colcon_core.package_identification:_identify(src/dss_cruise_control) by extensions ['ignore', 'ignore_ament_install']
[2.059s] Level 1:colcon.colcon_core.package_identification:_identify(src/dss_cruise_control) by extension 'ignore'
[2.060s] Level 1:colcon.colcon_core.package_identification:_identify(src/dss_cruise_control) by extension 'ignore_ament_install'
[2.066s] Level 1:colcon.colcon_core.package_identification:_identify(src/dss_cruise_control) by extensions ['colcon_pkg']
[2.067s] Level 1:colcon.colcon_core.package_identification:_identify(src/dss_cruise_control) by extension 'colcon_pkg'
[2.070s] Level 1:colcon.colcon_core.package_identification:_identify(src/dss_cruise_control) by extensions ['colcon_meta']
[2.071s] Level 1:colcon.colcon_core.package_identification:_identify(src/dss_cruise_control) by extension 'colcon_meta'
[2.073s] Level 1:colcon.colcon_core.package_identification:_identify(src/dss_cruise_control) by extensions ['ros']
[2.074s] Level 1:colcon.colcon_core.package_identification:_identify(src/dss_cruise_control) by extension 'ros'
[2.102s] DEBUG:colcon.colcon_core.package_identification:Package 'src/dss_cruise_control' with type 'ros.ament_cmake' and name 'dss_cruise_control'
[2.114s] Level 1:colcon.colcon_core.package_identification:_identify(src/dss_imu_steering_control) by extensions ['ignore', 'ignore_ament_install']
[2.115s] Level 1:colcon.colcon_core.package_identification:_identify(src/dss_imu_steering_control) by extension 'ignore'
[2.120s] Level 1:colcon.colcon_core.package_identification:_identify(src/dss_imu_steering_control) by extension 'ignore_ament_install'
[2.127s] Level 1:colcon.colcon_core.package_identification:_identify(src/dss_imu_steering_control) by extensions ['colcon_pkg']
[2.128s] Level 1:colcon.colcon_core.package_identification:_identify(src/dss_imu_steering_control) by extension 'colcon_pkg'
[2.131s] Level 1:colcon.colcon_core.package_identification:_identify(src/dss_imu_steering_control) by extensions ['colcon_meta']
[2.132s] Level 1:colcon.colcon_core.package_identification:_identify(src/dss_imu_steering_control) by extension 'colcon_meta'
[2.135s] Level 1:colcon.colcon_core.package_identification:_identify(src/dss_imu_steering_control) by extensions ['ros']
[2.135s] Level 1:colcon.colcon_core.package_identification:_identify(src/dss_imu_steering_control) by extension 'ros'
[2.161s] DEBUG:colcon.colcon_core.package_identification:Package 'src/dss_imu_steering_control' with type 'ros.ament_cmake' and name 'dss_imu_steering_control'
[2.163s] Level 1:colcon.colcon_core.package_discovery:discover_packages(recursive) using defaults
[2.163s] Level 1:colcon.colcon_core.package_discovery:discover_packages(ignore) discover
[2.163s] Level 1:colcon.colcon_core.package_discovery:discover_packages(ignore) using defaults
[2.164s] Level 1:colcon.colcon_core.package_discovery:discover_packages(path) discover
[2.164s] Level 1:colcon.colcon_core.package_discovery:discover_packages(path) using defaults
[2.357s] Level 1:colcon.colcon_core.package_discovery:discover_packages(prefix_path) check parameters
[2.357s] Level 1:colcon.colcon_core.package_discovery:discover_packages(prefix_path) discover
[2.500s] DEBUG:colcon.colcon_installed_package_information.package_discovery:Found 3 installed packages in /mnt/c/Project/DSS_ROS2/dss_ros2_ws/install
[2.503s] DEBUG:colcon.colcon_installed_package_information.package_discovery:Found 295 installed packages in /opt/ros/humble
[2.514s] Level 1:colcon.colcon_core.package_discovery:discover_packages(prefix_path) using defaults
[2.701s] Level 5:colcon.colcon_core.verb:set package 'dss_bridge' build argument 'cmake_args' from command line to 'None'
[2.701s] Level 5:colcon.colcon_core.verb:set package 'dss_bridge' build argument 'cmake_target' from command line to 'None'
[2.702s] Level 5:colcon.colcon_core.verb:set package 'dss_bridge' build argument 'cmake_target_skip_unavailable' from command line to 'False'
[2.702s] Level 5:colcon.colcon_core.verb:set package 'dss_bridge' build argument 'cmake_clean_cache' from command line to 'False'
[2.703s] Level 5:colcon.colcon_core.verb:set package 'dss_bridge' build argument 'cmake_clean_first' from command line to 'False'
[2.703s] Level 5:colcon.colcon_core.verb:set package 'dss_bridge' build argument 'cmake_force_configure' from command line to 'False'
[2.703s] Level 5:colcon.colcon_core.verb:set package 'dss_bridge' build argument 'ament_cmake_args' from command line to 'None'
[2.704s] Level 5:colcon.colcon_core.verb:set package 'dss_bridge' build argument 'catkin_cmake_args' from command line to 'None'
[2.704s] Level 5:colcon.colcon_core.verb:set package 'dss_bridge' build argument 'catkin_skip_building_tests' from command line to 'False'
[2.704s] DEBUG:colcon.colcon_core.verb:Building package 'dss_bridge' with the following arguments: {'ament_cmake_args': None, 'build_base': '/mnt/c/Project/DSS_ROS2/dss_ros2_ws/build/dss_bridge', 'catkin_cmake_args': None, 'catkin_skip_building_tests': False, 'cmake_args': None, 'cmake_clean_cache': False, 'cmake_clean_first': False, 'cmake_force_configure': False, 'cmake_target': None, 'cmake_target_skip_unavailable': False, 'install_base': '/mnt/c/Project/DSS_ROS2/dss_ros2_ws/install/dss_bridge', 'merge_install': False, 'path': '/mnt/c/Project/DSS_ROS2/dss_ros2_ws/src/dss-ros2-bridge/src/dss_bridge', 'symlink_install': False, 'test_result_base': None}
[2.705s] Level 5:colcon.colcon_core.verb:set package 'dss_cruise_control' build argument 'cmake_args' from command line to 'None'
[2.705s] Level 5:colcon.colcon_core.verb:set package 'dss_cruise_control' build argument 'cmake_target' from command line to 'None'
[2.706s] Level 5:colcon.colcon_core.verb:set package 'dss_cruise_control' build argument 'cmake_target_skip_unavailable' from command line to 'False'
[2.706s] Level 5:colcon.colcon_core.verb:set package 'dss_cruise_control' build argument 'cmake_clean_cache' from command line to 'False'
[2.707s] Level 5:colcon.colcon_core.verb:set package 'dss_cruise_control' build argument 'cmake_clean_first' from command line to 'False'
[2.707s] Level 5:colcon.colcon_core.verb:set package 'dss_cruise_control' build argument 'cmake_force_configure' from command line to 'False'
[2.707s] Level 5:colcon.colcon_core.verb:set package 'dss_cruise_control' build argument 'ament_cmake_args' from command line to 'None'
[2.708s] Level 5:colcon.colcon_core.verb:set package 'dss_cruise_control' build argument 'catkin_cmake_args' from command line to 'None'
[2.708s] Level 5:colcon.colcon_core.verb:set package 'dss_cruise_control' build argument 'catkin_skip_building_tests' from command line to 'False'
[2.709s] DEBUG:colcon.colcon_core.verb:Building package 'dss_cruise_control' with the following arguments: {'ament_cmake_args': None, 'build_base': '/mnt/c/Project/DSS_ROS2/dss_ros2_ws/build/dss_cruise_control', 'catkin_cmake_args': None, 'catkin_skip_building_tests': False, 'cmake_args': None, 'cmake_clean_cache': False, 'cmake_clean_first': False, 'cmake_force_configure': False, 'cmake_target': None, 'cmake_target_skip_unavailable': False, 'install_base': '/mnt/c/Project/DSS_ROS2/dss_ros2_ws/install/dss_cruise_control', 'merge_install': False, 'path': '/mnt/c/Project/DSS_ROS2/dss_ros2_ws/src/dss_cruise_control', 'symlink_install': False, 'test_result_base': None}
[2.709s] Level 5:colcon.colcon_core.verb:set package 'dss_imu_steering_control' build argument 'cmake_args' from command line to 'None'
[2.710s] Level 5:colcon.colcon_core.verb:set package 'dss_imu_steering_control' build argument 'cmake_target' from command line to 'None'
[2.710s] Level 5:colcon.colcon_core.verb:set package 'dss_imu_steering_control' build argument 'cmake_target_skip_unavailable' from command line to 'False'
[2.710s] Level 5:colcon.colcon_core.verb:set package 'dss_imu_steering_control' build argument 'cmake_clean_cache' from command line to 'False'
[2.711s] Level 5:colcon.colcon_core.verb:set package 'dss_imu_steering_control' build argument 'cmake_clean_first' from command line to 'False'
[2.712s] Level 5:colcon.colcon_core.verb:set package 'dss_imu_steering_control' build argument 'cmake_force_configure' from command line to 'False'
[2.712s] Level 5:colcon.colcon_core.verb:set package 'dss_imu_steering_control' build argument 'ament_cmake_args' from command line to 'None'
[2.712s] Level 5:colcon.colcon_core.verb:set package 'dss_imu_steering_control' build argument 'catkin_cmake_args' from command line to 'None'
[2.713s] Level 5:colcon.colcon_core.verb:set package 'dss_imu_steering_control' build argument 'catkin_skip_building_tests' from command line to 'False'
[2.713s] DEBUG:colcon.colcon_core.verb:Building package 'dss_imu_steering_control' with the following arguments: {'ament_cmake_args': None, 'build_base': '/mnt/c/Project/DSS_ROS2/dss_ros2_ws/build/dss_imu_steering_control', 'catkin_cmake_args': None, 'catkin_skip_building_tests': False, 'cmake_args': None, 'cmake_clean_cache': False, 'cmake_clean_first': False, 'cmake_force_configure': False, 'cmake_target': None, 'cmake_target_skip_unavailable': False, 'install_base': '/mnt/c/Project/DSS_ROS2/dss_ros2_ws/install/dss_imu_steering_control', 'merge_install': False, 'path': '/mnt/c/Project/DSS_ROS2/dss_ros2_ws/src/dss_imu_steering_control', 'symlink_install': False, 'test_result_base': None}
[2.715s] INFO:colcon.colcon_core.executor:Executing jobs using 'parallel' executor
[2.716s] DEBUG:colcon.colcon_parallel_executor.executor.parallel:run_until_complete
[2.717s] INFO:colcon.colcon_ros.task.ament_python.build:Building ROS package in '/mnt/c/Project/DSS_ROS2/dss_ros2_ws/src/dss-ros2-bridge/src/dss_bridge' with build type 'ament_python'
[2.718s] Level 1:colcon.colcon_core.shell:create_environment_hook('dss_bridge', 'ament_prefix_path')
[2.740s] INFO:colcon.colcon_core.plugin_system:Skipping extension 'colcon_core.shell.bat': Not used on non-Windows systems
[2.740s] INFO:colcon.colcon_core.shell:Creating environment hook '/mnt/c/Project/DSS_ROS2/dss_ros2_ws/install/dss_bridge/share/dss_bridge/hook/ament_prefix_path.ps1'
[2.789s] INFO:colcon.colcon_core.shell:Creating environment descriptor '/mnt/c/Project/DSS_ROS2/dss_ros2_ws/install/dss_bridge/share/dss_bridge/hook/ament_prefix_path.dsv'
[2.825s] INFO:colcon.colcon_core.shell:Creating environment hook '/mnt/c/Project/DSS_ROS2/dss_ros2_ws/install/dss_bridge/share/dss_bridge/hook/ament_prefix_path.sh'
[2.855s] INFO:colcon.colcon_core.shell:Skip shell extension 'powershell' for command environment: Not usable outside of PowerShell
[2.856s] DEBUG:colcon.colcon_core.shell:Skip shell extension 'dsv' for command environment
[2.983s] INFO:colcon.colcon_ros.task.ament_cmake.build:Building ROS package in '/mnt/c/Project/DSS_ROS2/dss_ros2_ws/src/dss_cruise_control' with build type 'ament_cmake'
[2.984s] INFO:colcon.colcon_cmake.task.cmake.build:Building CMake package in '/mnt/c/Project/DSS_ROS2/dss_ros2_ws/src/dss_cruise_control'
[2.984s] INFO:colcon.colcon_core.shell:Skip shell extension 'powershell' for command environment: Not usable outside of PowerShell
[2.985s] DEBUG:colcon.colcon_core.shell:Skip shell extension 'dsv' for command environment
[3.110s] INFO:colcon.colcon_ros.task.ament_cmake.build:Building ROS package in '/mnt/c/Project/DSS_ROS2/dss_ros2_ws/src/dss_imu_steering_control' with build type 'ament_cmake'
[3.112s] INFO:colcon.colcon_cmake.task.cmake.build:Building CMake package in '/mnt/c/Project/DSS_ROS2/dss_ros2_ws/src/dss_imu_steering_control'
[3.113s] INFO:colcon.colcon_core.shell:Skip shell extension 'powershell' for command environment: Not usable outside of PowerShell
[3.114s] DEBUG:colcon.colcon_core.shell:Skip shell extension 'dsv' for command environment
[5.122s] INFO:colcon.colcon_core.task.python.build:Building Python package in '/mnt/c/Project/DSS_ROS2/dss_ros2_ws/src/dss-ros2-bridge/src/dss_bridge'
[5.124s] INFO:colcon.colcon_core.shell:Skip shell extension 'powershell' for command environment: Not usable outside of PowerShell
[5.125s] DEBUG:colcon.colcon_core.shell:Skip shell extension 'dsv' for command environment
[5.349s] DEBUG:colcon.colcon_core.event_handler.log_command:Invoking command in '/mnt/c/Project/DSS_ROS2/dss_ros2_ws/build/dss_cruise_control': CMAKE_PREFIX_PATH=/mnt/c/Project/DSS_ROS2/dss_ros2_ws/install/dss_bridge:/opt/ros/humble /usr/bin/cmake --build /mnt/c/Project/DSS_ROS2/dss_ros2_ws/build/dss_cruise_control -- -j16 -l16
[5.444s] DEBUG:colcon.colcon_core.event_handler.log_command:Invoking command in '/mnt/c/Project/DSS_ROS2/dss_ros2_ws/build/dss_imu_steering_control': CMAKE_PREFIX_PATH=/mnt/c/Project/DSS_ROS2/dss_ros2_ws/install/dss_bridge:/opt/ros/humble /usr/bin/cmake --build /mnt/c/Project/DSS_ROS2/dss_ros2_ws/build/dss_imu_steering_control -- -j16 -l16
[5.873s] DEBUG:colcon.colcon_core.event_handler.log_command:Invoked command in '/mnt/c/Project/DSS_ROS2/dss_ros2_ws/build/dss_imu_steering_control' returned '0': CMAKE_PREFIX_PATH=/mnt/c/Project/DSS_ROS2/dss_ros2_ws/install/dss_bridge:/opt/ros/humble /usr/bin/cmake --build /mnt/c/Project/DSS_ROS2/dss_ros2_ws/build/dss_imu_steering_control -- -j16 -l16
[5.963s] DEBUG:colcon.colcon_core.event_handler.log_command:Invoking command in '/mnt/c/Project/DSS_ROS2/dss_ros2_ws/build/dss_imu_steering_control': CMAKE_PREFIX_PATH=/mnt/c/Project/DSS_ROS2/dss_ros2_ws/install/dss_bridge:/opt/ros/humble /usr/bin/cmake --install /mnt/c/Project/DSS_ROS2/dss_ros2_ws/build/dss_imu_steering_control
[6.321s] DEBUG:colcon.colcon_core.event_handler.log_command:Invoked command in '/mnt/c/Project/DSS_ROS2/dss_ros2_ws/build/dss_cruise_control' returned '0': CMAKE_PREFIX_PATH=/mnt/c/Project/DSS_ROS2/dss_ros2_ws/install/dss_bridge:/opt/ros/humble /usr/bin/cmake --build /mnt/c/Project/DSS_ROS2/dss_ros2_ws/build/dss_cruise_control -- -j16 -l16
[6.440s] DEBUG:colcon.colcon_core.event_handler.log_command:Invoking command in '/mnt/c/Project/DSS_ROS2/dss_ros2_ws/build/dss_cruise_control': CMAKE_PREFIX_PATH=/mnt/c/Project/DSS_ROS2/dss_ros2_ws/install/dss_bridge:/opt/ros/humble /usr/bin/cmake --install /mnt/c/Project/DSS_ROS2/dss_ros2_ws/build/dss_cruise_control
[7.845s] Level 1:colcon.colcon_core.environment:create_environment_scripts_only(dss_imu_steering_control)
[7.848s] DEBUG:colcon.colcon_core.event_handler.log_command:Invoked command in '/mnt/c/Project/DSS_ROS2/dss_ros2_ws/build/dss_imu_steering_control' returned '0': CMAKE_PREFIX_PATH=/mnt/c/Project/DSS_ROS2/dss_ros2_ws/install/dss_bridge:/opt/ros/humble /usr/bin/cmake --install /mnt/c/Project/DSS_ROS2/dss_ros2_ws/build/dss_imu_steering_control
[7.865s] Level 1:colcon.colcon_core.environment:checking '/mnt/c/Project/DSS_ROS2/dss_ros2_ws/install/dss_imu_steering_control' for CMake module files
[8.334s] Level 1:colcon.colcon_core.environment:checking '/mnt/c/Project/DSS_ROS2/dss_ros2_ws/install/dss_imu_steering_control' for CMake config files
[8.780s] Level 1:colcon.colcon_core.shell:create_environment_hook('dss_imu_steering_control', 'cmake_prefix_path')
[8.781s] INFO:colcon.colcon_core.shell:Creating environment hook '/mnt/c/Project/DSS_ROS2/dss_ros2_ws/install/dss_imu_steering_control/share/dss_imu_steering_control/hook/cmake_prefix_path.ps1'
[8.899s] INFO:colcon.colcon_core.shell:Creating environment descriptor '/mnt/c/Project/DSS_ROS2/dss_ros2_ws/install/dss_imu_steering_control/share/dss_imu_steering_control/hook/cmake_prefix_path.dsv'
[9.020s] INFO:colcon.colcon_core.shell:Creating environment hook '/mnt/c/Project/DSS_ROS2/dss_ros2_ws/install/dss_imu_steering_control/share/dss_imu_steering_control/hook/cmake_prefix_path.sh'
[9.163s] Level 1:colcon.colcon_core.environment:checking '/mnt/c/Project/DSS_ROS2/dss_ros2_ws/install/dss_imu_steering_control/bin'
[9.177s] Level 1:colcon.colcon_core.environment:checking '/mnt/c/Project/DSS_ROS2/dss_ros2_ws/install/dss_imu_steering_control/lib/pkgconfig/dss_imu_steering_control.pc'
[9.186s] Level 1:colcon.colcon_core.environment:checking '/mnt/c/Project/DSS_ROS2/dss_ros2_ws/install/dss_imu_steering_control/lib/python3.10/site-packages'
[9.191s] Level 1:colcon.colcon_core.environment:checking '/mnt/c/Project/DSS_ROS2/dss_ros2_ws/install/dss_imu_steering_control/bin'
[9.195s] INFO:colcon.colcon_core.shell:Creating package script '/mnt/c/Project/DSS_ROS2/dss_ros2_ws/install/dss_imu_steering_control/share/dss_imu_steering_control/package.ps1'
[9.255s] INFO:colcon.colcon_core.shell:Creating package descriptor '/mnt/c/Project/DSS_ROS2/dss_ros2_ws/install/dss_imu_steering_control/share/dss_imu_steering_control/package.dsv'
[9.319s] INFO:colcon.colcon_core.shell:Creating package script '/mnt/c/Project/DSS_ROS2/dss_ros2_ws/install/dss_imu_steering_control/share/dss_imu_steering_control/package.sh'
[9.409s] INFO:colcon.colcon_core.shell:Creating package script '/mnt/c/Project/DSS_ROS2/dss_ros2_ws/install/dss_imu_steering_control/share/dss_imu_steering_control/package.bash'
[9.525s] INFO:colcon.colcon_core.shell:Creating package script '/mnt/c/Project/DSS_ROS2/dss_ros2_ws/install/dss_imu_steering_control/share/dss_imu_steering_control/package.zsh'
[9.625s] Level 1:colcon.colcon_core.environment:create_file_with_runtime_dependencies(/mnt/c/Project/DSS_ROS2/dss_ros2_ws/install/dss_imu_steering_control/share/colcon-core/packages/dss_imu_steering_control)
[9.868s] Level 1:colcon.colcon_core.environment:create_environment_scripts_only(dss_imu_steering_control)
[9.872s] Level 1:colcon.colcon_core.environment:checking '/mnt/c/Project/DSS_ROS2/dss_ros2_ws/install/dss_imu_steering_control' for CMake module files
[10.715s] Level 1:colcon.colcon_core.environment:checking '/mnt/c/Project/DSS_ROS2/dss_ros2_ws/install/dss_imu_steering_control' for CMake config files
[11.483s] Level 1:colcon.colcon_core.shell:create_environment_hook('dss_imu_steering_control', 'cmake_prefix_path')
[11.485s] INFO:colcon.colcon_core.shell:Creating environment hook '/mnt/c/Project/DSS_ROS2/dss_ros2_ws/install/dss_imu_steering_control/share/dss_imu_steering_control/hook/cmake_prefix_path.ps1'
[11.567s] INFO:colcon.colcon_core.shell:Creating environment descriptor '/mnt/c/Project/DSS_ROS2/dss_ros2_ws/install/dss_imu_steering_control/share/dss_imu_steering_control/hook/cmake_prefix_path.dsv'
[11.650s] INFO:colcon.colcon_core.shell:Creating environment hook '/mnt/c/Project/DSS_ROS2/dss_ros2_ws/install/dss_imu_steering_control/share/dss_imu_steering_control/hook/cmake_prefix_path.sh'
[11.723s] Level 1:colcon.colcon_core.environment:checking '/mnt/c/Project/DSS_ROS2/dss_ros2_ws/install/dss_imu_steering_control/bin'
[11.733s] Level 1:colcon.colcon_core.environment:checking '/mnt/c/Project/DSS_ROS2/dss_ros2_ws/install/dss_imu_steering_control/lib/pkgconfig/dss_imu_steering_control.pc'
[11.738s] Level 1:colcon.colcon_core.environment:checking '/mnt/c/Project/DSS_ROS2/dss_ros2_ws/install/dss_imu_steering_control/lib/python3.10/site-packages'
[11.741s] Level 1:colcon.colcon_core.environment:checking '/mnt/c/Project/DSS_ROS2/dss_ros2_ws/install/dss_imu_steering_control/bin'
[11.750s] INFO:colcon.colcon_core.shell:Creating package script '/mnt/c/Project/DSS_ROS2/dss_ros2_ws/install/dss_imu_steering_control/share/dss_imu_steering_control/package.ps1'
[11.815s] INFO:colcon.colcon_core.shell:Creating package descriptor '/mnt/c/Project/DSS_ROS2/dss_ros2_ws/install/dss_imu_steering_control/share/dss_imu_steering_control/package.dsv'
[11.876s] INFO:colcon.colcon_core.shell:Creating package script '/mnt/c/Project/DSS_ROS2/dss_ros2_ws/install/dss_imu_steering_control/share/dss_imu_steering_control/package.sh'
[11.933s] INFO:colcon.colcon_core.shell:Creating package script '/mnt/c/Project/DSS_ROS2/dss_ros2_ws/install/dss_imu_steering_control/share/dss_imu_steering_control/package.bash'
[12.012s] INFO:colcon.colcon_core.shell:Creating package script '/mnt/c/Project/DSS_ROS2/dss_ros2_ws/install/dss_imu_steering_control/share/dss_imu_steering_control/package.zsh'
[12.075s] Level 1:colcon.colcon_core.environment:create_file_with_runtime_dependencies(/mnt/c/Project/DSS_ROS2/dss_ros2_ws/install/dss_imu_steering_control/share/colcon-core/packages/dss_imu_steering_control)
[12.181s] Level 1:colcon.colcon_core.environment:create_environment_scripts_only(dss_cruise_control)
[12.182s] Level 1:colcon.colcon_core.environment:checking '/mnt/c/Project/DSS_ROS2/dss_ros2_ws/install/dss_cruise_control' for CMake module files
[12.218s] DEBUG:colcon.colcon_core.event_handler.log_command:Invoking command in '/mnt/c/Project/DSS_ROS2/dss_ros2_ws/src/dss-ros2-bridge/src/dss_bridge': PYTHONPATH=/mnt/c/Project/DSS_ROS2/dss_ros2_ws/build/dss_bridge/prefix_override:/usr/lib/python3/dist-packages/colcon_core/task/python/colcon_distutils_commands:/mnt/c/Project/DSS_ROS2/dss_ros2_ws/install/dss_bridge/lib/python3.10/site-packages:${PYTHONPATH} /usr/bin/python3 -W ignore:setup.py install is deprecated -W ignore:easy_install command is deprecated setup.py egg_info --egg-base ../../../../build/dss_bridge build --build-base /mnt/c/Project/DSS_ROS2/dss_ros2_ws/build/dss_bridge/build install --record /mnt/c/Project/DSS_ROS2/dss_ros2_ws/build/dss_bridge/install.log --single-version-externally-managed install_data
[12.223s] DEBUG:colcon.colcon_core.event_handler.log_command:Invoked command in '/mnt/c/Project/DSS_ROS2/dss_ros2_ws/build/dss_cruise_control' returned '0': CMAKE_PREFIX_PATH=/mnt/c/Project/DSS_ROS2/dss_ros2_ws/install/dss_bridge:/opt/ros/humble /usr/bin/cmake --install /mnt/c/Project/DSS_ROS2/dss_ros2_ws/build/dss_cruise_control
[12.645s] Level 1:colcon.colcon_core.environment:checking '/mnt/c/Project/DSS_ROS2/dss_ros2_ws/install/dss_cruise_control' for CMake config files
[13.048s] Level 1:colcon.colcon_core.shell:create_environment_hook('dss_cruise_control', 'cmake_prefix_path')
[13.048s] INFO:colcon.colcon_core.shell:Creating environment hook '/mnt/c/Project/DSS_ROS2/dss_ros2_ws/install/dss_cruise_control/share/dss_cruise_control/hook/cmake_prefix_path.ps1'
[13.102s] INFO:colcon.colcon_core.shell:Creating environment descriptor '/mnt/c/Project/DSS_ROS2/dss_ros2_ws/install/dss_cruise_control/share/dss_cruise_control/hook/cmake_prefix_path.dsv'
[13.154s] INFO:colcon.colcon_core.shell:Creating environment hook '/mnt/c/Project/DSS_ROS2/dss_ros2_ws/install/dss_cruise_control/share/dss_cruise_control/hook/cmake_prefix_path.sh'
[13.238s] Level 1:colcon.colcon_core.environment:checking '/mnt/c/Project/DSS_ROS2/dss_ros2_ws/install/dss_cruise_control/lib'
[13.248s] Level 1:colcon.colcon_core.environment:checking '/mnt/c/Project/DSS_ROS2/dss_ros2_ws/install/dss_cruise_control/bin'
[13.253s] Level 1:colcon.colcon_core.environment:checking '/mnt/c/Project/DSS_ROS2/dss_ros2_ws/install/dss_cruise_control/lib/pkgconfig/dss_cruise_control.pc'
[13.262s] Level 1:colcon.colcon_core.environment:checking '/mnt/c/Project/DSS_ROS2/dss_ros2_ws/install/dss_cruise_control/lib/python3.10/site-packages'
[13.269s] Level 1:colcon.colcon_core.environment:checking '/mnt/c/Project/DSS_ROS2/dss_ros2_ws/install/dss_cruise_control/bin'
[13.272s] INFO:colcon.colcon_core.shell:Creating package script '/mnt/c/Project/DSS_ROS2/dss_ros2_ws/install/dss_cruise_control/share/dss_cruise_control/package.ps1'
[13.322s] INFO:colcon.colcon_core.shell:Creating package descriptor '/mnt/c/Project/DSS_ROS2/dss_ros2_ws/install/dss_cruise_control/share/dss_cruise_control/package.dsv'
[13.369s] INFO:colcon.colcon_core.shell:Creating package script '/mnt/c/Project/DSS_ROS2/dss_ros2_ws/install/dss_cruise_control/share/dss_cruise_control/package.sh'
[13.412s] INFO:colcon.colcon_core.shell:Creating package script '/mnt/c/Project/DSS_ROS2/dss_ros2_ws/install/dss_cruise_control/share/dss_cruise_control/package.bash'
[13.471s] INFO:colcon.colcon_core.shell:Creating package script '/mnt/c/Project/DSS_ROS2/dss_ros2_ws/install/dss_cruise_control/share/dss_cruise_control/package.zsh'
[13.536s] Level 1:colcon.colcon_core.environment:create_file_with_runtime_dependencies(/mnt/c/Project/DSS_ROS2/dss_ros2_ws/install/dss_cruise_control/share/colcon-core/packages/dss_cruise_control)
[13.666s] Level 1:colcon.colcon_core.environment:create_environment_scripts_only(dss_cruise_control)
[13.669s] Level 1:colcon.colcon_core.environment:checking '/mnt/c/Project/DSS_ROS2/dss_ros2_ws/install/dss_cruise_control' for CMake module files
[14.124s] Level 1:colcon.colcon_core.environment:checking '/mnt/c/Project/DSS_ROS2/dss_ros2_ws/install/dss_cruise_control' for CMake config files
[14.534s] Level 1:colcon.colcon_core.shell:create_environment_hook('dss_cruise_control', 'cmake_prefix_path')
[14.535s] INFO:colcon.colcon_core.shell:Creating environment hook '/mnt/c/Project/DSS_ROS2/dss_ros2_ws/install/dss_cruise_control/share/dss_cruise_control/hook/cmake_prefix_path.ps1'
[14.603s] INFO:colcon.colcon_core.shell:Creating environment descriptor '/mnt/c/Project/DSS_ROS2/dss_ros2_ws/install/dss_cruise_control/share/dss_cruise_control/hook/cmake_prefix_path.dsv'
[14.660s] INFO:colcon.colcon_core.shell:Creating environment hook '/mnt/c/Project/DSS_ROS2/dss_ros2_ws/install/dss_cruise_control/share/dss_cruise_control/hook/cmake_prefix_path.sh'
[14.711s] Level 1:colcon.colcon_core.environment:checking '/mnt/c/Project/DSS_ROS2/dss_ros2_ws/install/dss_cruise_control/lib'
[14.719s] Level 1:colcon.colcon_core.environment:checking '/mnt/c/Project/DSS_ROS2/dss_ros2_ws/install/dss_cruise_control/bin'
[14.721s] Level 1:colcon.colcon_core.environment:checking '/mnt/c/Project/DSS_ROS2/dss_ros2_ws/install/dss_cruise_control/lib/pkgconfig/dss_cruise_control.pc'
[14.724s] Level 1:colcon.colcon_core.environment:checking '/mnt/c/Project/DSS_ROS2/dss_ros2_ws/install/dss_cruise_control/lib/python3.10/site-packages'
[14.728s] Level 1:colcon.colcon_core.environment:checking '/mnt/c/Project/DSS_ROS2/dss_ros2_ws/install/dss_cruise_control/bin'
[14.731s] INFO:colcon.colcon_core.shell:Creating package script '/mnt/c/Project/DSS_ROS2/dss_ros2_ws/install/dss_cruise_control/share/dss_cruise_control/package.ps1'
[14.775s] INFO:colcon.colcon_core.shell:Creating package descriptor '/mnt/c/Project/DSS_ROS2/dss_ros2_ws/install/dss_cruise_control/share/dss_cruise_control/package.dsv'
[14.816s] INFO:colcon.colcon_core.shell:Creating package script '/mnt/c/Project/DSS_ROS2/dss_ros2_ws/install/dss_cruise_control/share/dss_cruise_control/package.sh'
[14.845s] INFO:colcon.colcon_core.shell:Creating package script '/mnt/c/Project/DSS_ROS2/dss_ros2_ws/install/dss_cruise_control/share/dss_cruise_control/package.bash'
[14.882s] INFO:colcon.colcon_core.shell:Creating package script '/mnt/c/Project/DSS_ROS2/dss_ros2_ws/install/dss_cruise_control/share/dss_cruise_control/package.zsh'
[14.910s] Level 1:colcon.colcon_core.environment:create_file_with_runtime_dependencies(/mnt/c/Project/DSS_ROS2/dss_ros2_ws/install/dss_cruise_control/share/colcon-core/packages/dss_cruise_control)
[27.614s] Level 1:colcon.colcon_core.environment:checking '/mnt/c/Project/DSS_ROS2/dss_ros2_ws/install/dss_bridge' for CMake module files
[27.626s] DEBUG:colcon.colcon_core.event_handler.log_command:Invoked command in '/mnt/c/Project/DSS_ROS2/dss_ros2_ws/src/dss-ros2-bridge/src/dss_bridge' returned '0': PYTHONPATH=/mnt/c/Project/DSS_ROS2/dss_ros2_ws/build/dss_bridge/prefix_override:/usr/lib/python3/dist-packages/colcon_core/task/python/colcon_distutils_commands:/mnt/c/Project/DSS_ROS2/dss_ros2_ws/install/dss_bridge/lib/python3.10/site-packages:${PYTHONPATH} /usr/bin/python3 -W ignore:setup.py install is deprecated -W ignore:easy_install command is deprecated setup.py egg_info --egg-base ../../../../build/dss_bridge build --build-base /mnt/c/Project/DSS_ROS2/dss_ros2_ws/build/dss_bridge/build install --record /mnt/c/Project/DSS_ROS2/dss_ros2_ws/build/dss_bridge/install.log --single-version-externally-managed install_data
[27.789s] Level 1:colcon.colcon_core.environment:checking '/mnt/c/Project/DSS_ROS2/dss_ros2_ws/install/dss_bridge' for CMake config files
[28.373s] Level 1:colcon.colcon_core.environment:checking '/mnt/c/Project/DSS_ROS2/dss_ros2_ws/install/dss_bridge/lib'
[28.388s] Level 1:colcon.colcon_core.environment:checking '/mnt/c/Project/DSS_ROS2/dss_ros2_ws/install/dss_bridge/bin'
[28.392s] Level 1:colcon.colcon_core.environment:checking '/mnt/c/Project/DSS_ROS2/dss_ros2_ws/install/dss_bridge/lib/pkgconfig/dss_bridge.pc'
[28.396s] Level 1:colcon.colcon_core.environment:checking '/mnt/c/Project/DSS_ROS2/dss_ros2_ws/install/dss_bridge/lib/python3.10/site-packages'
[28.405s] Level 1:colcon.colcon_core.shell:create_environment_hook('dss_bridge', 'pythonpath')
[28.408s] INFO:colcon.colcon_core.shell:Creating environment hook '/mnt/c/Project/DSS_ROS2/dss_ros2_ws/install/dss_bridge/share/dss_bridge/hook/pythonpath.ps1'
[28.480s] INFO:colcon.colcon_core.shell:Creating environment descriptor '/mnt/c/Project/DSS_ROS2/dss_ros2_ws/install/dss_bridge/share/dss_bridge/hook/pythonpath.dsv'
[28.526s] INFO:colcon.colcon_core.shell:Creating environment hook '/mnt/c/Project/DSS_ROS2/dss_ros2_ws/install/dss_bridge/share/dss_bridge/hook/pythonpath.sh'
[28.584s] Level 1:colcon.colcon_core.environment:checking '/mnt/c/Project/DSS_ROS2/dss_ros2_ws/install/dss_bridge/bin'
[28.590s] Level 1:colcon.colcon_core.environment:create_environment_scripts_only(dss_bridge)
[28.591s] INFO:colcon.colcon_core.shell:Creating package script '/mnt/c/Project/DSS_ROS2/dss_ros2_ws/install/dss_bridge/share/dss_bridge/package.ps1'
[28.627s] INFO:colcon.colcon_core.shell:Creating package descriptor '/mnt/c/Project/DSS_ROS2/dss_ros2_ws/install/dss_bridge/share/dss_bridge/package.dsv'
[28.672s] INFO:colcon.colcon_core.shell:Creating package script '/mnt/c/Project/DSS_ROS2/dss_ros2_ws/install/dss_bridge/share/dss_bridge/package.sh'
[28.707s] INFO:colcon.colcon_core.shell:Creating package script '/mnt/c/Project/DSS_ROS2/dss_ros2_ws/install/dss_bridge/share/dss_bridge/package.bash'
[28.747s] INFO:colcon.colcon_core.shell:Creating package script '/mnt/c/Project/DSS_ROS2/dss_ros2_ws/install/dss_bridge/share/dss_bridge/package.zsh'
[28.776s] Level 1:colcon.colcon_core.environment:create_file_with_runtime_dependencies(/mnt/c/Project/DSS_ROS2/dss_ros2_ws/install/dss_bridge/share/colcon-core/packages/dss_bridge)
[28.799s] DEBUG:colcon.colcon_parallel_executor.executor.parallel:closing loop
[28.799s] DEBUG:colcon.colcon_parallel_executor.executor.parallel:loop closed
[28.800s] DEBUG:colcon.colcon_parallel_executor.executor.parallel:run_until_complete finished with '0'
[28.800s] DEBUG:colcon.colcon_core.event_reactor:joining thread
[29.068s] INFO:colcon.colcon_core.plugin_system:Skipping extension 'colcon_notification.desktop_notification.notify_send': Could not find 'notify-send'
[29.068s] INFO:colcon.colcon_core.plugin_system:Skipping extension 'colcon_notification.desktop_notification.terminal_notifier': Not used on non-Darwin systems
[29.069s] INFO:colcon.colcon_core.plugin_system:Skipping extension 'colcon_notification.desktop_notification.win32': Not used on non-Windows systems
[29.069s] INFO:colcon.colcon_notification.desktop_notification:Sending desktop notification using 'notify2'
[29.070s] DEBUG:colcon.colcon_notification.desktop_notification.notify2:Failed to initialize notify2: org.freedesktop.DBus.Error.FileNotFound: Failed to connect to socket /run/user/1000/bus: No such file or directory
[29.071s] DEBUG:colcon.colcon_core.event_reactor:joined thread
[29.072s] INFO:colcon.colcon_core.shell:Creating prefix script '/mnt/c/Project/DSS_ROS2/dss_ros2_ws/install/local_setup.ps1'
[29.090s] INFO:colcon.colcon_core.shell:Creating prefix util module '/mnt/c/Project/DSS_ROS2/dss_ros2_ws/install/_local_setup_util_ps1.py'
[29.112s] INFO:colcon.colcon_core.shell:Creating prefix chain script '/mnt/c/Project/DSS_ROS2/dss_ros2_ws/install/setup.ps1'
[29.149s] INFO:colcon.colcon_core.shell:Creating prefix script '/mnt/c/Project/DSS_ROS2/dss_ros2_ws/install/local_setup.sh'
[29.165s] INFO:colcon.colcon_core.shell:Creating prefix util module '/mnt/c/Project/DSS_ROS2/dss_ros2_ws/install/_local_setup_util_sh.py'
[29.179s] INFO:colcon.colcon_core.shell:Creating prefix chain script '/mnt/c/Project/DSS_ROS2/dss_ros2_ws/install/setup.sh'
[29.236s] INFO:colcon.colcon_core.shell:Creating prefix script '/mnt/c/Project/DSS_ROS2/dss_ros2_ws/install/local_setup.bash'
[29.251s] INFO:colcon.colcon_core.shell:Creating prefix chain script '/mnt/c/Project/DSS_ROS2/dss_ros2_ws/install/setup.bash'
[29.295s] INFO:colcon.colcon_core.shell:Creating prefix script '/mnt/c/Project/DSS_ROS2/dss_ros2_ws/install/local_setup.zsh'
[29.310s] INFO:colcon.colcon_core.shell:Creating prefix chain script '/mnt/c/Project/DSS_ROS2/dss_ros2_ws/install/setup.zsh'
