[2.241s] Invoking command in '/mnt/c/Project/DSS_ROS2/dss_ros2_ws/build/dss_imu_steering_control': CMAKE_PREFIX_PATH=${CMAKE_PREFIX_PATH}:/mnt/c/Project/DSS_ROS2/dss_ros2_ws/install/dss_bridge:/opt/ros/humble /usr/bin/cmake /mnt/c/Project/DSS_ROS2/dss_ros2_ws/src/dss_imu_steering_control -DAMENT_CMAKE_SYMLINK_INSTALL=1 -DCMAKE_INSTALL_PREFIX=/mnt/c/Project/DSS_ROS2/dss_ros2_ws/install/dss_imu_steering_control
[3.332s] -- The C compiler identification is GNU 11.4.0
[5.644s] -- The CXX compiler identification is GNU 11.4.0
[7.384s] -- Detecting C compiler ABI info
[9.150s] -- Detecting C compiler ABI info - done
[9.236s] -- Check for working C compiler: /usr/bin/cc - skipped
[9.240s] -- Detecting C compile features
[9.243s] -- Detecting C compile features - done
[9.408s] -- Detecting CXX compiler ABI info
[11.146s] -- Detecting CXX compiler ABI info - done
[11.220s] -- Check for working CXX compiler: /usr/bin/c++ - skipped
[11.223s] -- Detecting CXX compile features
[11.228s] -- Detecting CXX compile features - done
[11.670s] -- Found ament_cmake: 1.3.12 (/opt/ros/humble/share/ament_cmake/cmake)
[14.299s] -- Found Python3: /usr/bin/python3 (found version "3.10.12") found components: Interpreter 
[15.182s] -- Override CMake install command with custom implementation using symlinks instead of copying resources
[19.319s] -- Found rclcpp: 16.0.14 (/opt/ros/humble/share/rclcpp/cmake)
[22.822s] -- Found rosidl_generator_c: 3.1.7 (/opt/ros/humble/share/rosidl_generator_c/cmake)
[23.391s] -- Found rosidl_adapter: 3.1.7 (/opt/ros/humble/share/rosidl_adapter/cmake)
[23.897s] -- Found rosidl_generator_cpp: 3.1.7 (/opt/ros/humble/share/rosidl_generator_cpp/cmake)
[24.440s] -- Using all available rosidl_typesupport_c: rosidl_typesupport_fastrtps_c;rosidl_typesupport_introspection_c
[25.492s] -- Using all available rosidl_typesupport_cpp: rosidl_typesupport_fastrtps_cpp;rosidl_typesupport_introspection_cpp
[28.363s] -- Found rmw_implementation_cmake: 6.1.2 (/opt/ros/humble/share/rmw_implementation_cmake/cmake)
[28.643s] -- Found rmw_fastrtps_cpp: 6.2.8 (/opt/ros/humble/share/rmw_fastrtps_cpp/cmake)
[34.824s] -- Found OpenSSL: /usr/lib/x86_64-linux-gnu/libcrypto.so (found version "3.0.2")  
[39.815s] -- Found FastRTPS: /opt/ros/humble/include  
[48.774s] -- Using RMW implementation 'rmw_fastrtps_cpp' as default
[49.760s] -- Looking for pthread.h
[51.191s] -- Looking for pthread.h - found
[51.222s] -- Performing Test CMAKE_HAVE_LIBC_PTHREAD
[52.652s] -- Performing Test CMAKE_HAVE_LIBC_PTHREAD - Success
[52.662s] -- Found Threads: TRUE  
[54.116s] -- Found sensor_msgs: 4.9.0 (/opt/ros/humble/share/sensor_msgs/cmake)
[54.838s] -- Found tf2: 0.25.16 (/opt/ros/humble/share/tf2/cmake)
[55.394s] -- Found tf2_geometry_msgs: 0.25.16 (/opt/ros/humble/share/tf2_geometry_msgs/cmake)
[56.666s] -- Found eigen3_cmake_module: 0.1.1 (/opt/ros/humble/share/eigen3_cmake_module/cmake)
[56.669s] -- Found Eigen3: TRUE (found version "3.4.0") 
[56.671s] -- Ensuring Eigen3 include directory is part of orocos-kdl CMake target
[64.175s] [31mCMake Error at CMakeLists.txt:16 (find_package):
[64.180s]   By not providing "Findnlohmann-json-dev.cmake" in CMAKE_MODULE_PATH this
[64.181s]   project has asked CMake to find a package configuration file provided by
[64.183s]   "nlohmann-json-dev", but CMake did not find one.
[64.185s] 
[64.187s]   Could not find a package configuration file provided by "nlohmann-json-dev"
[64.189s]   with any of the following names:
[64.191s] 
[64.194s]     nlohmann-json-devConfig.cmake
[64.196s]     nlohmann-json-dev-config.cmake
[64.202s] 
[64.208s]   Add the installation prefix of "nlohmann-json-dev" to CMAKE_PREFIX_PATH or
[64.211s]   set "nlohmann-json-dev_DIR" to a directory containing one of the above
[64.216s]   files.  If "nlohmann-json-dev" provides a separate development package or
[64.218s]   SDK, be sure it has been installed.
[64.220s] 
[64.224s] [0m
[64.227s] -- Configuring incomplete, errors occurred!
[64.230s] See also "/mnt/c/Project/DSS_ROS2/dss_ros2_ws/build/dss_imu_steering_control/CMakeFiles/CMakeOutput.log".
[64.231s] Invoked command in '/mnt/c/Project/DSS_ROS2/dss_ros2_ws/build/dss_imu_steering_control' returned '1': CMAKE_PREFIX_PATH=${CMAKE_PREFIX_PATH}:/mnt/c/Project/DSS_ROS2/dss_ros2_ws/install/dss_bridge:/opt/ros/humble /usr/bin/cmake /mnt/c/Project/DSS_ROS2/dss_ros2_ws/src/dss_imu_steering_control -DAMENT_CMAKE_SYMLINK_INSTALL=1 -DCMAKE_INSTALL_PREFIX=/mnt/c/Project/DSS_ROS2/dss_ros2_ws/install/dss_imu_steering_control
