[1.945s] Invoking command in '/mnt/c/Project/DSS_ROS2/dss_ros2_ws/build/dss_cruise_control': CMAKE_PREFIX_PATH=/mnt/c/Project/DSS_ROS2/dss_ros2_ws/install/dss_bridge:/opt/ros/humble /usr/bin/cmake /mnt/c/Project/DSS_ROS2/dss_ros2_ws/src/dss_cruise_control -DAMENT_CMAKE_SYMLINK_INSTALL=1 -DCMAKE_INSTALL_PREFIX=/mnt/c/Project/DSS_ROS2/dss_ros2_ws/install/dss_cruise_control
[2.914s] -- The C compiler identification is GNU 11.4.0
[4.861s] -- The CXX compiler identification is GNU 11.4.0
[6.276s] -- Detecting C compiler ABI info
[7.800s] -- Detecting C compiler ABI info - done
[7.870s] -- Check for working C compiler: /usr/bin/cc - skipped
[7.876s] -- Detecting C compile features
[7.879s] -- Detecting C compile features - done
[8.070s] -- Detecting CXX compiler ABI info
[9.825s] -- Detecting CXX compiler ABI info - done
[9.892s] -- Check for working CXX compiler: /usr/bin/c++ - skipped
[9.897s] -- Detecting CXX compile features
[9.900s] -- Detecting CXX compile features - done
[10.155s] -- Found ament_cmake: 1.3.12 (/opt/ros/humble/share/ament_cmake/cmake)
[11.846s] -- Found Python3: /usr/bin/python3 (found version "3.10.12") found components: Interpreter 
[12.792s] -- Override CMake install command with custom implementation using symlinks instead of copying resources
[14.186s] -- Found rclcpp: 16.0.14 (/opt/ros/humble/share/rclcpp/cmake)
[16.013s] -- Found rosidl_generator_c: 3.1.7 (/opt/ros/humble/share/rosidl_generator_c/cmake)
[16.259s] -- Found rosidl_adapter: 3.1.7 (/opt/ros/humble/share/rosidl_adapter/cmake)
[16.515s] -- Found rosidl_generator_cpp: 3.1.7 (/opt/ros/humble/share/rosidl_generator_cpp/cmake)
[16.796s] -- Using all available rosidl_typesupport_c: rosidl_typesupport_fastrtps_c;rosidl_typesupport_introspection_c
[17.188s] -- Using all available rosidl_typesupport_cpp: rosidl_typesupport_fastrtps_cpp;rosidl_typesupport_introspection_cpp
[18.624s] -- Found rmw_implementation_cmake: 6.1.2 (/opt/ros/humble/share/rmw_implementation_cmake/cmake)
[18.771s] -- Found rmw_fastrtps_cpp: 6.2.8 (/opt/ros/humble/share/rmw_fastrtps_cpp/cmake)
[23.817s] -- Found OpenSSL: /usr/lib/x86_64-linux-gnu/libcrypto.so (found version "3.0.2")  
[28.280s] -- Found FastRTPS: /opt/ros/humble/include  
[36.183s] -- Using RMW implementation 'rmw_fastrtps_cpp' as default
[36.654s] -- Looking for pthread.h
[37.962s] -- Looking for pthread.h - found
[37.992s] -- Performing Test CMAKE_HAVE_LIBC_PTHREAD
[39.309s] -- Performing Test CMAKE_HAVE_LIBC_PTHREAD - Success
[39.323s] -- Found Threads: TRUE  
[39.974s] -- Found nav_msgs: 4.9.0 (/opt/ros/humble/share/nav_msgs/cmake)
[43.959s] [31mCMake Error at CMakeLists.txt:16 (find_package):
[43.961s]   By not providing "Findnlohmann_json.cmake" in CMAKE_MODULE_PATH this
[43.968s]   project has asked CMake to find a package configuration file provided by
[43.971s]   "nlohmann_json", but CMake did not find one.
[43.974s] 
[43.976s]   Could not find a package configuration file provided by "nlohmann_json"
[43.981s]   with any of the following names:
[43.983s] 
[43.985s]     nlohmann_jsonConfig.cmake
[43.986s]     nlohmann_json-config.cmake
[43.988s] 
[43.990s]   Add the installation prefix of "nlohmann_json" to CMAKE_PREFIX_PATH or set
[43.992s]   "nlohmann_json_DIR" to a directory containing one of the above files.  If
[43.994s]   "nlohmann_json" provides a separate development package or SDK, be sure it
[43.995s]   has been installed.
[43.998s] 
[44.000s] [0m
[44.002s] -- Configuring incomplete, errors occurred!
[44.005s] See also "/mnt/c/Project/DSS_ROS2/dss_ros2_ws/build/dss_cruise_control/CMakeFiles/CMakeOutput.log".
[44.010s] Invoked command in '/mnt/c/Project/DSS_ROS2/dss_ros2_ws/build/dss_cruise_control' returned '1': CMAKE_PREFIX_PATH=/mnt/c/Project/DSS_ROS2/dss_ros2_ws/install/dss_bridge:/opt/ros/humble /usr/bin/cmake /mnt/c/Project/DSS_ROS2/dss_ros2_ws/src/dss_cruise_control -DAMENT_CMAKE_SYMLINK_INSTALL=1 -DCMAKE_INSTALL_PREFIX=/mnt/c/Project/DSS_ROS2/dss_ros2_ws/install/dss_cruise_control
