[3.025s] Invoking command in '/mnt/c/Project/DSS_ROS2/dss_ros2_ws/build/dss_cruise_control': CMAKE_PREFIX_PATH=${CMAKE_PREFIX_PATH}:/mnt/c/Project/DSS_ROS2/dss_ros2_ws/install/dss_bridge:/opt/ros/humble /usr/bin/cmake --build /mnt/c/Project/DSS_ROS2/dss_ros2_ws/build/dss_cruise_control -- -j16 -l16
[3.723s] [100%] Built target cruise_control_node
[3.774s] Invoked command in '/mnt/c/Project/DSS_ROS2/dss_ros2_ws/build/dss_cruise_control' returned '0': CMAKE_PREFIX_PATH=${CMAKE_PREFIX_PATH}:/mnt/c/Project/DSS_ROS2/dss_ros2_ws/install/dss_bridge:/opt/ros/humble /usr/bin/cmake --build /mnt/c/Project/DSS_ROS2/dss_ros2_ws/build/dss_cruise_control -- -j16 -l16
[3.888s] Invoking command in '/mnt/c/Project/DSS_ROS2/dss_ros2_ws/build/dss_cruise_control': CMAKE_PREFIX_PATH=${CMAKE_PREFIX_PATH}:/mnt/c/Project/DSS_ROS2/dss_ros2_ws/install/dss_bridge:/opt/ros/humble /usr/bin/cmake --install /mnt/c/Project/DSS_ROS2/dss_ros2_ws/build/dss_cruise_control
[3.900s] -- Install configuration: ""
[3.924s] -- Execute custom install script
[4.014s] -- Up-to-date symlink: /mnt/c/Project/DSS_ROS2/dss_ros2_ws/install/dss_cruise_control/lib/dss_cruise_control/cruise_control_node
[4.141s] -- Up-to-date symlink: /mnt/c/Project/DSS_ROS2/dss_ros2_ws/install/dss_cruise_control/share/dss_cruise_control//launch/cruise_control.launch.py
[4.282s] -- Up-to-date symlink: /mnt/c/Project/DSS_ROS2/dss_ros2_ws/install/dss_cruise_control/share/ament_index/resource_index/package_run_dependencies/dss_cruise_control
[4.429s] -- Up-to-date symlink: /mnt/c/Project/DSS_ROS2/dss_ros2_ws/install/dss_cruise_control/share/ament_index/resource_index/parent_prefix_path/dss_cruise_control
[4.482s] -- Up-to-date symlink: /mnt/c/Project/DSS_ROS2/dss_ros2_ws/install/dss_cruise_control/share/dss_cruise_control/environment/ament_prefix_path.sh
[4.545s] -- Up-to-date symlink: /mnt/c/Project/DSS_ROS2/dss_ros2_ws/install/dss_cruise_control/share/dss_cruise_control/environment/ament_prefix_path.dsv
[4.600s] -- Up-to-date symlink: /mnt/c/Project/DSS_ROS2/dss_ros2_ws/install/dss_cruise_control/share/dss_cruise_control/environment/path.sh
[4.670s] -- Up-to-date symlink: /mnt/c/Project/DSS_ROS2/dss_ros2_ws/install/dss_cruise_control/share/dss_cruise_control/environment/path.dsv
[4.716s] -- Up-to-date symlink: /mnt/c/Project/DSS_ROS2/dss_ros2_ws/install/dss_cruise_control/share/dss_cruise_control/local_setup.bash
[4.772s] -- Up-to-date symlink: /mnt/c/Project/DSS_ROS2/dss_ros2_ws/install/dss_cruise_control/share/dss_cruise_control/local_setup.sh
[4.819s] -- Up-to-date symlink: /mnt/c/Project/DSS_ROS2/dss_ros2_ws/install/dss_cruise_control/share/dss_cruise_control/local_setup.zsh
[4.913s] -- Up-to-date symlink: /mnt/c/Project/DSS_ROS2/dss_ros2_ws/install/dss_cruise_control/share/dss_cruise_control/local_setup.dsv
[4.964s] -- Symlinking: /mnt/c/Project/DSS_ROS2/dss_ros2_ws/install/dss_cruise_control/share/dss_cruise_control/package.dsv
[5.215s] -- Up-to-date symlink: /mnt/c/Project/DSS_ROS2/dss_ros2_ws/install/dss_cruise_control/share/ament_index/resource_index/packages/dss_cruise_control
[5.305s] -- Up-to-date symlink: /mnt/c/Project/DSS_ROS2/dss_ros2_ws/install/dss_cruise_control/share/dss_cruise_control/cmake/dss_cruise_controlConfig.cmake
[5.354s] -- Up-to-date symlink: /mnt/c/Project/DSS_ROS2/dss_ros2_ws/install/dss_cruise_control/share/dss_cruise_control/cmake/dss_cruise_controlConfig-version.cmake
[5.396s] -- Up-to-date symlink: /mnt/c/Project/DSS_ROS2/dss_ros2_ws/install/dss_cruise_control/share/dss_cruise_control/package.xml
[5.405s] Invoked command in '/mnt/c/Project/DSS_ROS2/dss_ros2_ws/build/dss_cruise_control' returned '0': CMAKE_PREFIX_PATH=${CMAKE_PREFIX_PATH}:/mnt/c/Project/DSS_ROS2/dss_ros2_ws/install/dss_bridge:/opt/ros/humble /usr/bin/cmake --install /mnt/c/Project/DSS_ROS2/dss_ros2_ws/build/dss_cruise_control
