[4.874s] Invoking command in '/mnt/c/Project/DSS_ROS2/dss_ros2_ws/build/dss_cruise_control': CMAKE_PREFIX_PATH=${CMAKE_PREFIX_PATH}:/mnt/c/Project/DSS_ROS2/dss_ros2_ws/install/dss_bridge:/opt/ros/humble /usr/bin/cmake --build /mnt/c/Project/DSS_ROS2/dss_ros2_ws/build/dss_cruise_control -- -j16 -l16
[5.691s] [100%] Built target cruise_control_node
[5.763s] Invoked command in '/mnt/c/Project/DSS_ROS2/dss_ros2_ws/build/dss_cruise_control' returned '0': CMAKE_PREFIX_PATH=${CMAKE_PREFIX_PATH}:/mnt/c/Project/DSS_ROS2/dss_ros2_ws/install/dss_bridge:/opt/ros/humble /usr/bin/cmake --build /mnt/c/Project/DSS_ROS2/dss_ros2_ws/build/dss_cruise_control -- -j16 -l16
[5.865s] Invoking command in '/mnt/c/Project/DSS_ROS2/dss_ros2_ws/build/dss_cruise_control': CMAKE_PREFIX_PATH=${CMAKE_PREFIX_PATH}:/mnt/c/Project/DSS_ROS2/dss_ros2_ws/install/dss_bridge:/opt/ros/humble /usr/bin/cmake --install /mnt/c/Project/DSS_ROS2/dss_ros2_ws/build/dss_cruise_control
[5.888s] -- Install configuration: ""
[5.943s] -- Execute custom install script
[6.054s] -- Up-to-date symlink: /mnt/c/Project/DSS_ROS2/dss_ros2_ws/install/dss_cruise_control/lib/dss_cruise_control/cruise_control_node
[6.231s] -- Up-to-date symlink: /mnt/c/Project/DSS_ROS2/dss_ros2_ws/install/dss_cruise_control/share/dss_cruise_control//launch/cruise_control.launch.py
[6.426s] -- Up-to-date symlink: /mnt/c/Project/DSS_ROS2/dss_ros2_ws/install/dss_cruise_control/share/ament_index/resource_index/package_run_dependencies/dss_cruise_control
[6.682s] -- Up-to-date symlink: /mnt/c/Project/DSS_ROS2/dss_ros2_ws/install/dss_cruise_control/share/ament_index/resource_index/parent_prefix_path/dss_cruise_control
[6.750s] -- Up-to-date symlink: /mnt/c/Project/DSS_ROS2/dss_ros2_ws/install/dss_cruise_control/share/dss_cruise_control/environment/ament_prefix_path.sh
[6.858s] -- Up-to-date symlink: /mnt/c/Project/DSS_ROS2/dss_ros2_ws/install/dss_cruise_control/share/dss_cruise_control/environment/ament_prefix_path.dsv
[6.942s] -- Up-to-date symlink: /mnt/c/Project/DSS_ROS2/dss_ros2_ws/install/dss_cruise_control/share/dss_cruise_control/environment/path.sh
[7.074s] -- Up-to-date symlink: /mnt/c/Project/DSS_ROS2/dss_ros2_ws/install/dss_cruise_control/share/dss_cruise_control/environment/path.dsv
[7.170s] -- Up-to-date symlink: /mnt/c/Project/DSS_ROS2/dss_ros2_ws/install/dss_cruise_control/share/dss_cruise_control/local_setup.bash
[7.266s] -- Up-to-date symlink: /mnt/c/Project/DSS_ROS2/dss_ros2_ws/install/dss_cruise_control/share/dss_cruise_control/local_setup.sh
[7.336s] -- Up-to-date symlink: /mnt/c/Project/DSS_ROS2/dss_ros2_ws/install/dss_cruise_control/share/dss_cruise_control/local_setup.zsh
[7.405s] -- Up-to-date symlink: /mnt/c/Project/DSS_ROS2/dss_ros2_ws/install/dss_cruise_control/share/dss_cruise_control/local_setup.dsv
[7.444s] -- Symlinking: /mnt/c/Project/DSS_ROS2/dss_ros2_ws/install/dss_cruise_control/share/dss_cruise_control/package.dsv
[7.817s] -- Up-to-date symlink: /mnt/c/Project/DSS_ROS2/dss_ros2_ws/install/dss_cruise_control/share/ament_index/resource_index/packages/dss_cruise_control
[7.966s] -- Up-to-date symlink: /mnt/c/Project/DSS_ROS2/dss_ros2_ws/install/dss_cruise_control/share/dss_cruise_control/cmake/dss_cruise_controlConfig.cmake
[8.068s] -- Up-to-date symlink: /mnt/c/Project/DSS_ROS2/dss_ros2_ws/install/dss_cruise_control/share/dss_cruise_control/cmake/dss_cruise_controlConfig-version.cmake
[8.146s] -- Up-to-date symlink: /mnt/c/Project/DSS_ROS2/dss_ros2_ws/install/dss_cruise_control/share/dss_cruise_control/package.xml
[8.162s] Invoked command in '/mnt/c/Project/DSS_ROS2/dss_ros2_ws/build/dss_cruise_control' returned '0': CMAKE_PREFIX_PATH=${CMAKE_PREFIX_PATH}:/mnt/c/Project/DSS_ROS2/dss_ros2_ws/install/dss_bridge:/opt/ros/humble /usr/bin/cmake --install /mnt/c/Project/DSS_ROS2/dss_ros2_ws/build/dss_cruise_control
