[1.379s] Invoking command in '/mnt/c/Project/DSS_ROS2/dss_ros2_ws/build/dss_imu_steering_control': CMAKE_PREFIX_PATH=${CMAKE_PREFIX_PATH}:/mnt/c/Project/DSS_ROS2/dss_ros2_ws/install/dss_bridge:/opt/ros/humble /usr/bin/cmake --build /mnt/c/Project/DSS_ROS2/dss_ros2_ws/build/dss_imu_steering_control -- -j16 -l16
[1.595s] [35m[1mConsolidate compiler generated dependencies of target imu_steering_control_node[0m
[2.350s] [ 50%] [32mBuilding CXX object CMakeFiles/imu_steering_control_node.dir/src/imu_steering_control_node.cpp.o[0m
[20.589s] [100%] [32m[1mLinking CXX executable imu_steering_control_node[0m
[26.598s] [100%] Built target imu_steering_control_node
[26.632s] Invoked command in '/mnt/c/Project/DSS_ROS2/dss_ros2_ws/build/dss_imu_steering_control' returned '0': CMAKE_PREFIX_PATH=${CMAKE_PREFIX_PATH}:/mnt/c/Project/DSS_ROS2/dss_ros2_ws/install/dss_bridge:/opt/ros/humble /usr/bin/cmake --build /mnt/c/Project/DSS_ROS2/dss_ros2_ws/build/dss_imu_steering_control -- -j16 -l16
[26.662s] Invoking command in '/mnt/c/Project/DSS_ROS2/dss_ros2_ws/build/dss_imu_steering_control': CMAKE_PREFIX_PATH=${CMAKE_PREFIX_PATH}:/mnt/c/Project/DSS_ROS2/dss_ros2_ws/install/dss_bridge:/opt/ros/humble /usr/bin/cmake --install /mnt/c/Project/DSS_ROS2/dss_ros2_ws/build/dss_imu_steering_control
[26.673s] -- Install configuration: ""
[26.686s] -- Execute custom install script
[26.715s] -- Up-to-date symlink: /mnt/c/Project/DSS_ROS2/dss_ros2_ws/install/dss_imu_steering_control/lib/dss_imu_steering_control/imu_steering_control_node
[26.776s] -- Up-to-date symlink: /mnt/c/Project/DSS_ROS2/dss_ros2_ws/install/dss_imu_steering_control/share/dss_imu_steering_control/ui/steering_control.ui
[26.818s] -- Up-to-date symlink: /mnt/c/Project/DSS_ROS2/dss_ros2_ws/install/dss_imu_steering_control/lib/dss_imu_steering_control/simple_steering_gui.py
[26.883s] -- Up-to-date symlink: /mnt/c/Project/DSS_ROS2/dss_ros2_ws/install/dss_imu_steering_control/share/ament_index/resource_index/package_run_dependencies/dss_imu_steering_control
[26.960s] -- Up-to-date symlink: /mnt/c/Project/DSS_ROS2/dss_ros2_ws/install/dss_imu_steering_control/share/ament_index/resource_index/parent_prefix_path/dss_imu_steering_control
[26.987s] -- Up-to-date symlink: /mnt/c/Project/DSS_ROS2/dss_ros2_ws/install/dss_imu_steering_control/share/dss_imu_steering_control/environment/ament_prefix_path.sh
[27.021s] -- Up-to-date symlink: /mnt/c/Project/DSS_ROS2/dss_ros2_ws/install/dss_imu_steering_control/share/dss_imu_steering_control/environment/ament_prefix_path.dsv
[27.050s] -- Up-to-date symlink: /mnt/c/Project/DSS_ROS2/dss_ros2_ws/install/dss_imu_steering_control/share/dss_imu_steering_control/environment/path.sh
[27.084s] -- Up-to-date symlink: /mnt/c/Project/DSS_ROS2/dss_ros2_ws/install/dss_imu_steering_control/share/dss_imu_steering_control/environment/path.dsv
[27.115s] -- Up-to-date symlink: /mnt/c/Project/DSS_ROS2/dss_ros2_ws/install/dss_imu_steering_control/share/dss_imu_steering_control/local_setup.bash
[27.145s] -- Up-to-date symlink: /mnt/c/Project/DSS_ROS2/dss_ros2_ws/install/dss_imu_steering_control/share/dss_imu_steering_control/local_setup.sh
[27.176s] -- Up-to-date symlink: /mnt/c/Project/DSS_ROS2/dss_ros2_ws/install/dss_imu_steering_control/share/dss_imu_steering_control/local_setup.zsh
[27.207s] -- Up-to-date symlink: /mnt/c/Project/DSS_ROS2/dss_ros2_ws/install/dss_imu_steering_control/share/dss_imu_steering_control/local_setup.dsv
[27.220s] -- Symlinking: /mnt/c/Project/DSS_ROS2/dss_ros2_ws/install/dss_imu_steering_control/share/dss_imu_steering_control/package.dsv
[27.328s] -- Up-to-date symlink: /mnt/c/Project/DSS_ROS2/dss_ros2_ws/install/dss_imu_steering_control/share/ament_index/resource_index/packages/dss_imu_steering_control
[27.361s] -- Up-to-date symlink: /mnt/c/Project/DSS_ROS2/dss_ros2_ws/install/dss_imu_steering_control/share/dss_imu_steering_control/cmake/dss_imu_steering_controlConfig.cmake
[27.391s] -- Up-to-date symlink: /mnt/c/Project/DSS_ROS2/dss_ros2_ws/install/dss_imu_steering_control/share/dss_imu_steering_control/cmake/dss_imu_steering_controlConfig-version.cmake
[27.426s] -- Up-to-date symlink: /mnt/c/Project/DSS_ROS2/dss_ros2_ws/install/dss_imu_steering_control/share/dss_imu_steering_control/package.xml
[27.432s] Invoked command in '/mnt/c/Project/DSS_ROS2/dss_ros2_ws/build/dss_imu_steering_control' returned '0': CMAKE_PREFIX_PATH=${CMAKE_PREFIX_PATH}:/mnt/c/Project/DSS_ROS2/dss_ros2_ws/install/dss_bridge:/opt/ros/humble /usr/bin/cmake --install /mnt/c/Project/DSS_ROS2/dss_ros2_ws/build/dss_imu_steering_control
