[3.213s] Invoking command in '/mnt/c/Project/DSS_ROS2/dss_ros2_ws/build/dss_bridge': PYTHONPATH=/mnt/c/Project/DSS_ROS2/dss_ros2_ws/build/dss_bridge/prefix_override:/usr/lib/python3/dist-packages/colcon_core/task/python/colcon_distutils_commands:/mnt/c/Project/DSS_ROS2/dss_ros2_ws/install/dss_bridge/lib/python3.10/site-packages:${PYTHONPATH} /usr/bin/python3 -W ignore:setup.py install is deprecated -W ignore:easy_install command is deprecated setup.py develop --editable --build-directory /mnt/c/Project/DSS_ROS2/dss_ros2_ws/build/dss_bridge/build --no-deps symlink_data --force
[4.150s] running develop
[4.400s] running egg_info
[4.402s] writing dss_bridge.egg-info/PKG-INFO
[4.406s] writing dependency_links to dss_bridge.egg-info/dependency_links.txt
[4.410s] writing entry points to dss_bridge.egg-info/entry_points.txt
[4.413s] writing requirements to dss_bridge.egg-info/requires.txt
[4.415s] writing top-level names to dss_bridge.egg-info/top_level.txt
[4.718s] reading manifest file 'dss_bridge.egg-info/SOURCES.txt'
[5.120s] writing manifest file 'dss_bridge.egg-info/SOURCES.txt'
[5.135s] running build_ext
[5.135s] Creating /mnt/c/Project/DSS_ROS2/dss_ros2_ws/install/dss_bridge/lib/python3.10/site-packages/dss-bridge.egg-link (link to .)
[5.155s] Installing dss_bridge_node script to /mnt/c/Project/DSS_ROS2/dss_ros2_ws/install/dss_bridge/lib/dss_bridge
[5.173s] Installing dss_car_control_node script to /mnt/c/Project/DSS_ROS2/dss_ros2_ws/install/dss_bridge/lib/dss_bridge
[5.187s] 
[5.188s] Installed /mnt/c/Project/DSS_ROS2/dss_ros2_ws/build/dss_bridge
[5.189s] running symlink_data
[5.204s] symbolically linking /mnt/c/Project/DSS_ROS2/dss_ros2_ws/build/dss_bridge/resource/dss_bridge -> /mnt/c/Project/DSS_ROS2/dss_ros2_ws/install/dss_bridge/share/ament_index/resource_index/packages
[5.215s] symbolically linking /mnt/c/Project/DSS_ROS2/dss_ros2_ws/build/dss_bridge/package.xml -> /mnt/c/Project/DSS_ROS2/dss_ros2_ws/install/dss_bridge/share/dss_bridge
[5.239s] Invoked command in '/mnt/c/Project/DSS_ROS2/dss_ros2_ws/build/dss_bridge' returned '0': PYTHONPATH=/mnt/c/Project/DSS_ROS2/dss_ros2_ws/build/dss_bridge/prefix_override:/usr/lib/python3/dist-packages/colcon_core/task/python/colcon_distutils_commands:/mnt/c/Project/DSS_ROS2/dss_ros2_ws/install/dss_bridge/lib/python3.10/site-packages:${PYTHONPATH} /usr/bin/python3 -W ignore:setup.py install is deprecated -W ignore:easy_install command is deprecated setup.py develop --editable --build-directory /mnt/c/Project/DSS_ROS2/dss_ros2_ws/build/dss_bridge/build --no-deps symlink_data --force
