[2.842s] Invoking command in '/mnt/c/Project/DSS_ROS2/dss_ros2_ws/build/dss_imu_steering_control': CMAKE_PREFIX_PATH=${CMAKE_PREFIX_PATH}:/mnt/c/Project/DSS_ROS2/dss_ros2_ws/install/dss_bridge:/opt/ros/humble /usr/bin/cmake --build /mnt/c/Project/DSS_ROS2/dss_ros2_ws/build/dss_imu_steering_control -- -j16 -l16
[3.291s] -- Found ament_cmake: 1.3.12 (/opt/ros/humble/share/ament_cmake/cmake)
[4.715s] -- Override CMake install command with custom implementation using symlinks instead of copying resources
[5.007s] -- Found rclcpp: 16.0.14 (/opt/ros/humble/share/rclcpp/cmake)
[5.453s] -- Found rosidl_generator_c: 3.1.7 (/opt/ros/humble/share/rosidl_generator_c/cmake)
[5.458s] -- Found rosidl_adapter: 3.1.7 (/opt/ros/humble/share/rosidl_adapter/cmake)
[5.466s] -- Found rosidl_generator_cpp: 3.1.7 (/opt/ros/humble/share/rosidl_generator_cpp/cmake)
[5.496s] -- Using all available rosidl_typesupport_c: rosidl_typesupport_fastrtps_c;rosidl_typesupport_introspection_c
[5.531s] -- Using all available rosidl_typesupport_cpp: rosidl_typesupport_fastrtps_cpp;rosidl_typesupport_introspection_cpp
[5.655s] -- Found rmw_implementation_cmake: 6.1.2 (/opt/ros/humble/share/rmw_implementation_cmake/cmake)
[5.656s] -- Found rmw_fastrtps_cpp: 6.2.8 (/opt/ros/humble/share/rmw_fastrtps_cpp/cmake)
[24.643s] -- Using RMW implementation 'rmw_fastrtps_cpp' as default
[24.993s] -- Found nav_msgs: 4.9.0 (/opt/ros/humble/share/nav_msgs/cmake)
[25.028s] -- Found nlohmann_json: /usr/lib/cmake/nlohmann_json/nlohmann_jsonConfig.cmake (found version "3.10.5") 
[25.129s] -- Found ament_lint_auto: 0.12.14 (/opt/ros/humble/share/ament_lint_auto/cmake)
[25.607s] [31mCMake Error at /opt/ros/humble/share/ament_cmake_core/cmake/core/ament_package_xml.cmake:53 (message):
[25.609s]   ament_package_xml() package name 'dss_imu_steering_control' in
[25.616s]   '/package.xml' does not match current PROJECT_NAME 'dss_cruise_control'.
[25.621s]   You must call project() with the same package name before.
[25.623s] Call Stack (most recent call first):
[25.625s]   /opt/ros/humble/share/ament_lint_auto/cmake/ament_lint_auto_find_test_dependencies.cmake:31 (ament_package_xml)
[25.627s]   CMakeLists.txt:53 (ament_lint_auto_find_test_dependencies)
[25.631s] 
[25.634s] [0m
[25.635s] -- Configuring incomplete, errors occurred!
[25.637s] See also "/mnt/c/Project/DSS_ROS2/dss_ros2_ws/build/dss_imu_steering_control/CMakeFiles/CMakeOutput.log".
[25.652s] gmake: *** [Makefile:226: cmake_check_build_system] Error 1
[25.654s] Invoked command in '/mnt/c/Project/DSS_ROS2/dss_ros2_ws/build/dss_imu_steering_control' returned '2': CMAKE_PREFIX_PATH=${CMAKE_PREFIX_PATH}:/mnt/c/Project/DSS_ROS2/dss_ros2_ws/install/dss_bridge:/opt/ros/humble /usr/bin/cmake --build /mnt/c/Project/DSS_ROS2/dss_ros2_ws/build/dss_imu_steering_control -- -j16 -l16
