[2.679s] Invoking command in '/mnt/c/Project/DSS_ROS2/dss_ros2_ws/build/dss_bridge': PYTHONPATH=/mnt/c/Project/DSS_ROS2/dss_ros2_ws/build/dss_bridge/prefix_override:/usr/lib/python3/dist-packages/colcon_core/task/python/colcon_distutils_commands:/mnt/c/Project/DSS_ROS2/dss_ros2_ws/install/dss_bridge/lib/python3.10/site-packages:${PYTHONPATH} /usr/bin/python3 -W ignore:setup.py install is deprecated -W ignore:easy_install command is deprecated setup.py develop --editable --build-directory /mnt/c/Project/DSS_ROS2/dss_ros2_ws/build/dss_bridge/build --no-deps symlink_data
[3.281s] running develop
[3.420s] running egg_info
[3.422s] creating dss_bridge.egg-info
[3.423s] writing dss_bridge.egg-info/PKG-INFO
[3.427s] writing dependency_links to dss_bridge.egg-info/dependency_links.txt
[3.431s] writing entry points to dss_bridge.egg-info/entry_points.txt
[3.433s] writing requirements to dss_bridge.egg-info/requires.txt
[3.435s] writing top-level names to dss_bridge.egg-info/top_level.txt
[3.438s] writing manifest file 'dss_bridge.egg-info/SOURCES.txt'
[3.626s] reading manifest file 'dss_bridge.egg-info/SOURCES.txt'
[3.774s] writing manifest file 'dss_bridge.egg-info/SOURCES.txt'
[3.783s] running build_ext
[3.786s] Creating /mnt/c/Project/DSS_ROS2/dss_ros2_ws/install/dss_bridge/lib/python3.10/site-packages/dss-bridge.egg-link (link to .)
[3.798s] Installing dss_bridge_node script to /mnt/c/Project/DSS_ROS2/dss_ros2_ws/install/dss_bridge/lib/dss_bridge
[3.806s] Installing dss_car_control_node script to /mnt/c/Project/DSS_ROS2/dss_ros2_ws/install/dss_bridge/lib/dss_bridge
[3.822s] 
[3.823s] Installed /mnt/c/Project/DSS_ROS2/dss_ros2_ws/build/dss_bridge
[3.825s] running symlink_data
[3.830s] creating /mnt/c/Project/DSS_ROS2/dss_ros2_ws/install/dss_bridge/share/ament_index
[3.832s] creating /mnt/c/Project/DSS_ROS2/dss_ros2_ws/install/dss_bridge/share/ament_index/resource_index
[3.834s] creating /mnt/c/Project/DSS_ROS2/dss_ros2_ws/install/dss_bridge/share/ament_index/resource_index/packages
[3.844s] symbolically linking /mnt/c/Project/DSS_ROS2/dss_ros2_ws/build/dss_bridge/resource/dss_bridge -> /mnt/c/Project/DSS_ROS2/dss_ros2_ws/install/dss_bridge/share/ament_index/resource_index/packages
[3.852s] symbolically linking /mnt/c/Project/DSS_ROS2/dss_ros2_ws/build/dss_bridge/package.xml -> /mnt/c/Project/DSS_ROS2/dss_ros2_ws/install/dss_bridge/share/dss_bridge
[3.870s] Invoked command in '/mnt/c/Project/DSS_ROS2/dss_ros2_ws/build/dss_bridge' returned '0': PYTHONPATH=/mnt/c/Project/DSS_ROS2/dss_ros2_ws/build/dss_bridge/prefix_override:/usr/lib/python3/dist-packages/colcon_core/task/python/colcon_distutils_commands:/mnt/c/Project/DSS_ROS2/dss_ros2_ws/install/dss_bridge/lib/python3.10/site-packages:${PYTHONPATH} /usr/bin/python3 -W ignore:setup.py install is deprecated -W ignore:easy_install command is deprecated setup.py develop --editable --build-directory /mnt/c/Project/DSS_ROS2/dss_ros2_ws/build/dss_bridge/build --no-deps symlink_data
