/mnt/c/Project/DSS_ROS2/dss_ros2_ws/install/dss_bridge/lib/python3.10/site-packages/dss_bridge/dss_bridge_node.py
/mnt/c/Project/DSS_ROS2/dss_ros2_ws/install/dss_bridge/lib/python3.10/site-packages/dss_bridge/dss_car_control_node.py
/mnt/c/Project/DSS_ROS2/dss_ros2_ws/install/dss_bridge/lib/python3.10/site-packages/dss_bridge/__init__.py
/mnt/c/Project/DSS_ROS2/dss_ros2_ws/install/dss_bridge/lib/python3.10/site-packages/dss_bridge/dss_sdk/__init__.py
/mnt/c/Project/DSS_ROS2/dss_ros2_ws/install/dss_bridge/lib/python3.10/site-packages/dss_bridge/dss_sdk/config/sdk_config.py
/mnt/c/Project/DSS_ROS2/dss_ros2_ws/install/dss_bridge/lib/python3.10/site-packages/dss_bridge/dss_sdk/config/__init__.py
/mnt/c/Project/DSS_ROS2/dss_ros2_ws/install/dss_bridge/lib/python3.10/site-packages/dss_bridge/dss_sdk/core/idsssdk.py
/mnt/c/Project/DSS_ROS2/dss_ros2_ws/install/dss_bridge/lib/python3.10/site-packages/dss_bridge/dss_sdk/core/osi_manager.py
/mnt/c/Project/DSS_ROS2/dss_ros2_ws/install/dss_bridge/lib/python3.10/site-packages/dss_bridge/dss_sdk/core/sim_control_sender.py
/mnt/c/Project/DSS_ROS2/dss_ros2_ws/install/dss_bridge/lib/python3.10/site-packages/dss_bridge/dss_sdk/core/__init__.py
/mnt/c/Project/DSS_ROS2/dss_ros2_ws/install/dss_bridge/lib/python3.10/site-packages/dss_bridge/dss_sdk/osi3/osi_common_pb2.py
/mnt/c/Project/DSS_ROS2/dss_ros2_ws/install/dss_bridge/lib/python3.10/site-packages/dss_bridge/dss_sdk/osi3/osi_datarecording_pb2.py
/mnt/c/Project/DSS_ROS2/dss_ros2_ws/install/dss_bridge/lib/python3.10/site-packages/dss_bridge/dss_sdk/osi3/osi_detectedlane_pb2.py
/mnt/c/Project/DSS_ROS2/dss_ros2_ws/install/dss_bridge/lib/python3.10/site-packages/dss_bridge/dss_sdk/osi3/osi_detectedobject_pb2.py
/mnt/c/Project/DSS_ROS2/dss_ros2_ws/install/dss_bridge/lib/python3.10/site-packages/dss_bridge/dss_sdk/osi3/osi_detectedoccupant_pb2.py
/mnt/c/Project/DSS_ROS2/dss_ros2_ws/install/dss_bridge/lib/python3.10/site-packages/dss_bridge/dss_sdk/osi3/osi_detectedroadmarking_pb2.py
/mnt/c/Project/DSS_ROS2/dss_ros2_ws/install/dss_bridge/lib/python3.10/site-packages/dss_bridge/dss_sdk/osi3/osi_detectedtrafficlight_pb2.py
/mnt/c/Project/DSS_ROS2/dss_ros2_ws/install/dss_bridge/lib/python3.10/site-packages/dss_bridge/dss_sdk/osi3/osi_detectedtrafficsign_pb2.py
/mnt/c/Project/DSS_ROS2/dss_ros2_ws/install/dss_bridge/lib/python3.10/site-packages/dss_bridge/dss_sdk/osi3/osi_environment_pb2.py
/mnt/c/Project/DSS_ROS2/dss_ros2_ws/install/dss_bridge/lib/python3.10/site-packages/dss_bridge/dss_sdk/osi3/osi_featuredata_pb2.py
/mnt/c/Project/DSS_ROS2/dss_ros2_ws/install/dss_bridge/lib/python3.10/site-packages/dss_bridge/dss_sdk/osi3/osi_groundtruth_pb2.py
/mnt/c/Project/DSS_ROS2/dss_ros2_ws/install/dss_bridge/lib/python3.10/site-packages/dss_bridge/dss_sdk/osi3/osi_hostvehicledata_pb2.py
/mnt/c/Project/DSS_ROS2/dss_ros2_ws/install/dss_bridge/lib/python3.10/site-packages/dss_bridge/dss_sdk/osi3/osi_lane_pb2.py
/mnt/c/Project/DSS_ROS2/dss_ros2_ws/install/dss_bridge/lib/python3.10/site-packages/dss_bridge/dss_sdk/osi3/osi_logicaldetectiondata_pb2.py
/mnt/c/Project/DSS_ROS2/dss_ros2_ws/install/dss_bridge/lib/python3.10/site-packages/dss_bridge/dss_sdk/osi3/osi_logicallane_pb2.py
/mnt/c/Project/DSS_ROS2/dss_ros2_ws/install/dss_bridge/lib/python3.10/site-packages/dss_bridge/dss_sdk/osi3/osi_object_pb2.py
/mnt/c/Project/DSS_ROS2/dss_ros2_ws/install/dss_bridge/lib/python3.10/site-packages/dss_bridge/dss_sdk/osi3/osi_occupant_pb2.py
/mnt/c/Project/DSS_ROS2/dss_ros2_ws/install/dss_bridge/lib/python3.10/site-packages/dss_bridge/dss_sdk/osi3/osi_referenceline_pb2.py
/mnt/c/Project/DSS_ROS2/dss_ros2_ws/install/dss_bridge/lib/python3.10/site-packages/dss_bridge/dss_sdk/osi3/osi_roadmarking_pb2.py
/mnt/c/Project/DSS_ROS2/dss_ros2_ws/install/dss_bridge/lib/python3.10/site-packages/dss_bridge/dss_sdk/osi3/osi_sensordata_pb2.py
/mnt/c/Project/DSS_ROS2/dss_ros2_ws/install/dss_bridge/lib/python3.10/site-packages/dss_bridge/dss_sdk/osi3/osi_sensorspecific_pb2.py
/mnt/c/Project/DSS_ROS2/dss_ros2_ws/install/dss_bridge/lib/python3.10/site-packages/dss_bridge/dss_sdk/osi3/osi_sensorviewconfiguration_pb2.py
/mnt/c/Project/DSS_ROS2/dss_ros2_ws/install/dss_bridge/lib/python3.10/site-packages/dss_bridge/dss_sdk/osi3/osi_sensorview_pb2.py
/mnt/c/Project/DSS_ROS2/dss_ros2_ws/install/dss_bridge/lib/python3.10/site-packages/dss_bridge/dss_sdk/osi3/osi_trafficcommandupdate_pb2.py
/mnt/c/Project/DSS_ROS2/dss_ros2_ws/install/dss_bridge/lib/python3.10/site-packages/dss_bridge/dss_sdk/osi3/osi_trafficcommand_pb2.py
/mnt/c/Project/DSS_ROS2/dss_ros2_ws/install/dss_bridge/lib/python3.10/site-packages/dss_bridge/dss_sdk/osi3/osi_trafficlight_pb2.py
/mnt/c/Project/DSS_ROS2/dss_ros2_ws/install/dss_bridge/lib/python3.10/site-packages/dss_bridge/dss_sdk/osi3/osi_trafficsign_pb2.py
/mnt/c/Project/DSS_ROS2/dss_ros2_ws/install/dss_bridge/lib/python3.10/site-packages/dss_bridge/dss_sdk/osi3/osi_trafficupdate_pb2.py
/mnt/c/Project/DSS_ROS2/dss_ros2_ws/install/dss_bridge/lib/python3.10/site-packages/dss_bridge/dss_sdk/osi3/osi_version_pb2.py
/mnt/c/Project/DSS_ROS2/dss_ros2_ws/install/dss_bridge/lib/python3.10/site-packages/dss_bridge/dss_sdk/osi3/__init__.py
/mnt/c/Project/DSS_ROS2/dss_ros2_ws/install/dss_bridge/lib/python3.10/site-packages/dss_bridge/dss_sdk/protobuf/dss_pb2.py
/mnt/c/Project/DSS_ROS2/dss_ros2_ws/install/dss_bridge/lib/python3.10/site-packages/dss_bridge/dss_sdk/protobuf/__init__.py
/mnt/c/Project/DSS_ROS2/dss_ros2_ws/install/dss_bridge/lib/python3.10/site-packages/dss_bridge/dss_sdk/utils/formatter.py
/mnt/c/Project/DSS_ROS2/dss_ros2_ws/install/dss_bridge/lib/python3.10/site-packages/dss_bridge/dss_sdk/utils/logger.py
/mnt/c/Project/DSS_ROS2/dss_ros2_ws/install/dss_bridge/lib/python3.10/site-packages/dss_bridge/dss_sdk/utils/__init__.py
/mnt/c/Project/DSS_ROS2/dss_ros2_ws/install/dss_bridge/lib/python3.10/site-packages/dss_bridge/__pycache__/dss_bridge_node.cpython-310.pyc
/mnt/c/Project/DSS_ROS2/dss_ros2_ws/install/dss_bridge/lib/python3.10/site-packages/dss_bridge/__pycache__/dss_car_control_node.cpython-310.pyc
/mnt/c/Project/DSS_ROS2/dss_ros2_ws/install/dss_bridge/lib/python3.10/site-packages/dss_bridge/__pycache__/__init__.cpython-310.pyc
/mnt/c/Project/DSS_ROS2/dss_ros2_ws/install/dss_bridge/lib/python3.10/site-packages/dss_bridge/dss_sdk/__pycache__/__init__.cpython-310.pyc
/mnt/c/Project/DSS_ROS2/dss_ros2_ws/install/dss_bridge/lib/python3.10/site-packages/dss_bridge/dss_sdk/config/__pycache__/sdk_config.cpython-310.pyc
/mnt/c/Project/DSS_ROS2/dss_ros2_ws/install/dss_bridge/lib/python3.10/site-packages/dss_bridge/dss_sdk/config/__pycache__/__init__.cpython-310.pyc
/mnt/c/Project/DSS_ROS2/dss_ros2_ws/install/dss_bridge/lib/python3.10/site-packages/dss_bridge/dss_sdk/core/__pycache__/idsssdk.cpython-310.pyc
/mnt/c/Project/DSS_ROS2/dss_ros2_ws/install/dss_bridge/lib/python3.10/site-packages/dss_bridge/dss_sdk/core/__pycache__/osi_manager.cpython-310.pyc
/mnt/c/Project/DSS_ROS2/dss_ros2_ws/install/dss_bridge/lib/python3.10/site-packages/dss_bridge/dss_sdk/core/__pycache__/sim_control_sender.cpython-310.pyc
/mnt/c/Project/DSS_ROS2/dss_ros2_ws/install/dss_bridge/lib/python3.10/site-packages/dss_bridge/dss_sdk/core/__pycache__/__init__.cpython-310.pyc
/mnt/c/Project/DSS_ROS2/dss_ros2_ws/install/dss_bridge/lib/python3.10/site-packages/dss_bridge/dss_sdk/osi3/__pycache__/osi_common_pb2.cpython-310.pyc
/mnt/c/Project/DSS_ROS2/dss_ros2_ws/install/dss_bridge/lib/python3.10/site-packages/dss_bridge/dss_sdk/osi3/__pycache__/osi_datarecording_pb2.cpython-310.pyc
/mnt/c/Project/DSS_ROS2/dss_ros2_ws/install/dss_bridge/lib/python3.10/site-packages/dss_bridge/dss_sdk/osi3/__pycache__/osi_detectedlane_pb2.cpython-310.pyc
/mnt/c/Project/DSS_ROS2/dss_ros2_ws/install/dss_bridge/lib/python3.10/site-packages/dss_bridge/dss_sdk/osi3/__pycache__/osi_detectedobject_pb2.cpython-310.pyc
/mnt/c/Project/DSS_ROS2/dss_ros2_ws/install/dss_bridge/lib/python3.10/site-packages/dss_bridge/dss_sdk/osi3/__pycache__/osi_detectedoccupant_pb2.cpython-310.pyc
/mnt/c/Project/DSS_ROS2/dss_ros2_ws/install/dss_bridge/lib/python3.10/site-packages/dss_bridge/dss_sdk/osi3/__pycache__/osi_detectedroadmarking_pb2.cpython-310.pyc
/mnt/c/Project/DSS_ROS2/dss_ros2_ws/install/dss_bridge/lib/python3.10/site-packages/dss_bridge/dss_sdk/osi3/__pycache__/osi_detectedtrafficlight_pb2.cpython-310.pyc
/mnt/c/Project/DSS_ROS2/dss_ros2_ws/install/dss_bridge/lib/python3.10/site-packages/dss_bridge/dss_sdk/osi3/__pycache__/osi_detectedtrafficsign_pb2.cpython-310.pyc
/mnt/c/Project/DSS_ROS2/dss_ros2_ws/install/dss_bridge/lib/python3.10/site-packages/dss_bridge/dss_sdk/osi3/__pycache__/osi_environment_pb2.cpython-310.pyc
/mnt/c/Project/DSS_ROS2/dss_ros2_ws/install/dss_bridge/lib/python3.10/site-packages/dss_bridge/dss_sdk/osi3/__pycache__/osi_featuredata_pb2.cpython-310.pyc
/mnt/c/Project/DSS_ROS2/dss_ros2_ws/install/dss_bridge/lib/python3.10/site-packages/dss_bridge/dss_sdk/osi3/__pycache__/osi_groundtruth_pb2.cpython-310.pyc
/mnt/c/Project/DSS_ROS2/dss_ros2_ws/install/dss_bridge/lib/python3.10/site-packages/dss_bridge/dss_sdk/osi3/__pycache__/osi_hostvehicledata_pb2.cpython-310.pyc
/mnt/c/Project/DSS_ROS2/dss_ros2_ws/install/dss_bridge/lib/python3.10/site-packages/dss_bridge/dss_sdk/osi3/__pycache__/osi_lane_pb2.cpython-310.pyc
/mnt/c/Project/DSS_ROS2/dss_ros2_ws/install/dss_bridge/lib/python3.10/site-packages/dss_bridge/dss_sdk/osi3/__pycache__/osi_logicaldetectiondata_pb2.cpython-310.pyc
/mnt/c/Project/DSS_ROS2/dss_ros2_ws/install/dss_bridge/lib/python3.10/site-packages/dss_bridge/dss_sdk/osi3/__pycache__/osi_logicallane_pb2.cpython-310.pyc
/mnt/c/Project/DSS_ROS2/dss_ros2_ws/install/dss_bridge/lib/python3.10/site-packages/dss_bridge/dss_sdk/osi3/__pycache__/osi_object_pb2.cpython-310.pyc
/mnt/c/Project/DSS_ROS2/dss_ros2_ws/install/dss_bridge/lib/python3.10/site-packages/dss_bridge/dss_sdk/osi3/__pycache__/osi_occupant_pb2.cpython-310.pyc
/mnt/c/Project/DSS_ROS2/dss_ros2_ws/install/dss_bridge/lib/python3.10/site-packages/dss_bridge/dss_sdk/osi3/__pycache__/osi_referenceline_pb2.cpython-310.pyc
/mnt/c/Project/DSS_ROS2/dss_ros2_ws/install/dss_bridge/lib/python3.10/site-packages/dss_bridge/dss_sdk/osi3/__pycache__/osi_roadmarking_pb2.cpython-310.pyc
/mnt/c/Project/DSS_ROS2/dss_ros2_ws/install/dss_bridge/lib/python3.10/site-packages/dss_bridge/dss_sdk/osi3/__pycache__/osi_sensordata_pb2.cpython-310.pyc
/mnt/c/Project/DSS_ROS2/dss_ros2_ws/install/dss_bridge/lib/python3.10/site-packages/dss_bridge/dss_sdk/osi3/__pycache__/osi_sensorspecific_pb2.cpython-310.pyc
/mnt/c/Project/DSS_ROS2/dss_ros2_ws/install/dss_bridge/lib/python3.10/site-packages/dss_bridge/dss_sdk/osi3/__pycache__/osi_sensorviewconfiguration_pb2.cpython-310.pyc
/mnt/c/Project/DSS_ROS2/dss_ros2_ws/install/dss_bridge/lib/python3.10/site-packages/dss_bridge/dss_sdk/osi3/__pycache__/osi_sensorview_pb2.cpython-310.pyc
/mnt/c/Project/DSS_ROS2/dss_ros2_ws/install/dss_bridge/lib/python3.10/site-packages/dss_bridge/dss_sdk/osi3/__pycache__/osi_trafficcommandupdate_pb2.cpython-310.pyc
/mnt/c/Project/DSS_ROS2/dss_ros2_ws/install/dss_bridge/lib/python3.10/site-packages/dss_bridge/dss_sdk/osi3/__pycache__/osi_trafficcommand_pb2.cpython-310.pyc
/mnt/c/Project/DSS_ROS2/dss_ros2_ws/install/dss_bridge/lib/python3.10/site-packages/dss_bridge/dss_sdk/osi3/__pycache__/osi_trafficlight_pb2.cpython-310.pyc
/mnt/c/Project/DSS_ROS2/dss_ros2_ws/install/dss_bridge/lib/python3.10/site-packages/dss_bridge/dss_sdk/osi3/__pycache__/osi_trafficsign_pb2.cpython-310.pyc
/mnt/c/Project/DSS_ROS2/dss_ros2_ws/install/dss_bridge/lib/python3.10/site-packages/dss_bridge/dss_sdk/osi3/__pycache__/osi_trafficupdate_pb2.cpython-310.pyc
/mnt/c/Project/DSS_ROS2/dss_ros2_ws/install/dss_bridge/lib/python3.10/site-packages/dss_bridge/dss_sdk/osi3/__pycache__/osi_version_pb2.cpython-310.pyc
/mnt/c/Project/DSS_ROS2/dss_ros2_ws/install/dss_bridge/lib/python3.10/site-packages/dss_bridge/dss_sdk/osi3/__pycache__/__init__.cpython-310.pyc
/mnt/c/Project/DSS_ROS2/dss_ros2_ws/install/dss_bridge/lib/python3.10/site-packages/dss_bridge/dss_sdk/protobuf/__pycache__/dss_pb2.cpython-310.pyc
/mnt/c/Project/DSS_ROS2/dss_ros2_ws/install/dss_bridge/lib/python3.10/site-packages/dss_bridge/dss_sdk/protobuf/__pycache__/__init__.cpython-310.pyc
/mnt/c/Project/DSS_ROS2/dss_ros2_ws/install/dss_bridge/lib/python3.10/site-packages/dss_bridge/dss_sdk/utils/__pycache__/formatter.cpython-310.pyc
/mnt/c/Project/DSS_ROS2/dss_ros2_ws/install/dss_bridge/lib/python3.10/site-packages/dss_bridge/dss_sdk/utils/__pycache__/logger.cpython-310.pyc
/mnt/c/Project/DSS_ROS2/dss_ros2_ws/install/dss_bridge/lib/python3.10/site-packages/dss_bridge/dss_sdk/utils/__pycache__/__init__.cpython-310.pyc
/mnt/c/Project/DSS_ROS2/dss_ros2_ws/install/dss_bridge/share/ament_index/resource_index/packages/dss_bridge
/mnt/c/Project/DSS_ROS2/dss_ros2_ws/install/dss_bridge/share/dss_bridge/package.xml
/mnt/c/Project/DSS_ROS2/dss_ros2_ws/install/dss_bridge/lib/python3.10/site-packages/dss_bridge-0.0.0-py3.10.egg-info/dependency_links.txt
/mnt/c/Project/DSS_ROS2/dss_ros2_ws/install/dss_bridge/lib/python3.10/site-packages/dss_bridge-0.0.0-py3.10.egg-info/entry_points.txt
/mnt/c/Project/DSS_ROS2/dss_ros2_ws/install/dss_bridge/lib/python3.10/site-packages/dss_bridge-0.0.0-py3.10.egg-info/PKG-INFO
/mnt/c/Project/DSS_ROS2/dss_ros2_ws/install/dss_bridge/lib/python3.10/site-packages/dss_bridge-0.0.0-py3.10.egg-info/requires.txt
/mnt/c/Project/DSS_ROS2/dss_ros2_ws/install/dss_bridge/lib/python3.10/site-packages/dss_bridge-0.0.0-py3.10.egg-info/SOURCES.txt
/mnt/c/Project/DSS_ROS2/dss_ros2_ws/install/dss_bridge/lib/python3.10/site-packages/dss_bridge-0.0.0-py3.10.egg-info/top_level.txt
/mnt/c/Project/DSS_ROS2/dss_ros2_ws/install/dss_bridge/lib/python3.10/site-packages/dss_bridge-0.0.0-py3.10.egg-info/zip-safe
/mnt/c/Project/DSS_ROS2/dss_ros2_ws/install/dss_bridge/lib/dss_bridge/dss_bridge_node
/mnt/c/Project/DSS_ROS2/dss_ros2_ws/install/dss_bridge/lib/dss_bridge/dss_car_control_node
