[5.930s] Invoking command in '/mnt/c/Project/DSS_ROS2/dss_ros2_ws/src/dss-ros2-bridge/src/dss_bridge': PYTHONPATH=/mnt/c/Project/DSS_ROS2/dss_ros2_ws/build/dss_bridge/prefix_override:/usr/lib/python3/dist-packages/colcon_core/task/python/colcon_distutils_commands:/mnt/c/Project/DSS_ROS2/dss_ros2_ws/install/dss_bridge/lib/python3.10/site-packages:${PYTHONPATH} /usr/bin/python3 -W ignore:setup.py install is deprecated -W ignore:easy_install command is deprecated setup.py egg_info --egg-base ../../../../build/dss_bridge build --build-base /mnt/c/Project/DSS_ROS2/dss_ros2_ws/build/dss_bridge/build install --record /mnt/c/Project/DSS_ROS2/dss_ros2_ws/build/dss_bridge/install.log --single-version-externally-managed install_data
[8.186s] running egg_info
[8.197s] writing ../../../../build/dss_bridge/dss_bridge.egg-info/PKG-INFO
[8.215s] writing dependency_links to ../../../../build/dss_bridge/dss_bridge.egg-info/dependency_links.txt
[8.237s] writing entry points to ../../../../build/dss_bridge/dss_bridge.egg-info/entry_points.txt
[8.252s] writing requirements to ../../../../build/dss_bridge/dss_bridge.egg-info/requires.txt
[8.255s] writing top-level names to ../../../../build/dss_bridge/dss_bridge.egg-info/top_level.txt
[8.678s] reading manifest file '../../../../build/dss_bridge/dss_bridge.egg-info/SOURCES.txt'
[9.391s] writing manifest file '../../../../build/dss_bridge/dss_bridge.egg-info/SOURCES.txt'
[9.406s] running build
[9.409s] running build_py
[11.810s] running install
[11.811s] running install_lib
[17.881s] running install_data
[17.957s] running install_egg_info
[17.985s] removing '/mnt/c/Project/DSS_ROS2/dss_ros2_ws/install/dss_bridge/lib/python3.10/site-packages/dss_bridge-0.0.0-py3.10.egg-info' (and everything under it)
[18.172s] Copying ../../../../build/dss_bridge/dss_bridge.egg-info to /mnt/c/Project/DSS_ROS2/dss_ros2_ws/install/dss_bridge/lib/python3.10/site-packages/dss_bridge-0.0.0-py3.10.egg-info
[19.007s] running install_scripts
[19.207s] Installing dss_bridge_node script to /mnt/c/Project/DSS_ROS2/dss_ros2_ws/install/dss_bridge/lib/dss_bridge
[19.251s] Installing dss_car_control_node script to /mnt/c/Project/DSS_ROS2/dss_ros2_ws/install/dss_bridge/lib/dss_bridge
[19.330s] writing list of installed files to '/mnt/c/Project/DSS_ROS2/dss_ros2_ws/build/dss_bridge/install.log'
[19.368s] Invoked command in '/mnt/c/Project/DSS_ROS2/dss_ros2_ws/src/dss-ros2-bridge/src/dss_bridge' returned '0': PYTHONPATH=/mnt/c/Project/DSS_ROS2/dss_ros2_ws/build/dss_bridge/prefix_override:/usr/lib/python3/dist-packages/colcon_core/task/python/colcon_distutils_commands:/mnt/c/Project/DSS_ROS2/dss_ros2_ws/install/dss_bridge/lib/python3.10/site-packages:${PYTHONPATH} /usr/bin/python3 -W ignore:setup.py install is deprecated -W ignore:easy_install command is deprecated setup.py egg_info --egg-base ../../../../build/dss_bridge build --build-base /mnt/c/Project/DSS_ROS2/dss_ros2_ws/build/dss_bridge/build install --record /mnt/c/Project/DSS_ROS2/dss_ros2_ws/build/dss_bridge/install.log --single-version-externally-managed install_data
