[1.296s] DEBUG:colcon:Command line arguments: ['/usr/bin/colcon', 'build', '--symlink-install']
[1.297s] DEBUG:colcon:Parsed command line arguments: Namespace(log_base=None, log_level=None, verb_name='build', build_base='build', install_base='install', merge_install=False, symlink_install=True, test_result_base=None, continue_on_error=False, executor='parallel', parallel_workers=16, event_handlers=None, ignore_user_meta=False, metas=['./colcon.meta'], base_paths=['.'], packages_ignore=None, packages_ignore_regex=None, paths=None, packages_up_to=None, packages_up_to_regex=None, packages_above=None, packages_above_and_dependencies=None, packages_above_depth=None, packages_select_by_dep=None, packages_skip_by_dep=None, packages_skip_up_to=None, packages_select_build_failed=False, packages_skip_build_finished=False, packages_select_test_failures=False, packages_skip_test_passed=False, packages_select=None, packages_skip=None, packages_select_regex=None, packages_skip_regex=None, packages_start=None, packages_end=None, allow_overriding=[], cmake_args=None, cmake_target=None, cmake_target_skip_unavailable=False, cmake_clean_cache=False, cmake_clean_first=False, cmake_force_configure=False, ament_cmake_args=None, catkin_cmake_args=None, catkin_skip_building_tests=False, verb_parser=<colcon_defaults.argument_parser.defaults.DefaultArgumentsDecorator object at 0x7a9decc03f10>, verb_extension=<colcon_core.verb.build.BuildVerb object at 0x7a9decc02ef0>, main=<bound method BuildVerb.main of <colcon_core.verb.build.BuildVerb object at 0x7a9decc02ef0>>)
[2.007s] Level 1:colcon.colcon_core.package_discovery:discover_packages(colcon_meta) check parameters
[2.008s] Level 1:colcon.colcon_core.package_discovery:discover_packages(recursive) check parameters
[2.010s] Level 1:colcon.colcon_core.package_discovery:discover_packages(ignore) check parameters
[2.010s] Level 1:colcon.colcon_core.package_discovery:discover_packages(path) check parameters
[2.011s] Level 1:colcon.colcon_core.package_discovery:discover_packages(colcon_meta) discover
[2.012s] Level 1:colcon.colcon_core.package_discovery:discover_packages(recursive) discover
[2.012s] INFO:colcon.colcon_core.package_discovery:Crawling recursively for packages in '/mnt/c/Project/DSS_ROS2/dss_ros2_ws'
[2.019s] Level 1:colcon.colcon_core.package_identification:_identify(.) by extensions ['ignore', 'ignore_ament_install']
[2.020s] Level 1:colcon.colcon_core.package_identification:_identify(.) by extension 'ignore'
[2.021s] Level 1:colcon.colcon_core.package_identification:_identify(.) by extension 'ignore_ament_install'
[2.023s] Level 1:colcon.colcon_core.package_identification:_identify(.) by extensions ['colcon_pkg']
[2.023s] Level 1:colcon.colcon_core.package_identification:_identify(.) by extension 'colcon_pkg'
[2.024s] Level 1:colcon.colcon_core.package_identification:_identify(.) by extensions ['colcon_meta']
[2.025s] Level 1:colcon.colcon_core.package_identification:_identify(.) by extension 'colcon_meta'
[2.025s] Level 1:colcon.colcon_core.package_identification:_identify(.) by extensions ['ros']
[2.025s] Level 1:colcon.colcon_core.package_identification:_identify(.) by extension 'ros'
[2.051s] Level 1:colcon.colcon_core.package_identification:_identify(.) by extensions ['cmake', 'python']
[2.052s] Level 1:colcon.colcon_core.package_identification:_identify(.) by extension 'cmake'
[2.052s] Level 1:colcon.colcon_core.package_identification:_identify(.) by extension 'python'
[2.053s] Level 1:colcon.colcon_core.package_identification:_identify(.) by extensions ['python_setup_py']
[2.054s] Level 1:colcon.colcon_core.package_identification:_identify(.) by extension 'python_setup_py'
[2.058s] Level 1:colcon.colcon_core.package_identification:_identify(build) by extensions ['ignore', 'ignore_ament_install']
[2.058s] Level 1:colcon.colcon_core.package_identification:_identify(build) by extension 'ignore'
[2.061s] Level 1:colcon.colcon_core.package_identification:_identify(build) ignored
[2.067s] Level 1:colcon.colcon_core.package_identification:_identify(install) by extensions ['ignore', 'ignore_ament_install']
[2.067s] Level 1:colcon.colcon_core.package_identification:_identify(install) by extension 'ignore'
[2.069s] Level 1:colcon.colcon_core.package_identification:_identify(install) ignored
[2.078s] Level 1:colcon.colcon_core.package_identification:_identify(log) by extensions ['ignore', 'ignore_ament_install']
[2.079s] Level 1:colcon.colcon_core.package_identification:_identify(log) by extension 'ignore'
[2.082s] Level 1:colcon.colcon_core.package_identification:_identify(log) ignored
[2.086s] Level 1:colcon.colcon_core.package_identification:_identify(src) by extensions ['ignore', 'ignore_ament_install']
[2.086s] Level 1:colcon.colcon_core.package_identification:_identify(src) by extension 'ignore'
[2.087s] Level 1:colcon.colcon_core.package_identification:_identify(src) by extension 'ignore_ament_install'
[2.088s] Level 1:colcon.colcon_core.package_identification:_identify(src) by extensions ['colcon_pkg']
[2.088s] Level 1:colcon.colcon_core.package_identification:_identify(src) by extension 'colcon_pkg'
[2.089s] Level 1:colcon.colcon_core.package_identification:_identify(src) by extensions ['colcon_meta']
[2.089s] Level 1:colcon.colcon_core.package_identification:_identify(src) by extension 'colcon_meta'
[2.090s] Level 1:colcon.colcon_core.package_identification:_identify(src) by extensions ['ros']
[2.090s] Level 1:colcon.colcon_core.package_identification:_identify(src) by extension 'ros'
[2.091s] Level 1:colcon.colcon_core.package_identification:_identify(src) by extensions ['cmake', 'python']
[2.092s] Level 1:colcon.colcon_core.package_identification:_identify(src) by extension 'cmake'
[2.094s] Level 1:colcon.colcon_core.package_identification:_identify(src) by extension 'python'
[2.095s] Level 1:colcon.colcon_core.package_identification:_identify(src) by extensions ['python_setup_py']
[2.096s] Level 1:colcon.colcon_core.package_identification:_identify(src) by extension 'python_setup_py'
[2.103s] Level 1:colcon.colcon_core.package_identification:_identify(src/dss-ros2-bridge) by extensions ['ignore', 'ignore_ament_install']
[2.103s] Level 1:colcon.colcon_core.package_identification:_identify(src/dss-ros2-bridge) by extension 'ignore'
[2.104s] Level 1:colcon.colcon_core.package_identification:_identify(src/dss-ros2-bridge) by extension 'ignore_ament_install'
[2.105s] Level 1:colcon.colcon_core.package_identification:_identify(src/dss-ros2-bridge) by extensions ['colcon_pkg']
[2.106s] Level 1:colcon.colcon_core.package_identification:_identify(src/dss-ros2-bridge) by extension 'colcon_pkg'
[2.106s] Level 1:colcon.colcon_core.package_identification:_identify(src/dss-ros2-bridge) by extensions ['colcon_meta']
[2.107s] Level 1:colcon.colcon_core.package_identification:_identify(src/dss-ros2-bridge) by extension 'colcon_meta'
[2.108s] Level 1:colcon.colcon_core.package_identification:_identify(src/dss-ros2-bridge) by extensions ['ros']
[2.109s] Level 1:colcon.colcon_core.package_identification:_identify(src/dss-ros2-bridge) by extension 'ros'
[2.113s] Level 1:colcon.colcon_core.package_identification:_identify(src/dss-ros2-bridge) by extensions ['cmake', 'python']
[2.113s] Level 1:colcon.colcon_core.package_identification:_identify(src/dss-ros2-bridge) by extension 'cmake'
[2.114s] Level 1:colcon.colcon_core.package_identification:_identify(src/dss-ros2-bridge) by extension 'python'
[2.115s] Level 1:colcon.colcon_core.package_identification:_identify(src/dss-ros2-bridge) by extensions ['python_setup_py']
[2.115s] Level 1:colcon.colcon_core.package_identification:_identify(src/dss-ros2-bridge) by extension 'python_setup_py'
[2.119s] Level 1:colcon.colcon_core.package_identification:_identify(src/dss-ros2-bridge/src) by extensions ['ignore', 'ignore_ament_install']
[2.120s] Level 1:colcon.colcon_core.package_identification:_identify(src/dss-ros2-bridge/src) by extension 'ignore'
[2.120s] Level 1:colcon.colcon_core.package_identification:_identify(src/dss-ros2-bridge/src) by extension 'ignore_ament_install'
[2.121s] Level 1:colcon.colcon_core.package_identification:_identify(src/dss-ros2-bridge/src) by extensions ['colcon_pkg']
[2.122s] Level 1:colcon.colcon_core.package_identification:_identify(src/dss-ros2-bridge/src) by extension 'colcon_pkg'
[2.123s] Level 1:colcon.colcon_core.package_identification:_identify(src/dss-ros2-bridge/src) by extensions ['colcon_meta']
[2.123s] Level 1:colcon.colcon_core.package_identification:_identify(src/dss-ros2-bridge/src) by extension 'colcon_meta'
[2.124s] Level 1:colcon.colcon_core.package_identification:_identify(src/dss-ros2-bridge/src) by extensions ['ros']
[2.125s] Level 1:colcon.colcon_core.package_identification:_identify(src/dss-ros2-bridge/src) by extension 'ros'
[2.127s] Level 1:colcon.colcon_core.package_identification:_identify(src/dss-ros2-bridge/src) by extensions ['cmake', 'python']
[2.128s] Level 1:colcon.colcon_core.package_identification:_identify(src/dss-ros2-bridge/src) by extension 'cmake'
[2.129s] Level 1:colcon.colcon_core.package_identification:_identify(src/dss-ros2-bridge/src) by extension 'python'
[2.129s] Level 1:colcon.colcon_core.package_identification:_identify(src/dss-ros2-bridge/src) by extensions ['python_setup_py']
[2.129s] Level 1:colcon.colcon_core.package_identification:_identify(src/dss-ros2-bridge/src) by extension 'python_setup_py'
[2.133s] Level 1:colcon.colcon_core.package_identification:_identify(src/dss-ros2-bridge/src/dss_bridge) by extensions ['ignore', 'ignore_ament_install']
[2.134s] Level 1:colcon.colcon_core.package_identification:_identify(src/dss-ros2-bridge/src/dss_bridge) by extension 'ignore'
[2.135s] Level 1:colcon.colcon_core.package_identification:_identify(src/dss-ros2-bridge/src/dss_bridge) by extension 'ignore_ament_install'
[2.138s] Level 1:colcon.colcon_core.package_identification:_identify(src/dss-ros2-bridge/src/dss_bridge) by extensions ['colcon_pkg']
[2.140s] Level 1:colcon.colcon_core.package_identification:_identify(src/dss-ros2-bridge/src/dss_bridge) by extension 'colcon_pkg'
[2.141s] Level 1:colcon.colcon_core.package_identification:_identify(src/dss-ros2-bridge/src/dss_bridge) by extensions ['colcon_meta']
[2.142s] Level 1:colcon.colcon_core.package_identification:_identify(src/dss-ros2-bridge/src/dss_bridge) by extension 'colcon_meta'
[2.144s] Level 1:colcon.colcon_core.package_identification:_identify(src/dss-ros2-bridge/src/dss_bridge) by extensions ['ros']
[2.144s] Level 1:colcon.colcon_core.package_identification:_identify(src/dss-ros2-bridge/src/dss_bridge) by extension 'ros'
[2.166s] DEBUG:colcon.colcon_core.package_identification:Package 'src/dss-ros2-bridge/src/dss_bridge' with type 'ros.ament_python' and name 'dss_bridge'
[2.172s] Level 1:colcon.colcon_core.package_identification:_identify(src/dss_cruise_control) by extensions ['ignore', 'ignore_ament_install']
[2.174s] Level 1:colcon.colcon_core.package_identification:_identify(src/dss_cruise_control) by extension 'ignore'
[2.176s] Level 1:colcon.colcon_core.package_identification:_identify(src/dss_cruise_control) by extension 'ignore_ament_install'
[2.180s] Level 1:colcon.colcon_core.package_identification:_identify(src/dss_cruise_control) by extensions ['colcon_pkg']
[2.181s] Level 1:colcon.colcon_core.package_identification:_identify(src/dss_cruise_control) by extension 'colcon_pkg'
[2.183s] Level 1:colcon.colcon_core.package_identification:_identify(src/dss_cruise_control) by extensions ['colcon_meta']
[2.183s] Level 1:colcon.colcon_core.package_identification:_identify(src/dss_cruise_control) by extension 'colcon_meta'
[2.185s] Level 1:colcon.colcon_core.package_identification:_identify(src/dss_cruise_control) by extensions ['ros']
[2.185s] Level 1:colcon.colcon_core.package_identification:_identify(src/dss_cruise_control) by extension 'ros'
[2.213s] DEBUG:colcon.colcon_core.package_identification:Package 'src/dss_cruise_control' with type 'ros.ament_cmake' and name 'dss_cruise_control'
[2.214s] Level 1:colcon.colcon_core.package_discovery:discover_packages(recursive) using defaults
[2.215s] Level 1:colcon.colcon_core.package_discovery:discover_packages(ignore) discover
[2.217s] Level 1:colcon.colcon_core.package_discovery:discover_packages(ignore) using defaults
[2.218s] Level 1:colcon.colcon_core.package_discovery:discover_packages(path) discover
[2.218s] Level 1:colcon.colcon_core.package_discovery:discover_packages(path) using defaults
[2.403s] Level 1:colcon.colcon_core.package_discovery:discover_packages(prefix_path) check parameters
[2.405s] Level 1:colcon.colcon_core.package_discovery:discover_packages(prefix_path) discover
[2.508s] DEBUG:colcon.colcon_installed_package_information.package_discovery:Found 1 installed packages in /mnt/c/Project/DSS_ROS2/dss_ros2_ws/install
[2.512s] DEBUG:colcon.colcon_installed_package_information.package_discovery:Found 295 installed packages in /opt/ros/humble
[2.524s] Level 1:colcon.colcon_core.package_discovery:discover_packages(prefix_path) using defaults
[2.631s] Level 5:colcon.colcon_core.verb:set package 'dss_bridge' build argument 'cmake_args' from command line to 'None'
[2.632s] Level 5:colcon.colcon_core.verb:set package 'dss_bridge' build argument 'cmake_target' from command line to 'None'
[2.633s] Level 5:colcon.colcon_core.verb:set package 'dss_bridge' build argument 'cmake_target_skip_unavailable' from command line to 'False'
[2.634s] Level 5:colcon.colcon_core.verb:set package 'dss_bridge' build argument 'cmake_clean_cache' from command line to 'False'
[2.634s] Level 5:colcon.colcon_core.verb:set package 'dss_bridge' build argument 'cmake_clean_first' from command line to 'False'
[2.636s] Level 5:colcon.colcon_core.verb:set package 'dss_bridge' build argument 'cmake_force_configure' from command line to 'False'
[2.637s] Level 5:colcon.colcon_core.verb:set package 'dss_bridge' build argument 'ament_cmake_args' from command line to 'None'
[2.638s] Level 5:colcon.colcon_core.verb:set package 'dss_bridge' build argument 'catkin_cmake_args' from command line to 'None'
[2.639s] Level 5:colcon.colcon_core.verb:set package 'dss_bridge' build argument 'catkin_skip_building_tests' from command line to 'False'
[2.640s] DEBUG:colcon.colcon_core.verb:Building package 'dss_bridge' with the following arguments: {'ament_cmake_args': None, 'build_base': '/mnt/c/Project/DSS_ROS2/dss_ros2_ws/build/dss_bridge', 'catkin_cmake_args': None, 'catkin_skip_building_tests': False, 'cmake_args': None, 'cmake_clean_cache': False, 'cmake_clean_first': False, 'cmake_force_configure': False, 'cmake_target': None, 'cmake_target_skip_unavailable': False, 'install_base': '/mnt/c/Project/DSS_ROS2/dss_ros2_ws/install/dss_bridge', 'merge_install': False, 'path': '/mnt/c/Project/DSS_ROS2/dss_ros2_ws/src/dss-ros2-bridge/src/dss_bridge', 'symlink_install': True, 'test_result_base': None}
[2.641s] Level 5:colcon.colcon_core.verb:set package 'dss_cruise_control' build argument 'cmake_args' from command line to 'None'
[2.641s] Level 5:colcon.colcon_core.verb:set package 'dss_cruise_control' build argument 'cmake_target' from command line to 'None'
[2.642s] Level 5:colcon.colcon_core.verb:set package 'dss_cruise_control' build argument 'cmake_target_skip_unavailable' from command line to 'False'
[2.642s] Level 5:colcon.colcon_core.verb:set package 'dss_cruise_control' build argument 'cmake_clean_cache' from command line to 'False'
[2.643s] Level 5:colcon.colcon_core.verb:set package 'dss_cruise_control' build argument 'cmake_clean_first' from command line to 'False'
[2.643s] Level 5:colcon.colcon_core.verb:set package 'dss_cruise_control' build argument 'cmake_force_configure' from command line to 'False'
[2.644s] Level 5:colcon.colcon_core.verb:set package 'dss_cruise_control' build argument 'ament_cmake_args' from command line to 'None'
[2.644s] Level 5:colcon.colcon_core.verb:set package 'dss_cruise_control' build argument 'catkin_cmake_args' from command line to 'None'
[2.645s] Level 5:colcon.colcon_core.verb:set package 'dss_cruise_control' build argument 'catkin_skip_building_tests' from command line to 'False'
[2.646s] DEBUG:colcon.colcon_core.verb:Building package 'dss_cruise_control' with the following arguments: {'ament_cmake_args': None, 'build_base': '/mnt/c/Project/DSS_ROS2/dss_ros2_ws/build/dss_cruise_control', 'catkin_cmake_args': None, 'catkin_skip_building_tests': False, 'cmake_args': None, 'cmake_clean_cache': False, 'cmake_clean_first': False, 'cmake_force_configure': False, 'cmake_target': None, 'cmake_target_skip_unavailable': False, 'install_base': '/mnt/c/Project/DSS_ROS2/dss_ros2_ws/install/dss_cruise_control', 'merge_install': False, 'path': '/mnt/c/Project/DSS_ROS2/dss_ros2_ws/src/dss_cruise_control', 'symlink_install': True, 'test_result_base': None}
[2.646s] INFO:colcon.colcon_core.executor:Executing jobs using 'parallel' executor
[2.647s] DEBUG:colcon.colcon_parallel_executor.executor.parallel:run_until_complete
[2.648s] INFO:colcon.colcon_ros.task.ament_python.build:Building ROS package in '/mnt/c/Project/DSS_ROS2/dss_ros2_ws/src/dss-ros2-bridge/src/dss_bridge' with build type 'ament_python'
[2.649s] Level 1:colcon.colcon_core.shell:create_environment_hook('dss_bridge', 'ament_prefix_path')
[2.670s] INFO:colcon.colcon_core.plugin_system:Skipping extension 'colcon_core.shell.bat': Not used on non-Windows systems
[2.671s] INFO:colcon.colcon_core.shell:Creating environment hook '/mnt/c/Project/DSS_ROS2/dss_ros2_ws/install/dss_bridge/share/dss_bridge/hook/ament_prefix_path.ps1'
[2.713s] INFO:colcon.colcon_core.shell:Creating environment descriptor '/mnt/c/Project/DSS_ROS2/dss_ros2_ws/install/dss_bridge/share/dss_bridge/hook/ament_prefix_path.dsv'
[2.750s] INFO:colcon.colcon_core.shell:Creating environment hook '/mnt/c/Project/DSS_ROS2/dss_ros2_ws/install/dss_bridge/share/dss_bridge/hook/ament_prefix_path.sh'
[2.795s] INFO:colcon.colcon_core.shell:Skip shell extension 'powershell' for command environment: Not usable outside of PowerShell
[2.795s] DEBUG:colcon.colcon_core.shell:Skip shell extension 'dsv' for command environment
[2.928s] INFO:colcon.colcon_ros.task.ament_cmake.build:Building ROS package in '/mnt/c/Project/DSS_ROS2/dss_ros2_ws/src/dss_cruise_control' with build type 'ament_cmake'
[2.929s] INFO:colcon.colcon_cmake.task.cmake.build:Building CMake package in '/mnt/c/Project/DSS_ROS2/dss_ros2_ws/src/dss_cruise_control'
[2.931s] INFO:colcon.colcon_core.shell:Skip shell extension 'powershell' for command environment: Not usable outside of PowerShell
[2.933s] DEBUG:colcon.colcon_core.shell:Skip shell extension 'dsv' for command environment
[4.648s] INFO:colcon.colcon_core.task.python.build:Building Python package in '/mnt/c/Project/DSS_ROS2/dss_ros2_ws/src/dss-ros2-bridge/src/dss_bridge'
[4.649s] INFO:colcon.colcon_core.shell:Skip shell extension 'powershell' for command environment: Not usable outside of PowerShell
[4.649s] DEBUG:colcon.colcon_core.shell:Skip shell extension 'dsv' for command environment
[4.875s] DEBUG:colcon.colcon_core.event_handler.log_command:Invoking command in '/mnt/c/Project/DSS_ROS2/dss_ros2_ws/build/dss_cruise_control': CMAKE_PREFIX_PATH=/mnt/c/Project/DSS_ROS2/dss_ros2_ws/install/dss_bridge:/opt/ros/humble /usr/bin/cmake /mnt/c/Project/DSS_ROS2/dss_ros2_ws/src/dss_cruise_control -DAMENT_CMAKE_SYMLINK_INSTALL=1 -DCMAKE_INSTALL_PREFIX=/mnt/c/Project/DSS_ROS2/dss_ros2_ws/install/dss_cruise_control
[11.429s] DEBUG:colcon.colcon_core.task.python.build:While undoing a previous installation files outside the Python library path are being ignored: /mnt/c/Project/DSS_ROS2/dss_ros2_ws/install/dss_bridge/share/ament_index/resource_index/packages/dss_bridge
[11.439s] DEBUG:colcon.colcon_core.task.python.build:While undoing a previous installation files outside the Python library path are being ignored: /mnt/c/Project/DSS_ROS2/dss_ros2_ws/install/dss_bridge/share/dss_bridge/package.xml
[11.690s] DEBUG:colcon.colcon_core.task.python.build:While undoing a previous installation files outside the Python library path are being ignored: /mnt/c/Project/DSS_ROS2/dss_ros2_ws/install/dss_bridge/lib/dss_bridge/dss_bridge_node
[11.696s] DEBUG:colcon.colcon_core.task.python.build:While undoing a previous installation files outside the Python library path are being ignored: /mnt/c/Project/DSS_ROS2/dss_ros2_ws/install/dss_bridge/lib/dss_bridge/dss_car_control_node
[12.078s] DEBUG:colcon.colcon_core.event_handler.log_command:Invoking command in '/mnt/c/Project/DSS_ROS2/dss_ros2_ws/build/dss_bridge': PYTHONPATH=/mnt/c/Project/DSS_ROS2/dss_ros2_ws/build/dss_bridge/prefix_override:/usr/lib/python3/dist-packages/colcon_core/task/python/colcon_distutils_commands:/mnt/c/Project/DSS_ROS2/dss_ros2_ws/install/dss_bridge/lib/python3.10/site-packages:${PYTHONPATH} /usr/bin/python3 -W ignore:setup.py install is deprecated -W ignore:easy_install command is deprecated setup.py develop --editable --build-directory /mnt/c/Project/DSS_ROS2/dss_ros2_ws/build/dss_bridge/build --no-deps symlink_data --force
[16.071s] Level 1:colcon.colcon_core.shell:create_environment_hook('dss_bridge', 'pythonpath_develop')
[16.073s] INFO:colcon.colcon_core.shell:Creating environment hook '/mnt/c/Project/DSS_ROS2/dss_ros2_ws/build/dss_bridge/share/dss_bridge/hook/pythonpath_develop.ps1'
[16.079s] DEBUG:colcon.colcon_core.event_handler.log_command:Invoked command in '/mnt/c/Project/DSS_ROS2/dss_ros2_ws/build/dss_bridge' returned '0': PYTHONPATH=/mnt/c/Project/DSS_ROS2/dss_ros2_ws/build/dss_bridge/prefix_override:/usr/lib/python3/dist-packages/colcon_core/task/python/colcon_distutils_commands:/mnt/c/Project/DSS_ROS2/dss_ros2_ws/install/dss_bridge/lib/python3.10/site-packages:${PYTHONPATH} /usr/bin/python3 -W ignore:setup.py install is deprecated -W ignore:easy_install command is deprecated setup.py develop --editable --build-directory /mnt/c/Project/DSS_ROS2/dss_ros2_ws/build/dss_bridge/build --no-deps symlink_data --force
[16.107s] INFO:colcon.colcon_core.shell:Creating environment descriptor '/mnt/c/Project/DSS_ROS2/dss_ros2_ws/build/dss_bridge/share/dss_bridge/hook/pythonpath_develop.dsv'
[16.142s] INFO:colcon.colcon_core.shell:Creating environment hook '/mnt/c/Project/DSS_ROS2/dss_ros2_ws/build/dss_bridge/share/dss_bridge/hook/pythonpath_develop.sh'
[16.207s] Level 1:colcon.colcon_core.environment:checking '/mnt/c/Project/DSS_ROS2/dss_ros2_ws/install/dss_bridge' for CMake module files
[16.286s] Level 1:colcon.colcon_core.environment:checking '/mnt/c/Project/DSS_ROS2/dss_ros2_ws/install/dss_bridge' for CMake config files
[16.394s] Level 1:colcon.colcon_core.environment:checking '/mnt/c/Project/DSS_ROS2/dss_ros2_ws/install/dss_bridge/lib'
[16.400s] Level 1:colcon.colcon_core.environment:checking '/mnt/c/Project/DSS_ROS2/dss_ros2_ws/install/dss_bridge/bin'
[16.401s] Level 1:colcon.colcon_core.environment:checking '/mnt/c/Project/DSS_ROS2/dss_ros2_ws/install/dss_bridge/lib/pkgconfig/dss_bridge.pc'
[16.404s] Level 1:colcon.colcon_core.environment:checking '/mnt/c/Project/DSS_ROS2/dss_ros2_ws/install/dss_bridge/lib/python3.10/site-packages'
[16.409s] Level 1:colcon.colcon_core.shell:create_environment_hook('dss_bridge', 'pythonpath')
[16.410s] INFO:colcon.colcon_core.shell:Creating environment hook '/mnt/c/Project/DSS_ROS2/dss_ros2_ws/install/dss_bridge/share/dss_bridge/hook/pythonpath.ps1'
[16.436s] INFO:colcon.colcon_core.shell:Creating environment descriptor '/mnt/c/Project/DSS_ROS2/dss_ros2_ws/install/dss_bridge/share/dss_bridge/hook/pythonpath.dsv'
[16.468s] INFO:colcon.colcon_core.shell:Creating environment hook '/mnt/c/Project/DSS_ROS2/dss_ros2_ws/install/dss_bridge/share/dss_bridge/hook/pythonpath.sh'
[16.509s] Level 1:colcon.colcon_core.environment:checking '/mnt/c/Project/DSS_ROS2/dss_ros2_ws/install/dss_bridge/bin'
[16.510s] Level 1:colcon.colcon_core.environment:create_environment_scripts_only(dss_bridge)
[16.511s] INFO:colcon.colcon_core.shell:Creating package script '/mnt/c/Project/DSS_ROS2/dss_ros2_ws/install/dss_bridge/share/dss_bridge/package.ps1'
[16.539s] INFO:colcon.colcon_core.shell:Creating package descriptor '/mnt/c/Project/DSS_ROS2/dss_ros2_ws/install/dss_bridge/share/dss_bridge/package.dsv'
[16.566s] INFO:colcon.colcon_core.shell:Creating package script '/mnt/c/Project/DSS_ROS2/dss_ros2_ws/install/dss_bridge/share/dss_bridge/package.sh'
[16.592s] INFO:colcon.colcon_core.shell:Creating package script '/mnt/c/Project/DSS_ROS2/dss_ros2_ws/install/dss_bridge/share/dss_bridge/package.bash'
[16.618s] INFO:colcon.colcon_core.shell:Creating package script '/mnt/c/Project/DSS_ROS2/dss_ros2_ws/install/dss_bridge/share/dss_bridge/package.zsh'
[16.642s] Level 1:colcon.colcon_core.environment:create_file_with_runtime_dependencies(/mnt/c/Project/DSS_ROS2/dss_ros2_ws/install/dss_bridge/share/colcon-core/packages/dss_bridge)
[47.925s] DEBUG:colcon.colcon_core.event_handler.log_command:Invoked command in '/mnt/c/Project/DSS_ROS2/dss_ros2_ws/build/dss_cruise_control' returned '1': CMAKE_PREFIX_PATH=/mnt/c/Project/DSS_ROS2/dss_ros2_ws/install/dss_bridge:/opt/ros/humble /usr/bin/cmake /mnt/c/Project/DSS_ROS2/dss_ros2_ws/src/dss_cruise_control -DAMENT_CMAKE_SYMLINK_INSTALL=1 -DCMAKE_INSTALL_PREFIX=/mnt/c/Project/DSS_ROS2/dss_ros2_ws/install/dss_cruise_control
[47.980s] Level 1:colcon.colcon_core.environment:create_environment_scripts_only(dss_cruise_control)
[47.981s] Level 1:colcon.colcon_core.environment:checking '/mnt/c/Project/DSS_ROS2/dss_ros2_ws/install/dss_cruise_control' for CMake module files
[48.008s] Level 1:colcon.colcon_core.environment:checking '/mnt/c/Project/DSS_ROS2/dss_ros2_ws/install/dss_cruise_control' for CMake config files
[48.013s] Level 1:colcon.colcon_core.environment:checking '/mnt/c/Project/DSS_ROS2/dss_ros2_ws/install/dss_cruise_control/bin'
[48.016s] Level 1:colcon.colcon_core.environment:checking '/mnt/c/Project/DSS_ROS2/dss_ros2_ws/install/dss_cruise_control/lib/pkgconfig/dss_cruise_control.pc'
[48.019s] Level 1:colcon.colcon_core.environment:checking '/mnt/c/Project/DSS_ROS2/dss_ros2_ws/install/dss_cruise_control/lib/python3.10/site-packages'
[48.021s] Level 1:colcon.colcon_core.environment:checking '/mnt/c/Project/DSS_ROS2/dss_ros2_ws/install/dss_cruise_control/bin'
[48.023s] INFO:colcon.colcon_core.shell:Creating package script '/mnt/c/Project/DSS_ROS2/dss_ros2_ws/install/dss_cruise_control/share/dss_cruise_control/package.ps1'
[48.060s] INFO:colcon.colcon_core.shell:Creating package descriptor '/mnt/c/Project/DSS_ROS2/dss_ros2_ws/install/dss_cruise_control/share/dss_cruise_control/package.dsv'
[48.085s] INFO:colcon.colcon_core.shell:Creating package script '/mnt/c/Project/DSS_ROS2/dss_ros2_ws/install/dss_cruise_control/share/dss_cruise_control/package.sh'
[48.112s] INFO:colcon.colcon_core.shell:Creating package script '/mnt/c/Project/DSS_ROS2/dss_ros2_ws/install/dss_cruise_control/share/dss_cruise_control/package.bash'
[48.140s] INFO:colcon.colcon_core.shell:Creating package script '/mnt/c/Project/DSS_ROS2/dss_ros2_ws/install/dss_cruise_control/share/dss_cruise_control/package.zsh'
[48.167s] Level 1:colcon.colcon_core.environment:create_file_with_runtime_dependencies(/mnt/c/Project/DSS_ROS2/dss_ros2_ws/install/dss_cruise_control/share/colcon-core/packages/dss_cruise_control)
[48.202s] DEBUG:colcon.colcon_parallel_executor.executor.parallel:closing loop
[48.202s] DEBUG:colcon.colcon_parallel_executor.executor.parallel:loop closed
[48.203s] DEBUG:colcon.colcon_parallel_executor.executor.parallel:run_until_complete finished with '1'
[48.203s] DEBUG:colcon.colcon_core.event_reactor:joining thread
[48.378s] INFO:colcon.colcon_core.plugin_system:Skipping extension 'colcon_notification.desktop_notification.notify_send': Could not find 'notify-send'
[48.379s] INFO:colcon.colcon_core.plugin_system:Skipping extension 'colcon_notification.desktop_notification.terminal_notifier': Not used on non-Darwin systems
[48.380s] INFO:colcon.colcon_core.plugin_system:Skipping extension 'colcon_notification.desktop_notification.win32': Not used on non-Windows systems
[48.380s] INFO:colcon.colcon_notification.desktop_notification:Sending desktop notification using 'notify2'
[48.380s] DEBUG:colcon.colcon_notification.desktop_notification.notify2:Failed to initialize notify2: org.freedesktop.DBus.Error.FileNotFound: Failed to connect to socket /run/user/1000/bus: No such file or directory
[48.380s] DEBUG:colcon.colcon_core.event_reactor:joined thread
[48.381s] INFO:colcon.colcon_core.shell:Creating prefix script '/mnt/c/Project/DSS_ROS2/dss_ros2_ws/install/local_setup.ps1'
[48.395s] INFO:colcon.colcon_core.shell:Creating prefix util module '/mnt/c/Project/DSS_ROS2/dss_ros2_ws/install/_local_setup_util_ps1.py'
[48.418s] INFO:colcon.colcon_core.shell:Creating prefix chain script '/mnt/c/Project/DSS_ROS2/dss_ros2_ws/install/setup.ps1'
[48.455s] INFO:colcon.colcon_core.shell:Creating prefix script '/mnt/c/Project/DSS_ROS2/dss_ros2_ws/install/local_setup.sh'
[48.475s] INFO:colcon.colcon_core.shell:Creating prefix util module '/mnt/c/Project/DSS_ROS2/dss_ros2_ws/install/_local_setup_util_sh.py'
[48.487s] INFO:colcon.colcon_core.shell:Creating prefix chain script '/mnt/c/Project/DSS_ROS2/dss_ros2_ws/install/setup.sh'
[48.517s] INFO:colcon.colcon_core.shell:Creating prefix script '/mnt/c/Project/DSS_ROS2/dss_ros2_ws/install/local_setup.bash'
[48.536s] INFO:colcon.colcon_core.shell:Creating prefix chain script '/mnt/c/Project/DSS_ROS2/dss_ros2_ws/install/setup.bash'
[48.575s] INFO:colcon.colcon_core.shell:Creating prefix script '/mnt/c/Project/DSS_ROS2/dss_ros2_ws/install/local_setup.zsh'
[48.596s] INFO:colcon.colcon_core.shell:Creating prefix chain script '/mnt/c/Project/DSS_ROS2/dss_ros2_ws/install/setup.zsh'
