[5.272s] Invoking command in '/mnt/c/Project/DSS_ROS2/dss_ros2_ws/build/dss_bridge': PYTHONPATH=/mnt/c/Project/DSS_ROS2/dss_ros2_ws/build/dss_bridge/prefix_override:/usr/lib/python3/dist-packages/colcon_core/task/python/colcon_distutils_commands:/mnt/c/Project/DSS_ROS2/dss_ros2_ws/install/dss_bridge/lib/python3.10/site-packages:${PYTHONPATH} /usr/bin/python3 -W ignore:setup.py install is deprecated -W ignore:easy_install command is deprecated setup.py develop --uninstall --editable --build-directory /mnt/c/Project/DSS_ROS2/dss_ros2_ws/build/dss_bridge/build
[7.205s] running develop
[7.974s] Removing /mnt/c/Project/DSS_ROS2/dss_ros2_ws/install/dss_bridge/lib/python3.10/site-packages/dss-bridge.egg-link (link to .)
[8.032s] Invoked command in '/mnt/c/Project/DSS_ROS2/dss_ros2_ws/build/dss_bridge' returned '0': PYTHONPATH=/mnt/c/Project/DSS_ROS2/dss_ros2_ws/build/dss_bridge/prefix_override:/usr/lib/python3/dist-packages/colcon_core/task/python/colcon_distutils_commands:/mnt/c/Project/DSS_ROS2/dss_ros2_ws/install/dss_bridge/lib/python3.10/site-packages:${PYTHONPATH} /usr/bin/python3 -W ignore:setup.py install is deprecated -W ignore:easy_install command is deprecated setup.py develop --uninstall --editable --build-directory /mnt/c/Project/DSS_ROS2/dss_ros2_ws/build/dss_bridge/build
[8.048s] Invoking command in '/mnt/c/Project/DSS_ROS2/dss_ros2_ws/src/dss-ros2-bridge/src/dss_bridge': PYTHONPATH=/mnt/c/Project/DSS_ROS2/dss_ros2_ws/build/dss_bridge/prefix_override:/usr/lib/python3/dist-packages/colcon_core/task/python/colcon_distutils_commands:/mnt/c/Project/DSS_ROS2/dss_ros2_ws/install/dss_bridge/lib/python3.10/site-packages:${PYTHONPATH} /usr/bin/python3 -W ignore:setup.py install is deprecated -W ignore:easy_install command is deprecated setup.py egg_info --egg-base ../../../../build/dss_bridge build --build-base /mnt/c/Project/DSS_ROS2/dss_ros2_ws/build/dss_bridge/build install --record /mnt/c/Project/DSS_ROS2/dss_ros2_ws/build/dss_bridge/install.log --single-version-externally-managed install_data --force
[10.196s] running egg_info
[10.204s] writing ../../../../build/dss_bridge/dss_bridge.egg-info/PKG-INFO
[10.232s] writing dependency_links to ../../../../build/dss_bridge/dss_bridge.egg-info/dependency_links.txt
[10.247s] writing entry points to ../../../../build/dss_bridge/dss_bridge.egg-info/entry_points.txt
[10.256s] writing requirements to ../../../../build/dss_bridge/dss_bridge.egg-info/requires.txt
[10.264s] writing top-level names to ../../../../build/dss_bridge/dss_bridge.egg-info/top_level.txt
[10.630s] reading manifest file '../../../../build/dss_bridge/dss_bridge.egg-info/SOURCES.txt'
[11.226s] writing manifest file '../../../../build/dss_bridge/dss_bridge.egg-info/SOURCES.txt'
[11.235s] running build
[11.239s] running build_py
[11.267s] copying dss_bridge/dss_bridge_node.py -> /mnt/c/Project/DSS_ROS2/dss_ros2_ws/build/dss_bridge/build/lib/dss_bridge
[13.735s] running install
[13.738s] running install_lib
[13.808s] creating /mnt/c/Project/DSS_ROS2/dss_ros2_ws/install/dss_bridge/lib/python3.10/site-packages/dss_bridge
[13.853s] copying /mnt/c/Project/DSS_ROS2/dss_ros2_ws/build/dss_bridge/build/lib/dss_bridge/dss_bridge_node.py -> /mnt/c/Project/DSS_ROS2/dss_ros2_ws/install/dss_bridge/lib/python3.10/site-packages/dss_bridge
[13.963s] copying /mnt/c/Project/DSS_ROS2/dss_ros2_ws/build/dss_bridge/build/lib/dss_bridge/dss_car_control_node.py -> /mnt/c/Project/DSS_ROS2/dss_ros2_ws/install/dss_bridge/lib/python3.10/site-packages/dss_bridge
[14.091s] creating /mnt/c/Project/DSS_ROS2/dss_ros2_ws/install/dss_bridge/lib/python3.10/site-packages/dss_bridge/dss_sdk
[14.186s] creating /mnt/c/Project/DSS_ROS2/dss_ros2_ws/install/dss_bridge/lib/python3.10/site-packages/dss_bridge/dss_sdk/config
[14.243s] copying /mnt/c/Project/DSS_ROS2/dss_ros2_ws/build/dss_bridge/build/lib/dss_bridge/dss_sdk/config/sdk_config.py -> /mnt/c/Project/DSS_ROS2/dss_ros2_ws/install/dss_bridge/lib/python3.10/site-packages/dss_bridge/dss_sdk/config
[14.342s] copying /mnt/c/Project/DSS_ROS2/dss_ros2_ws/build/dss_bridge/build/lib/dss_bridge/dss_sdk/config/__init__.py -> /mnt/c/Project/DSS_ROS2/dss_ros2_ws/install/dss_bridge/lib/python3.10/site-packages/dss_bridge/dss_sdk/config
[14.444s] creating /mnt/c/Project/DSS_ROS2/dss_ros2_ws/install/dss_bridge/lib/python3.10/site-packages/dss_bridge/dss_sdk/core
[14.505s] copying /mnt/c/Project/DSS_ROS2/dss_ros2_ws/build/dss_bridge/build/lib/dss_bridge/dss_sdk/core/idsssdk.py -> /mnt/c/Project/DSS_ROS2/dss_ros2_ws/install/dss_bridge/lib/python3.10/site-packages/dss_bridge/dss_sdk/core
[14.630s] copying /mnt/c/Project/DSS_ROS2/dss_ros2_ws/build/dss_bridge/build/lib/dss_bridge/dss_sdk/core/osi_manager.py -> /mnt/c/Project/DSS_ROS2/dss_ros2_ws/install/dss_bridge/lib/python3.10/site-packages/dss_bridge/dss_sdk/core
[14.802s] copying /mnt/c/Project/DSS_ROS2/dss_ros2_ws/build/dss_bridge/build/lib/dss_bridge/dss_sdk/core/sim_control_sender.py -> /mnt/c/Project/DSS_ROS2/dss_ros2_ws/install/dss_bridge/lib/python3.10/site-packages/dss_bridge/dss_sdk/core
[14.994s] copying /mnt/c/Project/DSS_ROS2/dss_ros2_ws/build/dss_bridge/build/lib/dss_bridge/dss_sdk/core/__init__.py -> /mnt/c/Project/DSS_ROS2/dss_ros2_ws/install/dss_bridge/lib/python3.10/site-packages/dss_bridge/dss_sdk/core
[15.157s] creating /mnt/c/Project/DSS_ROS2/dss_ros2_ws/install/dss_bridge/lib/python3.10/site-packages/dss_bridge/dss_sdk/osi3
[15.222s] copying /mnt/c/Project/DSS_ROS2/dss_ros2_ws/build/dss_bridge/build/lib/dss_bridge/dss_sdk/osi3/osi_common_pb2.py -> /mnt/c/Project/DSS_ROS2/dss_ros2_ws/install/dss_bridge/lib/python3.10/site-packages/dss_bridge/dss_sdk/osi3
[15.378s] copying /mnt/c/Project/DSS_ROS2/dss_ros2_ws/build/dss_bridge/build/lib/dss_bridge/dss_sdk/osi3/osi_datarecording_pb2.py -> /mnt/c/Project/DSS_ROS2/dss_ros2_ws/install/dss_bridge/lib/python3.10/site-packages/dss_bridge/dss_sdk/osi3
[15.528s] copying /mnt/c/Project/DSS_ROS2/dss_ros2_ws/build/dss_bridge/build/lib/dss_bridge/dss_sdk/osi3/osi_detectedlane_pb2.py -> /mnt/c/Project/DSS_ROS2/dss_ros2_ws/install/dss_bridge/lib/python3.10/site-packages/dss_bridge/dss_sdk/osi3
[15.688s] copying /mnt/c/Project/DSS_ROS2/dss_ros2_ws/build/dss_bridge/build/lib/dss_bridge/dss_sdk/osi3/osi_detectedobject_pb2.py -> /mnt/c/Project/DSS_ROS2/dss_ros2_ws/install/dss_bridge/lib/python3.10/site-packages/dss_bridge/dss_sdk/osi3
[15.831s] copying /mnt/c/Project/DSS_ROS2/dss_ros2_ws/build/dss_bridge/build/lib/dss_bridge/dss_sdk/osi3/osi_detectedoccupant_pb2.py -> /mnt/c/Project/DSS_ROS2/dss_ros2_ws/install/dss_bridge/lib/python3.10/site-packages/dss_bridge/dss_sdk/osi3
[15.972s] copying /mnt/c/Project/DSS_ROS2/dss_ros2_ws/build/dss_bridge/build/lib/dss_bridge/dss_sdk/osi3/osi_detectedroadmarking_pb2.py -> /mnt/c/Project/DSS_ROS2/dss_ros2_ws/install/dss_bridge/lib/python3.10/site-packages/dss_bridge/dss_sdk/osi3
[16.096s] copying /mnt/c/Project/DSS_ROS2/dss_ros2_ws/build/dss_bridge/build/lib/dss_bridge/dss_sdk/osi3/osi_detectedtrafficlight_pb2.py -> /mnt/c/Project/DSS_ROS2/dss_ros2_ws/install/dss_bridge/lib/python3.10/site-packages/dss_bridge/dss_sdk/osi3
[16.243s] copying /mnt/c/Project/DSS_ROS2/dss_ros2_ws/build/dss_bridge/build/lib/dss_bridge/dss_sdk/osi3/osi_detectedtrafficsign_pb2.py -> /mnt/c/Project/DSS_ROS2/dss_ros2_ws/install/dss_bridge/lib/python3.10/site-packages/dss_bridge/dss_sdk/osi3
[16.391s] copying /mnt/c/Project/DSS_ROS2/dss_ros2_ws/build/dss_bridge/build/lib/dss_bridge/dss_sdk/osi3/osi_environment_pb2.py -> /mnt/c/Project/DSS_ROS2/dss_ros2_ws/install/dss_bridge/lib/python3.10/site-packages/dss_bridge/dss_sdk/osi3
[16.526s] copying /mnt/c/Project/DSS_ROS2/dss_ros2_ws/build/dss_bridge/build/lib/dss_bridge/dss_sdk/osi3/osi_featuredata_pb2.py -> /mnt/c/Project/DSS_ROS2/dss_ros2_ws/install/dss_bridge/lib/python3.10/site-packages/dss_bridge/dss_sdk/osi3
[16.742s] copying /mnt/c/Project/DSS_ROS2/dss_ros2_ws/build/dss_bridge/build/lib/dss_bridge/dss_sdk/osi3/osi_groundtruth_pb2.py -> /mnt/c/Project/DSS_ROS2/dss_ros2_ws/install/dss_bridge/lib/python3.10/site-packages/dss_bridge/dss_sdk/osi3
[17.033s] copying /mnt/c/Project/DSS_ROS2/dss_ros2_ws/build/dss_bridge/build/lib/dss_bridge/dss_sdk/osi3/osi_hostvehicledata_pb2.py -> /mnt/c/Project/DSS_ROS2/dss_ros2_ws/install/dss_bridge/lib/python3.10/site-packages/dss_bridge/dss_sdk/osi3
[17.180s] copying /mnt/c/Project/DSS_ROS2/dss_ros2_ws/build/dss_bridge/build/lib/dss_bridge/dss_sdk/osi3/osi_lane_pb2.py -> /mnt/c/Project/DSS_ROS2/dss_ros2_ws/install/dss_bridge/lib/python3.10/site-packages/dss_bridge/dss_sdk/osi3
[17.311s] copying /mnt/c/Project/DSS_ROS2/dss_ros2_ws/build/dss_bridge/build/lib/dss_bridge/dss_sdk/osi3/osi_logicaldetectiondata_pb2.py -> /mnt/c/Project/DSS_ROS2/dss_ros2_ws/install/dss_bridge/lib/python3.10/site-packages/dss_bridge/dss_sdk/osi3
[17.441s] copying /mnt/c/Project/DSS_ROS2/dss_ros2_ws/build/dss_bridge/build/lib/dss_bridge/dss_sdk/osi3/osi_logicallane_pb2.py -> /mnt/c/Project/DSS_ROS2/dss_ros2_ws/install/dss_bridge/lib/python3.10/site-packages/dss_bridge/dss_sdk/osi3
[17.600s] copying /mnt/c/Project/DSS_ROS2/dss_ros2_ws/build/dss_bridge/build/lib/dss_bridge/dss_sdk/osi3/osi_object_pb2.py -> /mnt/c/Project/DSS_ROS2/dss_ros2_ws/install/dss_bridge/lib/python3.10/site-packages/dss_bridge/dss_sdk/osi3
[17.725s] copying /mnt/c/Project/DSS_ROS2/dss_ros2_ws/build/dss_bridge/build/lib/dss_bridge/dss_sdk/osi3/osi_occupant_pb2.py -> /mnt/c/Project/DSS_ROS2/dss_ros2_ws/install/dss_bridge/lib/python3.10/site-packages/dss_bridge/dss_sdk/osi3
[17.883s] copying /mnt/c/Project/DSS_ROS2/dss_ros2_ws/build/dss_bridge/build/lib/dss_bridge/dss_sdk/osi3/osi_referenceline_pb2.py -> /mnt/c/Project/DSS_ROS2/dss_ros2_ws/install/dss_bridge/lib/python3.10/site-packages/dss_bridge/dss_sdk/osi3
[18.019s] copying /mnt/c/Project/DSS_ROS2/dss_ros2_ws/build/dss_bridge/build/lib/dss_bridge/dss_sdk/osi3/osi_roadmarking_pb2.py -> /mnt/c/Project/DSS_ROS2/dss_ros2_ws/install/dss_bridge/lib/python3.10/site-packages/dss_bridge/dss_sdk/osi3
[18.147s] copying /mnt/c/Project/DSS_ROS2/dss_ros2_ws/build/dss_bridge/build/lib/dss_bridge/dss_sdk/osi3/osi_sensordata_pb2.py -> /mnt/c/Project/DSS_ROS2/dss_ros2_ws/install/dss_bridge/lib/python3.10/site-packages/dss_bridge/dss_sdk/osi3
[18.272s] copying /mnt/c/Project/DSS_ROS2/dss_ros2_ws/build/dss_bridge/build/lib/dss_bridge/dss_sdk/osi3/osi_sensorspecific_pb2.py -> /mnt/c/Project/DSS_ROS2/dss_ros2_ws/install/dss_bridge/lib/python3.10/site-packages/dss_bridge/dss_sdk/osi3
[18.410s] copying /mnt/c/Project/DSS_ROS2/dss_ros2_ws/build/dss_bridge/build/lib/dss_bridge/dss_sdk/osi3/osi_sensorviewconfiguration_pb2.py -> /mnt/c/Project/DSS_ROS2/dss_ros2_ws/install/dss_bridge/lib/python3.10/site-packages/dss_bridge/dss_sdk/osi3
[18.557s] copying /mnt/c/Project/DSS_ROS2/dss_ros2_ws/build/dss_bridge/build/lib/dss_bridge/dss_sdk/osi3/osi_sensorview_pb2.py -> /mnt/c/Project/DSS_ROS2/dss_ros2_ws/install/dss_bridge/lib/python3.10/site-packages/dss_bridge/dss_sdk/osi3
[18.693s] copying /mnt/c/Project/DSS_ROS2/dss_ros2_ws/build/dss_bridge/build/lib/dss_bridge/dss_sdk/osi3/osi_trafficcommandupdate_pb2.py -> /mnt/c/Project/DSS_ROS2/dss_ros2_ws/install/dss_bridge/lib/python3.10/site-packages/dss_bridge/dss_sdk/osi3
[18.827s] copying /mnt/c/Project/DSS_ROS2/dss_ros2_ws/build/dss_bridge/build/lib/dss_bridge/dss_sdk/osi3/osi_trafficcommand_pb2.py -> /mnt/c/Project/DSS_ROS2/dss_ros2_ws/install/dss_bridge/lib/python3.10/site-packages/dss_bridge/dss_sdk/osi3
[18.988s] copying /mnt/c/Project/DSS_ROS2/dss_ros2_ws/build/dss_bridge/build/lib/dss_bridge/dss_sdk/osi3/osi_trafficlight_pb2.py -> /mnt/c/Project/DSS_ROS2/dss_ros2_ws/install/dss_bridge/lib/python3.10/site-packages/dss_bridge/dss_sdk/osi3
[19.152s] copying /mnt/c/Project/DSS_ROS2/dss_ros2_ws/build/dss_bridge/build/lib/dss_bridge/dss_sdk/osi3/osi_trafficsign_pb2.py -> /mnt/c/Project/DSS_ROS2/dss_ros2_ws/install/dss_bridge/lib/python3.10/site-packages/dss_bridge/dss_sdk/osi3
[19.301s] copying /mnt/c/Project/DSS_ROS2/dss_ros2_ws/build/dss_bridge/build/lib/dss_bridge/dss_sdk/osi3/osi_trafficupdate_pb2.py -> /mnt/c/Project/DSS_ROS2/dss_ros2_ws/install/dss_bridge/lib/python3.10/site-packages/dss_bridge/dss_sdk/osi3
[19.451s] copying /mnt/c/Project/DSS_ROS2/dss_ros2_ws/build/dss_bridge/build/lib/dss_bridge/dss_sdk/osi3/osi_version_pb2.py -> /mnt/c/Project/DSS_ROS2/dss_ros2_ws/install/dss_bridge/lib/python3.10/site-packages/dss_bridge/dss_sdk/osi3
[19.589s] copying /mnt/c/Project/DSS_ROS2/dss_ros2_ws/build/dss_bridge/build/lib/dss_bridge/dss_sdk/osi3/__init__.py -> /mnt/c/Project/DSS_ROS2/dss_ros2_ws/install/dss_bridge/lib/python3.10/site-packages/dss_bridge/dss_sdk/osi3
[19.743s] creating /mnt/c/Project/DSS_ROS2/dss_ros2_ws/install/dss_bridge/lib/python3.10/site-packages/dss_bridge/dss_sdk/protobuf
[19.812s] copying /mnt/c/Project/DSS_ROS2/dss_ros2_ws/build/dss_bridge/build/lib/dss_bridge/dss_sdk/protobuf/dss_pb2.py -> /mnt/c/Project/DSS_ROS2/dss_ros2_ws/install/dss_bridge/lib/python3.10/site-packages/dss_bridge/dss_sdk/protobuf
[19.964s] copying /mnt/c/Project/DSS_ROS2/dss_ros2_ws/build/dss_bridge/build/lib/dss_bridge/dss_sdk/protobuf/__init__.py -> /mnt/c/Project/DSS_ROS2/dss_ros2_ws/install/dss_bridge/lib/python3.10/site-packages/dss_bridge/dss_sdk/protobuf
[20.092s] creating /mnt/c/Project/DSS_ROS2/dss_ros2_ws/install/dss_bridge/lib/python3.10/site-packages/dss_bridge/dss_sdk/utils
[20.153s] copying /mnt/c/Project/DSS_ROS2/dss_ros2_ws/build/dss_bridge/build/lib/dss_bridge/dss_sdk/utils/formatter.py -> /mnt/c/Project/DSS_ROS2/dss_ros2_ws/install/dss_bridge/lib/python3.10/site-packages/dss_bridge/dss_sdk/utils
[20.294s] copying /mnt/c/Project/DSS_ROS2/dss_ros2_ws/build/dss_bridge/build/lib/dss_bridge/dss_sdk/utils/logger.py -> /mnt/c/Project/DSS_ROS2/dss_ros2_ws/install/dss_bridge/lib/python3.10/site-packages/dss_bridge/dss_sdk/utils
[20.454s] copying /mnt/c/Project/DSS_ROS2/dss_ros2_ws/build/dss_bridge/build/lib/dss_bridge/dss_sdk/utils/__init__.py -> /mnt/c/Project/DSS_ROS2/dss_ros2_ws/install/dss_bridge/lib/python3.10/site-packages/dss_bridge/dss_sdk/utils
[20.584s] copying /mnt/c/Project/DSS_ROS2/dss_ros2_ws/build/dss_bridge/build/lib/dss_bridge/dss_sdk/__init__.py -> /mnt/c/Project/DSS_ROS2/dss_ros2_ws/install/dss_bridge/lib/python3.10/site-packages/dss_bridge/dss_sdk
[20.697s] copying /mnt/c/Project/DSS_ROS2/dss_ros2_ws/build/dss_bridge/build/lib/dss_bridge/__init__.py -> /mnt/c/Project/DSS_ROS2/dss_ros2_ws/install/dss_bridge/lib/python3.10/site-packages/dss_bridge
[20.807s] byte-compiling /mnt/c/Project/DSS_ROS2/dss_ros2_ws/install/dss_bridge/lib/python3.10/site-packages/dss_bridge/dss_bridge_node.py to dss_bridge_node.cpython-310.pyc
[20.939s] byte-compiling /mnt/c/Project/DSS_ROS2/dss_ros2_ws/install/dss_bridge/lib/python3.10/site-packages/dss_bridge/dss_car_control_node.py to dss_car_control_node.cpython-310.pyc
[21.105s] byte-compiling /mnt/c/Project/DSS_ROS2/dss_ros2_ws/install/dss_bridge/lib/python3.10/site-packages/dss_bridge/dss_sdk/config/sdk_config.py to sdk_config.cpython-310.pyc
[21.244s] byte-compiling /mnt/c/Project/DSS_ROS2/dss_ros2_ws/install/dss_bridge/lib/python3.10/site-packages/dss_bridge/dss_sdk/config/__init__.py to __init__.cpython-310.pyc
[21.363s] byte-compiling /mnt/c/Project/DSS_ROS2/dss_ros2_ws/install/dss_bridge/lib/python3.10/site-packages/dss_bridge/dss_sdk/core/idsssdk.py to idsssdk.cpython-310.pyc
[21.515s] byte-compiling /mnt/c/Project/DSS_ROS2/dss_ros2_ws/install/dss_bridge/lib/python3.10/site-packages/dss_bridge/dss_sdk/core/osi_manager.py to osi_manager.cpython-310.pyc
[21.661s] byte-compiling /mnt/c/Project/DSS_ROS2/dss_ros2_ws/install/dss_bridge/lib/python3.10/site-packages/dss_bridge/dss_sdk/core/sim_control_sender.py to sim_control_sender.cpython-310.pyc
[21.806s] byte-compiling /mnt/c/Project/DSS_ROS2/dss_ros2_ws/install/dss_bridge/lib/python3.10/site-packages/dss_bridge/dss_sdk/core/__init__.py to __init__.cpython-310.pyc
[21.953s] byte-compiling /mnt/c/Project/DSS_ROS2/dss_ros2_ws/install/dss_bridge/lib/python3.10/site-packages/dss_bridge/dss_sdk/osi3/osi_common_pb2.py to osi_common_pb2.cpython-310.pyc
[22.096s] byte-compiling /mnt/c/Project/DSS_ROS2/dss_ros2_ws/install/dss_bridge/lib/python3.10/site-packages/dss_bridge/dss_sdk/osi3/osi_datarecording_pb2.py to osi_datarecording_pb2.cpython-310.pyc
[22.250s] byte-compiling /mnt/c/Project/DSS_ROS2/dss_ros2_ws/install/dss_bridge/lib/python3.10/site-packages/dss_bridge/dss_sdk/osi3/osi_detectedlane_pb2.py to osi_detectedlane_pb2.cpython-310.pyc
[22.402s] byte-compiling /mnt/c/Project/DSS_ROS2/dss_ros2_ws/install/dss_bridge/lib/python3.10/site-packages/dss_bridge/dss_sdk/osi3/osi_detectedobject_pb2.py to osi_detectedobject_pb2.cpython-310.pyc
[22.557s] byte-compiling /mnt/c/Project/DSS_ROS2/dss_ros2_ws/install/dss_bridge/lib/python3.10/site-packages/dss_bridge/dss_sdk/osi3/osi_detectedoccupant_pb2.py to osi_detectedoccupant_pb2.cpython-310.pyc
[22.705s] byte-compiling /mnt/c/Project/DSS_ROS2/dss_ros2_ws/install/dss_bridge/lib/python3.10/site-packages/dss_bridge/dss_sdk/osi3/osi_detectedroadmarking_pb2.py to osi_detectedroadmarking_pb2.cpython-310.pyc
[22.840s] byte-compiling /mnt/c/Project/DSS_ROS2/dss_ros2_ws/install/dss_bridge/lib/python3.10/site-packages/dss_bridge/dss_sdk/osi3/osi_detectedtrafficlight_pb2.py to osi_detectedtrafficlight_pb2.cpython-310.pyc
[22.982s] byte-compiling /mnt/c/Project/DSS_ROS2/dss_ros2_ws/install/dss_bridge/lib/python3.10/site-packages/dss_bridge/dss_sdk/osi3/osi_detectedtrafficsign_pb2.py to osi_detectedtrafficsign_pb2.cpython-310.pyc
[23.156s] byte-compiling /mnt/c/Project/DSS_ROS2/dss_ros2_ws/install/dss_bridge/lib/python3.10/site-packages/dss_bridge/dss_sdk/osi3/osi_environment_pb2.py to osi_environment_pb2.cpython-310.pyc
[23.310s] byte-compiling /mnt/c/Project/DSS_ROS2/dss_ros2_ws/install/dss_bridge/lib/python3.10/site-packages/dss_bridge/dss_sdk/osi3/osi_featuredata_pb2.py to osi_featuredata_pb2.cpython-310.pyc
[23.453s] byte-compiling /mnt/c/Project/DSS_ROS2/dss_ros2_ws/install/dss_bridge/lib/python3.10/site-packages/dss_bridge/dss_sdk/osi3/osi_groundtruth_pb2.py to osi_groundtruth_pb2.cpython-310.pyc
[23.607s] byte-compiling /mnt/c/Project/DSS_ROS2/dss_ros2_ws/install/dss_bridge/lib/python3.10/site-packages/dss_bridge/dss_sdk/osi3/osi_hostvehicledata_pb2.py to osi_hostvehicledata_pb2.cpython-310.pyc
[23.744s] byte-compiling /mnt/c/Project/DSS_ROS2/dss_ros2_ws/install/dss_bridge/lib/python3.10/site-packages/dss_bridge/dss_sdk/osi3/osi_lane_pb2.py to osi_lane_pb2.cpython-310.pyc
[23.880s] byte-compiling /mnt/c/Project/DSS_ROS2/dss_ros2_ws/install/dss_bridge/lib/python3.10/site-packages/dss_bridge/dss_sdk/osi3/osi_logicaldetectiondata_pb2.py to osi_logicaldetectiondata_pb2.cpython-310.pyc
[24.059s] byte-compiling /mnt/c/Project/DSS_ROS2/dss_ros2_ws/install/dss_bridge/lib/python3.10/site-packages/dss_bridge/dss_sdk/osi3/osi_logicallane_pb2.py to osi_logicallane_pb2.cpython-310.pyc
[24.203s] byte-compiling /mnt/c/Project/DSS_ROS2/dss_ros2_ws/install/dss_bridge/lib/python3.10/site-packages/dss_bridge/dss_sdk/osi3/osi_object_pb2.py to osi_object_pb2.cpython-310.pyc
[24.355s] byte-compiling /mnt/c/Project/DSS_ROS2/dss_ros2_ws/install/dss_bridge/lib/python3.10/site-packages/dss_bridge/dss_sdk/osi3/osi_occupant_pb2.py to osi_occupant_pb2.cpython-310.pyc
[24.519s] byte-compiling /mnt/c/Project/DSS_ROS2/dss_ros2_ws/install/dss_bridge/lib/python3.10/site-packages/dss_bridge/dss_sdk/osi3/osi_referenceline_pb2.py to osi_referenceline_pb2.cpython-310.pyc
[24.680s] byte-compiling /mnt/c/Project/DSS_ROS2/dss_ros2_ws/install/dss_bridge/lib/python3.10/site-packages/dss_bridge/dss_sdk/osi3/osi_roadmarking_pb2.py to osi_roadmarking_pb2.cpython-310.pyc
[24.806s] byte-compiling /mnt/c/Project/DSS_ROS2/dss_ros2_ws/install/dss_bridge/lib/python3.10/site-packages/dss_bridge/dss_sdk/osi3/osi_sensordata_pb2.py to osi_sensordata_pb2.cpython-310.pyc
[24.966s] byte-compiling /mnt/c/Project/DSS_ROS2/dss_ros2_ws/install/dss_bridge/lib/python3.10/site-packages/dss_bridge/dss_sdk/osi3/osi_sensorspecific_pb2.py to osi_sensorspecific_pb2.cpython-310.pyc
[25.151s] byte-compiling /mnt/c/Project/DSS_ROS2/dss_ros2_ws/install/dss_bridge/lib/python3.10/site-packages/dss_bridge/dss_sdk/osi3/osi_sensorviewconfiguration_pb2.py to osi_sensorviewconfiguration_pb2.cpython-310.pyc
[25.286s] byte-compiling /mnt/c/Project/DSS_ROS2/dss_ros2_ws/install/dss_bridge/lib/python3.10/site-packages/dss_bridge/dss_sdk/osi3/osi_sensorview_pb2.py to osi_sensorview_pb2.cpython-310.pyc
[25.424s] byte-compiling /mnt/c/Project/DSS_ROS2/dss_ros2_ws/install/dss_bridge/lib/python3.10/site-packages/dss_bridge/dss_sdk/osi3/osi_trafficcommandupdate_pb2.py to osi_trafficcommandupdate_pb2.cpython-310.pyc
[25.566s] byte-compiling /mnt/c/Project/DSS_ROS2/dss_ros2_ws/install/dss_bridge/lib/python3.10/site-packages/dss_bridge/dss_sdk/osi3/osi_trafficcommand_pb2.py to osi_trafficcommand_pb2.cpython-310.pyc
[25.709s] byte-compiling /mnt/c/Project/DSS_ROS2/dss_ros2_ws/install/dss_bridge/lib/python3.10/site-packages/dss_bridge/dss_sdk/osi3/osi_trafficlight_pb2.py to osi_trafficlight_pb2.cpython-310.pyc
[25.854s] byte-compiling /mnt/c/Project/DSS_ROS2/dss_ros2_ws/install/dss_bridge/lib/python3.10/site-packages/dss_bridge/dss_sdk/osi3/osi_trafficsign_pb2.py to osi_trafficsign_pb2.cpython-310.pyc
[25.978s] byte-compiling /mnt/c/Project/DSS_ROS2/dss_ros2_ws/install/dss_bridge/lib/python3.10/site-packages/dss_bridge/dss_sdk/osi3/osi_trafficupdate_pb2.py to osi_trafficupdate_pb2.cpython-310.pyc
[26.124s] byte-compiling /mnt/c/Project/DSS_ROS2/dss_ros2_ws/install/dss_bridge/lib/python3.10/site-packages/dss_bridge/dss_sdk/osi3/osi_version_pb2.py to osi_version_pb2.cpython-310.pyc
[26.256s] byte-compiling /mnt/c/Project/DSS_ROS2/dss_ros2_ws/install/dss_bridge/lib/python3.10/site-packages/dss_bridge/dss_sdk/osi3/__init__.py to __init__.cpython-310.pyc
[26.399s] byte-compiling /mnt/c/Project/DSS_ROS2/dss_ros2_ws/install/dss_bridge/lib/python3.10/site-packages/dss_bridge/dss_sdk/protobuf/dss_pb2.py to dss_pb2.cpython-310.pyc
[26.543s] byte-compiling /mnt/c/Project/DSS_ROS2/dss_ros2_ws/install/dss_bridge/lib/python3.10/site-packages/dss_bridge/dss_sdk/protobuf/__init__.py to __init__.cpython-310.pyc
[26.700s] byte-compiling /mnt/c/Project/DSS_ROS2/dss_ros2_ws/install/dss_bridge/lib/python3.10/site-packages/dss_bridge/dss_sdk/utils/formatter.py to formatter.cpython-310.pyc
[26.838s] byte-compiling /mnt/c/Project/DSS_ROS2/dss_ros2_ws/install/dss_bridge/lib/python3.10/site-packages/dss_bridge/dss_sdk/utils/logger.py to logger.cpython-310.pyc
[26.990s] byte-compiling /mnt/c/Project/DSS_ROS2/dss_ros2_ws/install/dss_bridge/lib/python3.10/site-packages/dss_bridge/dss_sdk/utils/__init__.py to __init__.cpython-310.pyc
[27.158s] byte-compiling /mnt/c/Project/DSS_ROS2/dss_ros2_ws/install/dss_bridge/lib/python3.10/site-packages/dss_bridge/dss_sdk/__init__.py to __init__.cpython-310.pyc
[27.300s] byte-compiling /mnt/c/Project/DSS_ROS2/dss_ros2_ws/install/dss_bridge/lib/python3.10/site-packages/dss_bridge/__init__.py to __init__.cpython-310.pyc
[27.407s] running install_data
[27.432s] copying resource/dss_bridge -> /mnt/c/Project/DSS_ROS2/dss_ros2_ws/install/dss_bridge/share/ament_index/resource_index/packages
[27.525s] copying package.xml -> /mnt/c/Project/DSS_ROS2/dss_ros2_ws/install/dss_bridge/share/dss_bridge
[27.578s] running install_egg_info
[27.630s] Copying ../../../../build/dss_bridge/dss_bridge.egg-info to /mnt/c/Project/DSS_ROS2/dss_ros2_ws/install/dss_bridge/lib/python3.10/site-packages/dss_bridge-0.0.0-py3.10.egg-info
[28.368s] running install_scripts
[28.584s] Installing dss_bridge_node script to /mnt/c/Project/DSS_ROS2/dss_ros2_ws/install/dss_bridge/lib/dss_bridge
[28.623s] Installing dss_car_control_node script to /mnt/c/Project/DSS_ROS2/dss_ros2_ws/install/dss_bridge/lib/dss_bridge
[28.686s] writing list of installed files to '/mnt/c/Project/DSS_ROS2/dss_ros2_ws/build/dss_bridge/install.log'
