[3.088s] DEBUG:colcon:Command line arguments: ['/usr/bin/colcon', 'build']
[3.089s] DEBUG:colcon:Parsed command line arguments: Namespace(log_base=None, log_level=None, verb_name='build', build_base='build', install_base='install', merge_install=False, symlink_install=False, test_result_base=None, continue_on_error=False, executor='parallel', parallel_workers=16, event_handlers=None, ignore_user_meta=False, metas=['./colcon.meta'], base_paths=['.'], packages_ignore=None, packages_ignore_regex=None, paths=None, packages_up_to=None, packages_up_to_regex=None, packages_above=None, packages_above_and_dependencies=None, packages_above_depth=None, packages_select_by_dep=None, packages_skip_by_dep=None, packages_skip_up_to=None, packages_select_build_failed=False, packages_skip_build_finished=False, packages_select_test_failures=False, packages_skip_test_passed=False, packages_select=None, packages_skip=None, packages_select_regex=None, packages_skip_regex=None, packages_start=None, packages_end=None, allow_overriding=[], cmake_args=None, cmake_target=None, cmake_target_skip_unavailable=False, cmake_clean_cache=False, cmake_clean_first=False, cmake_force_configure=False, ament_cmake_args=None, catkin_cmake_args=None, catkin_skip_building_tests=False, verb_parser=<colcon_defaults.argument_parser.defaults.DefaultArgumentsDecorator object at 0x706f72217e20>, verb_extension=<colcon_core.verb.build.BuildVerb object at 0x706f72216e00>, main=<bound method BuildVerb.main of <colcon_core.verb.build.BuildVerb object at 0x706f72216e00>>)
[4.187s] Level 1:colcon.colcon_core.package_discovery:discover_packages(colcon_meta) check parameters
[4.188s] Level 1:colcon.colcon_core.package_discovery:discover_packages(recursive) check parameters
[4.189s] Level 1:colcon.colcon_core.package_discovery:discover_packages(ignore) check parameters
[4.190s] Level 1:colcon.colcon_core.package_discovery:discover_packages(path) check parameters
[4.192s] Level 1:colcon.colcon_core.package_discovery:discover_packages(colcon_meta) discover
[4.192s] Level 1:colcon.colcon_core.package_discovery:discover_packages(recursive) discover
[4.194s] INFO:colcon.colcon_core.package_discovery:Crawling recursively for packages in '/mnt/c/Project/DSS_ROS2/dss_ros2_ws'
[4.203s] Level 1:colcon.colcon_core.package_identification:_identify(.) by extensions ['ignore', 'ignore_ament_install']
[4.205s] Level 1:colcon.colcon_core.package_identification:_identify(.) by extension 'ignore'
[4.207s] Level 1:colcon.colcon_core.package_identification:_identify(.) by extension 'ignore_ament_install'
[4.209s] Level 1:colcon.colcon_core.package_identification:_identify(.) by extensions ['colcon_pkg']
[4.210s] Level 1:colcon.colcon_core.package_identification:_identify(.) by extension 'colcon_pkg'
[4.211s] Level 1:colcon.colcon_core.package_identification:_identify(.) by extensions ['colcon_meta']
[4.216s] Level 1:colcon.colcon_core.package_identification:_identify(.) by extension 'colcon_meta'
[4.219s] Level 1:colcon.colcon_core.package_identification:_identify(.) by extensions ['ros']
[4.220s] Level 1:colcon.colcon_core.package_identification:_identify(.) by extension 'ros'
[4.269s] Level 1:colcon.colcon_core.package_identification:_identify(.) by extensions ['cmake', 'python']
[4.270s] Level 1:colcon.colcon_core.package_identification:_identify(.) by extension 'cmake'
[4.274s] Level 1:colcon.colcon_core.package_identification:_identify(.) by extension 'python'
[4.278s] Level 1:colcon.colcon_core.package_identification:_identify(.) by extensions ['python_setup_py']
[4.278s] Level 1:colcon.colcon_core.package_identification:_identify(.) by extension 'python_setup_py'
[4.296s] Level 1:colcon.colcon_core.package_identification:_identify(build) by extensions ['ignore', 'ignore_ament_install']
[4.298s] Level 1:colcon.colcon_core.package_identification:_identify(build) by extension 'ignore'
[4.306s] Level 1:colcon.colcon_core.package_identification:_identify(build) ignored
[4.319s] Level 1:colcon.colcon_core.package_identification:_identify(install) by extensions ['ignore', 'ignore_ament_install']
[4.320s] Level 1:colcon.colcon_core.package_identification:_identify(install) by extension 'ignore'
[4.329s] Level 1:colcon.colcon_core.package_identification:_identify(install) ignored
[4.354s] Level 1:colcon.colcon_core.package_identification:_identify(log) by extensions ['ignore', 'ignore_ament_install']
[4.355s] Level 1:colcon.colcon_core.package_identification:_identify(log) by extension 'ignore'
[4.357s] Level 1:colcon.colcon_core.package_identification:_identify(log) ignored
[4.372s] Level 1:colcon.colcon_core.package_identification:_identify(src) by extensions ['ignore', 'ignore_ament_install']
[4.374s] Level 1:colcon.colcon_core.package_identification:_identify(src) by extension 'ignore'
[4.377s] Level 1:colcon.colcon_core.package_identification:_identify(src) by extension 'ignore_ament_install'
[4.389s] Level 1:colcon.colcon_core.package_identification:_identify(src) by extensions ['colcon_pkg']
[4.391s] Level 1:colcon.colcon_core.package_identification:_identify(src) by extension 'colcon_pkg'
[4.397s] Level 1:colcon.colcon_core.package_identification:_identify(src) by extensions ['colcon_meta']
[4.399s] Level 1:colcon.colcon_core.package_identification:_identify(src) by extension 'colcon_meta'
[4.409s] Level 1:colcon.colcon_core.package_identification:_identify(src) by extensions ['ros']
[4.413s] Level 1:colcon.colcon_core.package_identification:_identify(src) by extension 'ros'
[4.452s] Level 1:colcon.colcon_core.package_identification:_identify(src) by extensions ['cmake', 'python']
[4.452s] Level 1:colcon.colcon_core.package_identification:_identify(src) by extension 'cmake'
[4.460s] Level 1:colcon.colcon_core.package_identification:_identify(src) by extension 'python'
[4.463s] Level 1:colcon.colcon_core.package_identification:_identify(src) by extensions ['python_setup_py']
[4.465s] Level 1:colcon.colcon_core.package_identification:_identify(src) by extension 'python_setup_py'
[4.495s] Level 1:colcon.colcon_core.package_identification:_identify(src/dss-ros2-bridge) by extensions ['ignore', 'ignore_ament_install']
[4.496s] Level 1:colcon.colcon_core.package_identification:_identify(src/dss-ros2-bridge) by extension 'ignore'
[4.505s] Level 1:colcon.colcon_core.package_identification:_identify(src/dss-ros2-bridge) by extension 'ignore_ament_install'
[4.521s] Level 1:colcon.colcon_core.package_identification:_identify(src/dss-ros2-bridge) by extensions ['colcon_pkg']
[4.523s] Level 1:colcon.colcon_core.package_identification:_identify(src/dss-ros2-bridge) by extension 'colcon_pkg'
[4.533s] Level 1:colcon.colcon_core.package_identification:_identify(src/dss-ros2-bridge) by extensions ['colcon_meta']
[4.533s] Level 1:colcon.colcon_core.package_identification:_identify(src/dss-ros2-bridge) by extension 'colcon_meta'
[4.549s] Level 1:colcon.colcon_core.package_identification:_identify(src/dss-ros2-bridge) by extensions ['ros']
[4.551s] Level 1:colcon.colcon_core.package_identification:_identify(src/dss-ros2-bridge) by extension 'ros'
[4.596s] Level 1:colcon.colcon_core.package_identification:_identify(src/dss-ros2-bridge) by extensions ['cmake', 'python']
[4.598s] Level 1:colcon.colcon_core.package_identification:_identify(src/dss-ros2-bridge) by extension 'cmake'
[4.606s] Level 1:colcon.colcon_core.package_identification:_identify(src/dss-ros2-bridge) by extension 'python'
[4.617s] Level 1:colcon.colcon_core.package_identification:_identify(src/dss-ros2-bridge) by extensions ['python_setup_py']
[4.618s] Level 1:colcon.colcon_core.package_identification:_identify(src/dss-ros2-bridge) by extension 'python_setup_py'
[4.663s] Level 1:colcon.colcon_core.package_identification:_identify(src/dss-ros2-bridge/src) by extensions ['ignore', 'ignore_ament_install']
[4.665s] Level 1:colcon.colcon_core.package_identification:_identify(src/dss-ros2-bridge/src) by extension 'ignore'
[4.677s] Level 1:colcon.colcon_core.package_identification:_identify(src/dss-ros2-bridge/src) by extension 'ignore_ament_install'
[4.700s] Level 1:colcon.colcon_core.package_identification:_identify(src/dss-ros2-bridge/src) by extensions ['colcon_pkg']
[4.702s] Level 1:colcon.colcon_core.package_identification:_identify(src/dss-ros2-bridge/src) by extension 'colcon_pkg'
[4.715s] Level 1:colcon.colcon_core.package_identification:_identify(src/dss-ros2-bridge/src) by extensions ['colcon_meta']
[4.716s] Level 1:colcon.colcon_core.package_identification:_identify(src/dss-ros2-bridge/src) by extension 'colcon_meta'
[4.744s] Level 1:colcon.colcon_core.package_identification:_identify(src/dss-ros2-bridge/src) by extensions ['ros']
[4.746s] Level 1:colcon.colcon_core.package_identification:_identify(src/dss-ros2-bridge/src) by extension 'ros'
[4.807s] Level 1:colcon.colcon_core.package_identification:_identify(src/dss-ros2-bridge/src) by extensions ['cmake', 'python']
[4.810s] Level 1:colcon.colcon_core.package_identification:_identify(src/dss-ros2-bridge/src) by extension 'cmake'
[4.825s] Level 1:colcon.colcon_core.package_identification:_identify(src/dss-ros2-bridge/src) by extension 'python'
[4.838s] Level 1:colcon.colcon_core.package_identification:_identify(src/dss-ros2-bridge/src) by extensions ['python_setup_py']
[4.839s] Level 1:colcon.colcon_core.package_identification:_identify(src/dss-ros2-bridge/src) by extension 'python_setup_py'
[4.911s] Level 1:colcon.colcon_core.package_identification:_identify(src/dss-ros2-bridge/src/dss_bridge) by extensions ['ignore', 'ignore_ament_install']
[4.912s] Level 1:colcon.colcon_core.package_identification:_identify(src/dss-ros2-bridge/src/dss_bridge) by extension 'ignore'
[4.922s] Level 1:colcon.colcon_core.package_identification:_identify(src/dss-ros2-bridge/src/dss_bridge) by extension 'ignore_ament_install'
[4.941s] Level 1:colcon.colcon_core.package_identification:_identify(src/dss-ros2-bridge/src/dss_bridge) by extensions ['colcon_pkg']
[4.942s] Level 1:colcon.colcon_core.package_identification:_identify(src/dss-ros2-bridge/src/dss_bridge) by extension 'colcon_pkg'
[4.951s] Level 1:colcon.colcon_core.package_identification:_identify(src/dss-ros2-bridge/src/dss_bridge) by extensions ['colcon_meta']
[4.952s] Level 1:colcon.colcon_core.package_identification:_identify(src/dss-ros2-bridge/src/dss_bridge) by extension 'colcon_meta'
[4.972s] Level 1:colcon.colcon_core.package_identification:_identify(src/dss-ros2-bridge/src/dss_bridge) by extensions ['ros']
[4.973s] Level 1:colcon.colcon_core.package_identification:_identify(src/dss-ros2-bridge/src/dss_bridge) by extension 'ros'
[5.085s] DEBUG:colcon.colcon_core.package_identification:Package 'src/dss-ros2-bridge/src/dss_bridge' with type 'ros.ament_python' and name 'dss_bridge'
[5.087s] Level 1:colcon.colcon_core.package_discovery:discover_packages(recursive) using defaults
[5.090s] Level 1:colcon.colcon_core.package_discovery:discover_packages(ignore) discover
[5.091s] Level 1:colcon.colcon_core.package_discovery:discover_packages(ignore) using defaults
[5.091s] Level 1:colcon.colcon_core.package_discovery:discover_packages(path) discover
[5.092s] Level 1:colcon.colcon_core.package_discovery:discover_packages(path) using defaults
[5.498s] Level 1:colcon.colcon_core.package_discovery:discover_packages(prefix_path) check parameters
[5.499s] Level 1:colcon.colcon_core.package_discovery:discover_packages(prefix_path) discover
[5.624s] DEBUG:colcon.colcon_installed_package_information.package_discovery:Found 1 installed packages in /mnt/c/Project/DSS_ROS2/dss_ros2_ws/install
[5.628s] DEBUG:colcon.colcon_installed_package_information.package_discovery:Found 295 installed packages in /opt/ros/humble
[5.642s] Level 1:colcon.colcon_core.package_discovery:discover_packages(prefix_path) using defaults
[5.716s] Level 5:colcon.colcon_core.verb:set package 'dss_bridge' build argument 'cmake_args' from command line to 'None'
[5.716s] Level 5:colcon.colcon_core.verb:set package 'dss_bridge' build argument 'cmake_target' from command line to 'None'
[5.716s] Level 5:colcon.colcon_core.verb:set package 'dss_bridge' build argument 'cmake_target_skip_unavailable' from command line to 'False'
[5.717s] Level 5:colcon.colcon_core.verb:set package 'dss_bridge' build argument 'cmake_clean_cache' from command line to 'False'
[5.717s] Level 5:colcon.colcon_core.verb:set package 'dss_bridge' build argument 'cmake_clean_first' from command line to 'False'
[5.717s] Level 5:colcon.colcon_core.verb:set package 'dss_bridge' build argument 'cmake_force_configure' from command line to 'False'
[5.718s] Level 5:colcon.colcon_core.verb:set package 'dss_bridge' build argument 'ament_cmake_args' from command line to 'None'
[5.718s] Level 5:colcon.colcon_core.verb:set package 'dss_bridge' build argument 'catkin_cmake_args' from command line to 'None'
[5.719s] Level 5:colcon.colcon_core.verb:set package 'dss_bridge' build argument 'catkin_skip_building_tests' from command line to 'False'
[5.720s] DEBUG:colcon.colcon_core.verb:Building package 'dss_bridge' with the following arguments: {'ament_cmake_args': None, 'build_base': '/mnt/c/Project/DSS_ROS2/dss_ros2_ws/build/dss_bridge', 'catkin_cmake_args': None, 'catkin_skip_building_tests': False, 'cmake_args': None, 'cmake_clean_cache': False, 'cmake_clean_first': False, 'cmake_force_configure': False, 'cmake_target': None, 'cmake_target_skip_unavailable': False, 'install_base': '/mnt/c/Project/DSS_ROS2/dss_ros2_ws/install/dss_bridge', 'merge_install': False, 'path': '/mnt/c/Project/DSS_ROS2/dss_ros2_ws/src/dss-ros2-bridge/src/dss_bridge', 'symlink_install': False, 'test_result_base': None}
[5.721s] INFO:colcon.colcon_core.executor:Executing jobs using 'parallel' executor
[5.722s] DEBUG:colcon.colcon_parallel_executor.executor.parallel:run_until_complete
[5.723s] INFO:colcon.colcon_ros.task.ament_python.build:Building ROS package in '/mnt/c/Project/DSS_ROS2/dss_ros2_ws/src/dss-ros2-bridge/src/dss_bridge' with build type 'ament_python'
[5.723s] Level 1:colcon.colcon_core.shell:create_environment_hook('dss_bridge', 'ament_prefix_path')
[5.749s] INFO:colcon.colcon_core.plugin_system:Skipping extension 'colcon_core.shell.bat': Not used on non-Windows systems
[5.749s] INFO:colcon.colcon_core.shell:Creating environment hook '/mnt/c/Project/DSS_ROS2/dss_ros2_ws/install/dss_bridge/share/dss_bridge/hook/ament_prefix_path.ps1'
[5.809s] INFO:colcon.colcon_core.shell:Creating environment descriptor '/mnt/c/Project/DSS_ROS2/dss_ros2_ws/install/dss_bridge/share/dss_bridge/hook/ament_prefix_path.dsv'
[5.859s] INFO:colcon.colcon_core.shell:Creating environment hook '/mnt/c/Project/DSS_ROS2/dss_ros2_ws/install/dss_bridge/share/dss_bridge/hook/ament_prefix_path.sh'
[5.915s] INFO:colcon.colcon_core.shell:Skip shell extension 'powershell' for command environment: Not usable outside of PowerShell
[5.917s] DEBUG:colcon.colcon_core.shell:Skip shell extension 'dsv' for command environment
[8.266s] INFO:colcon.colcon_core.task.python.build:Building Python package in '/mnt/c/Project/DSS_ROS2/dss_ros2_ws/src/dss-ros2-bridge/src/dss_bridge'
[8.267s] INFO:colcon.colcon_core.shell:Skip shell extension 'powershell' for command environment: Not usable outside of PowerShell
[8.267s] DEBUG:colcon.colcon_core.shell:Skip shell extension 'dsv' for command environment
[12.614s] DEBUG:colcon.colcon_core.event_handler.log_command:Invoking command in '/mnt/c/Project/DSS_ROS2/dss_ros2_ws/build/dss_bridge': PYTHONPATH=/mnt/c/Project/DSS_ROS2/dss_ros2_ws/build/dss_bridge/prefix_override:/usr/lib/python3/dist-packages/colcon_core/task/python/colcon_distutils_commands:/mnt/c/Project/DSS_ROS2/dss_ros2_ws/install/dss_bridge/lib/python3.10/site-packages:${PYTHONPATH} /usr/bin/python3 -W ignore:setup.py install is deprecated -W ignore:easy_install command is deprecated setup.py develop --uninstall --editable --build-directory /mnt/c/Project/DSS_ROS2/dss_ros2_ws/build/dss_bridge/build
[18.018s] DEBUG:colcon.colcon_core.event_handler.log_command:Invoked command in '/mnt/c/Project/DSS_ROS2/dss_ros2_ws/build/dss_bridge' returned '0': PYTHONPATH=/mnt/c/Project/DSS_ROS2/dss_ros2_ws/build/dss_bridge/prefix_override:/usr/lib/python3/dist-packages/colcon_core/task/python/colcon_distutils_commands:/mnt/c/Project/DSS_ROS2/dss_ros2_ws/install/dss_bridge/lib/python3.10/site-packages:${PYTHONPATH} /usr/bin/python3 -W ignore:setup.py install is deprecated -W ignore:easy_install command is deprecated setup.py develop --uninstall --editable --build-directory /mnt/c/Project/DSS_ROS2/dss_ros2_ws/build/dss_bridge/build
[18.100s] DEBUG:colcon.colcon_core.event_handler.log_command:Invoking command in '/mnt/c/Project/DSS_ROS2/dss_ros2_ws/src/dss-ros2-bridge/src/dss_bridge': PYTHONPATH=/mnt/c/Project/DSS_ROS2/dss_ros2_ws/build/dss_bridge/prefix_override:/usr/lib/python3/dist-packages/colcon_core/task/python/colcon_distutils_commands:/mnt/c/Project/DSS_ROS2/dss_ros2_ws/install/dss_bridge/lib/python3.10/site-packages:${PYTHONPATH} /usr/bin/python3 -W ignore:setup.py install is deprecated -W ignore:easy_install command is deprecated setup.py egg_info --egg-base ../../../../build/dss_bridge build --build-base /mnt/c/Project/DSS_ROS2/dss_ros2_ws/build/dss_bridge/build install --record /mnt/c/Project/DSS_ROS2/dss_ros2_ws/build/dss_bridge/install.log --single-version-externally-managed install_data --force
[52.737s] DEBUG:colcon.colcon_core.event_handler.log_command:Invoked command in '/mnt/c/Project/DSS_ROS2/dss_ros2_ws/src/dss-ros2-bridge/src/dss_bridge' returned '0': PYTHONPATH=/mnt/c/Project/DSS_ROS2/dss_ros2_ws/build/dss_bridge/prefix_override:/usr/lib/python3/dist-packages/colcon_core/task/python/colcon_distutils_commands:/mnt/c/Project/DSS_ROS2/dss_ros2_ws/install/dss_bridge/lib/python3.10/site-packages:${PYTHONPATH} /usr/bin/python3 -W ignore:setup.py install is deprecated -W ignore:easy_install command is deprecated setup.py egg_info --egg-base ../../../../build/dss_bridge build --build-base /mnt/c/Project/DSS_ROS2/dss_ros2_ws/build/dss_bridge/build install --record /mnt/c/Project/DSS_ROS2/dss_ros2_ws/build/dss_bridge/install.log --single-version-externally-managed install_data --force
[52.796s] Level 1:colcon.colcon_core.environment:checking '/mnt/c/Project/DSS_ROS2/dss_ros2_ws/install/dss_bridge' for CMake module files
[53.009s] Level 1:colcon.colcon_core.environment:checking '/mnt/c/Project/DSS_ROS2/dss_ros2_ws/install/dss_bridge' for CMake config files
[53.754s] Level 1:colcon.colcon_core.environment:checking '/mnt/c/Project/DSS_ROS2/dss_ros2_ws/install/dss_bridge/lib'
[53.773s] Level 1:colcon.colcon_core.environment:checking '/mnt/c/Project/DSS_ROS2/dss_ros2_ws/install/dss_bridge/bin'
[53.780s] Level 1:colcon.colcon_core.environment:checking '/mnt/c/Project/DSS_ROS2/dss_ros2_ws/install/dss_bridge/lib/pkgconfig/dss_bridge.pc'
[53.792s] Level 1:colcon.colcon_core.environment:checking '/mnt/c/Project/DSS_ROS2/dss_ros2_ws/install/dss_bridge/lib/python3.10/site-packages'
[53.801s] Level 1:colcon.colcon_core.shell:create_environment_hook('dss_bridge', 'pythonpath')
[53.802s] INFO:colcon.colcon_core.shell:Creating environment hook '/mnt/c/Project/DSS_ROS2/dss_ros2_ws/install/dss_bridge/share/dss_bridge/hook/pythonpath.ps1'
[53.869s] INFO:colcon.colcon_core.shell:Creating environment descriptor '/mnt/c/Project/DSS_ROS2/dss_ros2_ws/install/dss_bridge/share/dss_bridge/hook/pythonpath.dsv'
[53.937s] INFO:colcon.colcon_core.shell:Creating environment hook '/mnt/c/Project/DSS_ROS2/dss_ros2_ws/install/dss_bridge/share/dss_bridge/hook/pythonpath.sh'
[53.996s] Level 1:colcon.colcon_core.environment:checking '/mnt/c/Project/DSS_ROS2/dss_ros2_ws/install/dss_bridge/bin'
[54.004s] Level 1:colcon.colcon_core.environment:create_environment_scripts_only(dss_bridge)
[54.005s] INFO:colcon.colcon_core.shell:Creating package script '/mnt/c/Project/DSS_ROS2/dss_ros2_ws/install/dss_bridge/share/dss_bridge/package.ps1'
[54.057s] INFO:colcon.colcon_core.shell:Creating package descriptor '/mnt/c/Project/DSS_ROS2/dss_ros2_ws/install/dss_bridge/share/dss_bridge/package.dsv'
[54.109s] INFO:colcon.colcon_core.shell:Creating package script '/mnt/c/Project/DSS_ROS2/dss_ros2_ws/install/dss_bridge/share/dss_bridge/package.sh'
[54.163s] INFO:colcon.colcon_core.shell:Creating package script '/mnt/c/Project/DSS_ROS2/dss_ros2_ws/install/dss_bridge/share/dss_bridge/package.bash'
[54.214s] INFO:colcon.colcon_core.shell:Creating package script '/mnt/c/Project/DSS_ROS2/dss_ros2_ws/install/dss_bridge/share/dss_bridge/package.zsh'
[54.261s] Level 1:colcon.colcon_core.environment:create_file_with_runtime_dependencies(/mnt/c/Project/DSS_ROS2/dss_ros2_ws/install/dss_bridge/share/colcon-core/packages/dss_bridge)
[54.300s] DEBUG:colcon.colcon_parallel_executor.executor.parallel:closing loop
[54.302s] DEBUG:colcon.colcon_parallel_executor.executor.parallel:loop closed
[54.303s] DEBUG:colcon.colcon_parallel_executor.executor.parallel:run_until_complete finished with '0'
[54.305s] DEBUG:colcon.colcon_core.event_reactor:joining thread
[54.620s] INFO:colcon.colcon_core.plugin_system:Skipping extension 'colcon_notification.desktop_notification.notify_send': Could not find 'notify-send'
[54.621s] INFO:colcon.colcon_core.plugin_system:Skipping extension 'colcon_notification.desktop_notification.terminal_notifier': Not used on non-Darwin systems
[54.622s] INFO:colcon.colcon_core.plugin_system:Skipping extension 'colcon_notification.desktop_notification.win32': Not used on non-Windows systems
[54.624s] INFO:colcon.colcon_notification.desktop_notification:Sending desktop notification using 'notify2'
[54.626s] DEBUG:colcon.colcon_notification.desktop_notification.notify2:Failed to initialize notify2: org.freedesktop.DBus.Error.FileNotFound: Failed to connect to socket /run/user/1000/bus: No such file or directory
[54.627s] DEBUG:colcon.colcon_core.event_reactor:joined thread
[54.629s] INFO:colcon.colcon_core.shell:Creating prefix script '/mnt/c/Project/DSS_ROS2/dss_ros2_ws/install/local_setup.ps1'
[54.652s] INFO:colcon.colcon_core.shell:Creating prefix util module '/mnt/c/Project/DSS_ROS2/dss_ros2_ws/install/_local_setup_util_ps1.py'
[54.678s] INFO:colcon.colcon_core.shell:Creating prefix chain script '/mnt/c/Project/DSS_ROS2/dss_ros2_ws/install/setup.ps1'
[54.733s] INFO:colcon.colcon_core.shell:Creating prefix script '/mnt/c/Project/DSS_ROS2/dss_ros2_ws/install/local_setup.sh'
[54.753s] INFO:colcon.colcon_core.shell:Creating prefix util module '/mnt/c/Project/DSS_ROS2/dss_ros2_ws/install/_local_setup_util_sh.py'
[54.775s] INFO:colcon.colcon_core.shell:Creating prefix chain script '/mnt/c/Project/DSS_ROS2/dss_ros2_ws/install/setup.sh'
[54.838s] INFO:colcon.colcon_core.shell:Creating prefix script '/mnt/c/Project/DSS_ROS2/dss_ros2_ws/install/local_setup.bash'
[54.861s] INFO:colcon.colcon_core.shell:Creating prefix chain script '/mnt/c/Project/DSS_ROS2/dss_ros2_ws/install/setup.bash'
[54.909s] INFO:colcon.colcon_core.shell:Creating prefix script '/mnt/c/Project/DSS_ROS2/dss_ros2_ws/install/local_setup.zsh'
[54.928s] INFO:colcon.colcon_core.shell:Creating prefix chain script '/mnt/c/Project/DSS_ROS2/dss_ros2_ws/install/setup.zsh'
