[2.641s] Invoking command in '/mnt/c/Project/DSS_ROS2/dss_ros2_ws/src/dss-ros2-bridge/src/dss_bridge': PYTHONPATH=/mnt/c/Project/DSS_ROS2/dss_ros2_ws/build/dss_bridge/prefix_override:/usr/lib/python3/dist-packages/colcon_core/task/python/colcon_distutils_commands:/mnt/c/Project/DSS_ROS2/dss_ros2_ws/install/dss_bridge/lib/python3.10/site-packages:${PYTHONPATH} /usr/bin/python3 -W ignore:setup.py install is deprecated -W ignore:easy_install command is deprecated setup.py egg_info --egg-base ../../../../build/dss_bridge build --build-base /mnt/c/Project/DSS_ROS2/dss_ros2_ws/build/dss_bridge/build install --record /mnt/c/Project/DSS_ROS2/dss_ros2_ws/build/dss_bridge/install.log --single-version-externally-managed install_data
[3.634s] running egg_info
[3.641s] writing ../../../../build/dss_bridge/dss_bridge.egg-info/PKG-INFO
[3.651s] writing dependency_links to ../../../../build/dss_bridge/dss_bridge.egg-info/dependency_links.txt
[3.660s] writing entry points to ../../../../build/dss_bridge/dss_bridge.egg-info/entry_points.txt
[3.665s] writing requirements to ../../../../build/dss_bridge/dss_bridge.egg-info/requires.txt
[3.670s] writing top-level names to ../../../../build/dss_bridge/dss_bridge.egg-info/top_level.txt
[3.811s] reading manifest file '../../../../build/dss_bridge/dss_bridge.egg-info/SOURCES.txt'
[4.040s] writing manifest file '../../../../build/dss_bridge/dss_bridge.egg-info/SOURCES.txt'
[4.042s] running build
[4.042s] running build_py
[4.929s] running install
[4.930s] running install_lib
[7.277s] running install_data
[7.314s] running install_egg_info
[7.331s] removing '/mnt/c/Project/DSS_ROS2/dss_ros2_ws/install/dss_bridge/lib/python3.10/site-packages/dss_bridge-0.0.0-py3.10.egg-info' (and everything under it)
[7.403s] Copying ../../../../build/dss_bridge/dss_bridge.egg-info to /mnt/c/Project/DSS_ROS2/dss_ros2_ws/install/dss_bridge/lib/python3.10/site-packages/dss_bridge-0.0.0-py3.10.egg-info
[7.710s] running install_scripts
[7.807s] Installing dss_bridge_node script to /mnt/c/Project/DSS_ROS2/dss_ros2_ws/install/dss_bridge/lib/dss_bridge
[7.822s] Installing dss_car_control_node script to /mnt/c/Project/DSS_ROS2/dss_ros2_ws/install/dss_bridge/lib/dss_bridge
[7.851s] writing list of installed files to '/mnt/c/Project/DSS_ROS2/dss_ros2_ws/build/dss_bridge/install.log'
[7.877s] Invoked command in '/mnt/c/Project/DSS_ROS2/dss_ros2_ws/src/dss-ros2-bridge/src/dss_bridge' returned '0': PYTHONPATH=/mnt/c/Project/DSS_ROS2/dss_ros2_ws/build/dss_bridge/prefix_override:/usr/lib/python3/dist-packages/colcon_core/task/python/colcon_distutils_commands:/mnt/c/Project/DSS_ROS2/dss_ros2_ws/install/dss_bridge/lib/python3.10/site-packages:${PYTHONPATH} /usr/bin/python3 -W ignore:setup.py install is deprecated -W ignore:easy_install command is deprecated setup.py egg_info --egg-base ../../../../build/dss_bridge build --build-base /mnt/c/Project/DSS_ROS2/dss_ros2_ws/build/dss_bridge/build install --record /mnt/c/Project/DSS_ROS2/dss_ros2_ws/build/dss_bridge/install.log --single-version-externally-managed install_data
