[1.442s] Invoking command in '/mnt/c/Project/DSS_ROS2/dss_ros2_ws/build/dss_imu_steering_control': CMAKE_PREFIX_PATH=/mnt/c/Project/DSS_ROS2/dss_ros2_ws/install/dss_bridge:/opt/ros/humble /usr/bin/cmake --build /mnt/c/Project/DSS_ROS2/dss_ros2_ws/build/dss_imu_steering_control -- -j16 -l16
[1.691s] [35m[1mConsolidate compiler generated dependencies of target imu_steering_control_node[0m
[2.866s] [100%] Built target imu_steering_control_node
[2.919s] Invoked command in '/mnt/c/Project/DSS_ROS2/dss_ros2_ws/build/dss_imu_steering_control' returned '0': CMAKE_PREFIX_PATH=/mnt/c/Project/DSS_ROS2/dss_ros2_ws/install/dss_bridge:/opt/ros/humble /usr/bin/cmake --build /mnt/c/Project/DSS_ROS2/dss_ros2_ws/build/dss_imu_steering_control -- -j16 -l16
[2.966s] Invoking command in '/mnt/c/Project/DSS_ROS2/dss_ros2_ws/build/dss_imu_steering_control': CMAKE_PREFIX_PATH=/mnt/c/Project/DSS_ROS2/dss_ros2_ws/install/dss_bridge:/opt/ros/humble /usr/bin/cmake --install /mnt/c/Project/DSS_ROS2/dss_ros2_ws/build/dss_imu_steering_control
[2.984s] -- Install configuration: ""
[3.010s] -- Execute custom install script
[3.048s] -- Up-to-date symlink: /mnt/c/Project/DSS_ROS2/dss_ros2_ws/install/dss_imu_steering_control/lib/dss_imu_steering_control/imu_steering_control_node
[3.132s] -- Up-to-date symlink: /mnt/c/Project/DSS_ROS2/dss_ros2_ws/install/dss_imu_steering_control/share/dss_imu_steering_control/ui/steering_control.ui
[3.191s] -- Up-to-date symlink: /mnt/c/Project/DSS_ROS2/dss_ros2_ws/install/dss_imu_steering_control/lib/dss_imu_steering_control/simple_steering_gui.py
[3.293s] -- Up-to-date symlink: /mnt/c/Project/DSS_ROS2/dss_ros2_ws/install/dss_imu_steering_control/share/ament_index/resource_index/package_run_dependencies/dss_imu_steering_control
[3.421s] -- Up-to-date symlink: /mnt/c/Project/DSS_ROS2/dss_ros2_ws/install/dss_imu_steering_control/share/ament_index/resource_index/parent_prefix_path/dss_imu_steering_control
[3.439s] -- Up-to-date symlink: /mnt/c/Project/DSS_ROS2/dss_ros2_ws/install/dss_imu_steering_control/share/dss_imu_steering_control/environment/ament_prefix_path.sh
[3.482s] -- Up-to-date symlink: /mnt/c/Project/DSS_ROS2/dss_ros2_ws/install/dss_imu_steering_control/share/dss_imu_steering_control/environment/ament_prefix_path.dsv
[3.520s] -- Up-to-date symlink: /mnt/c/Project/DSS_ROS2/dss_ros2_ws/install/dss_imu_steering_control/share/dss_imu_steering_control/environment/path.sh
[3.563s] -- Up-to-date symlink: /mnt/c/Project/DSS_ROS2/dss_ros2_ws/install/dss_imu_steering_control/share/dss_imu_steering_control/environment/path.dsv
[3.611s] -- Up-to-date symlink: /mnt/c/Project/DSS_ROS2/dss_ros2_ws/install/dss_imu_steering_control/share/dss_imu_steering_control/local_setup.bash
[3.677s] -- Up-to-date symlink: /mnt/c/Project/DSS_ROS2/dss_ros2_ws/install/dss_imu_steering_control/share/dss_imu_steering_control/local_setup.sh
[3.716s] -- Up-to-date symlink: /mnt/c/Project/DSS_ROS2/dss_ros2_ws/install/dss_imu_steering_control/share/dss_imu_steering_control/local_setup.zsh
[3.757s] -- Up-to-date symlink: /mnt/c/Project/DSS_ROS2/dss_ros2_ws/install/dss_imu_steering_control/share/dss_imu_steering_control/local_setup.dsv
[3.775s] -- Symlinking: /mnt/c/Project/DSS_ROS2/dss_ros2_ws/install/dss_imu_steering_control/share/dss_imu_steering_control/package.dsv
[3.916s] -- Up-to-date symlink: /mnt/c/Project/DSS_ROS2/dss_ros2_ws/install/dss_imu_steering_control/share/ament_index/resource_index/packages/dss_imu_steering_control
[3.966s] -- Up-to-date symlink: /mnt/c/Project/DSS_ROS2/dss_ros2_ws/install/dss_imu_steering_control/share/dss_imu_steering_control/cmake/dss_imu_steering_controlConfig.cmake
[4.023s] -- Up-to-date symlink: /mnt/c/Project/DSS_ROS2/dss_ros2_ws/install/dss_imu_steering_control/share/dss_imu_steering_control/cmake/dss_imu_steering_controlConfig-version.cmake
[4.052s] -- Up-to-date symlink: /mnt/c/Project/DSS_ROS2/dss_ros2_ws/install/dss_imu_steering_control/share/dss_imu_steering_control/package.xml
[4.420s] Invoked command in '/mnt/c/Project/DSS_ROS2/dss_ros2_ws/build/dss_imu_steering_control' returned '0': CMAKE_PREFIX_PATH=/mnt/c/Project/DSS_ROS2/dss_ros2_ws/install/dss_bridge:/opt/ros/humble /usr/bin/cmake --install /mnt/c/Project/DSS_ROS2/dss_ros2_ws/build/dss_imu_steering_control
