[2.619s] Invoking command in '/mnt/c/Project/DSS_ROS2/dss_ros2_ws/build/dss_imu_steering_control': CMAKE_PREFIX_PATH=${CMAKE_PREFIX_PATH}:/mnt/c/Project/DSS_ROS2/dss_ros2_ws/install/dss_bridge:/opt/ros/humble /usr/bin/cmake /mnt/c/Project/DSS_ROS2/dss_ros2_ws/src/dss_imu_steering_control -DCMAKE_INSTALL_PREFIX=/mnt/c/Project/DSS_ROS2/dss_ros2_ws/install/dss_imu_steering_control
[2.792s] -- Found ament_cmake: 1.3.12 (/opt/ros/humble/share/ament_cmake/cmake)
[4.215s] -- Override CMake install command with custom implementation using symlinks instead of copying resources
[4.409s] -- Found rclcpp: 16.0.14 (/opt/ros/humble/share/rclcpp/cmake)
[4.893s] -- Found rosidl_generator_c: 3.1.7 (/opt/ros/humble/share/rosidl_generator_c/cmake)
[4.896s] -- Found rosidl_adapter: 3.1.7 (/opt/ros/humble/share/rosidl_adapter/cmake)
[4.897s] -- Found rosidl_generator_cpp: 3.1.7 (/opt/ros/humble/share/rosidl_generator_cpp/cmake)
[4.924s] -- Using all available rosidl_typesupport_c: rosidl_typesupport_fastrtps_c;rosidl_typesupport_introspection_c
[4.950s] -- Using all available rosidl_typesupport_cpp: rosidl_typesupport_fastrtps_cpp;rosidl_typesupport_introspection_cpp
[5.006s] -- Found rmw_implementation_cmake: 6.1.2 (/opt/ros/humble/share/rmw_implementation_cmake/cmake)
[5.023s] -- Found rmw_fastrtps_cpp: 6.2.8 (/opt/ros/humble/share/rmw_fastrtps_cpp/cmake)
[25.279s] -- Using RMW implementation 'rmw_fastrtps_cpp' as default
[25.313s] -- Found sensor_msgs: 4.9.0 (/opt/ros/humble/share/sensor_msgs/cmake)
[25.334s] -- Found tf2: 0.25.16 (/opt/ros/humble/share/tf2/cmake)
[25.336s] -- Found tf2_geometry_msgs: 0.25.16 (/opt/ros/humble/share/tf2_geometry_msgs/cmake)
[25.339s] -- Found eigen3_cmake_module: 0.1.1 (/opt/ros/humble/share/eigen3_cmake_module/cmake)
[25.344s] -- Ensuring Eigen3 include directory is part of orocos-kdl CMake target
[29.895s] [31mCMake Error at CMakeLists.txt:16 (find_package):
[29.897s]   By not providing "Findnlohmann-json.cmake" in CMAKE_MODULE_PATH this
[29.898s]   project has asked CMake to find a package configuration file provided by
[29.900s]   "nlohmann-json", but CMake did not find one.
[29.905s] 
[29.907s]   Could not find a package configuration file provided by "nlohmann-json"
[29.909s]   with any of the following names:
[29.911s] 
[29.913s]     nlohmann-jsonConfig.cmake
[29.914s]     nlohmann-json-config.cmake
[29.917s] 
[29.918s]   Add the installation prefix of "nlohmann-json" to CMAKE_PREFIX_PATH or set
[29.920s]   "nlohmann-json_DIR" to a directory containing one of the above files.  If
[29.923s]   "nlohmann-json" provides a separate development package or SDK, be sure it
[29.925s]   has been installed.
[29.928s] 
[29.934s] [0m
[29.935s] -- Configuring incomplete, errors occurred!
[29.937s] See also "/mnt/c/Project/DSS_ROS2/dss_ros2_ws/build/dss_imu_steering_control/CMakeFiles/CMakeOutput.log".
[29.944s] Invoked command in '/mnt/c/Project/DSS_ROS2/dss_ros2_ws/build/dss_imu_steering_control' returned '1': CMAKE_PREFIX_PATH=${CMAKE_PREFIX_PATH}:/mnt/c/Project/DSS_ROS2/dss_ros2_ws/install/dss_bridge:/opt/ros/humble /usr/bin/cmake /mnt/c/Project/DSS_ROS2/dss_ros2_ws/src/dss_imu_steering_control -DCMAKE_INSTALL_PREFIX=/mnt/c/Project/DSS_ROS2/dss_ros2_ws/install/dss_imu_steering_control
