[0.440s] DEBUG:colcon:Command line arguments: ['/usr/bin/colcon', 'build', '--symlink-install']
[0.440s] DEBUG:colcon:Parsed command line arguments: Namespace(log_base=None, log_level=None, verb_name='build', build_base='build', install_base='install', merge_install=False, symlink_install=True, test_result_base=None, continue_on_error=False, executor='parallel', parallel_workers=16, event_handlers=None, ignore_user_meta=False, metas=['./colcon.meta'], base_paths=['.'], packages_ignore=None, packages_ignore_regex=None, paths=None, packages_up_to=None, packages_up_to_regex=None, packages_above=None, packages_above_and_dependencies=None, packages_above_depth=None, packages_select_by_dep=None, packages_skip_by_dep=None, packages_skip_up_to=None, packages_select_build_failed=False, packages_skip_build_finished=False, packages_select_test_failures=False, packages_skip_test_passed=False, packages_select=None, packages_skip=None, packages_select_regex=None, packages_skip_regex=None, packages_start=None, packages_end=None, allow_overriding=[], cmake_args=None, cmake_target=None, cmake_target_skip_unavailable=False, cmake_clean_cache=False, cmake_clean_first=False, cmake_force_configure=False, ament_cmake_args=None, catkin_cmake_args=None, catkin_skip_building_tests=False, verb_parser=<colcon_defaults.argument_parser.defaults.DefaultArgumentsDecorator object at 0x73fe881cbb80>, verb_extension=<colcon_core.verb.build.BuildVerb object at 0x73fe881cab60>, main=<bound method BuildVerb.main of <colcon_core.verb.build.BuildVerb object at 0x73fe881cab60>>)
[0.714s] Level 1:colcon.colcon_core.package_discovery:discover_packages(colcon_meta) check parameters
[0.715s] Level 1:colcon.colcon_core.package_discovery:discover_packages(recursive) check parameters
[0.715s] Level 1:colcon.colcon_core.package_discovery:discover_packages(ignore) check parameters
[0.715s] Level 1:colcon.colcon_core.package_discovery:discover_packages(path) check parameters
[0.715s] Level 1:colcon.colcon_core.package_discovery:discover_packages(colcon_meta) discover
[0.716s] Level 1:colcon.colcon_core.package_discovery:discover_packages(recursive) discover
[0.716s] INFO:colcon.colcon_core.package_discovery:Crawling recursively for packages in '/mnt/c/Project/DSS_ROS2/dss_ros2_ws'
[0.717s] Level 1:colcon.colcon_core.package_identification:_identify(.) by extensions ['ignore', 'ignore_ament_install']
[0.717s] Level 1:colcon.colcon_core.package_identification:_identify(.) by extension 'ignore'
[0.717s] Level 1:colcon.colcon_core.package_identification:_identify(.) by extension 'ignore_ament_install'
[0.718s] Level 1:colcon.colcon_core.package_identification:_identify(.) by extensions ['colcon_pkg']
[0.718s] Level 1:colcon.colcon_core.package_identification:_identify(.) by extension 'colcon_pkg'
[0.718s] Level 1:colcon.colcon_core.package_identification:_identify(.) by extensions ['colcon_meta']
[0.718s] Level 1:colcon.colcon_core.package_identification:_identify(.) by extension 'colcon_meta'
[0.719s] Level 1:colcon.colcon_core.package_identification:_identify(.) by extensions ['ros']
[0.719s] Level 1:colcon.colcon_core.package_identification:_identify(.) by extension 'ros'
[0.732s] Level 1:colcon.colcon_core.package_identification:_identify(.) by extensions ['cmake', 'python']
[0.732s] Level 1:colcon.colcon_core.package_identification:_identify(.) by extension 'cmake'
[0.732s] Level 1:colcon.colcon_core.package_identification:_identify(.) by extension 'python'
[0.733s] Level 1:colcon.colcon_core.package_identification:_identify(.) by extensions ['python_setup_py']
[0.733s] Level 1:colcon.colcon_core.package_identification:_identify(.) by extension 'python_setup_py'
[0.738s] Level 1:colcon.colcon_core.package_identification:_identify(build) by extensions ['ignore', 'ignore_ament_install']
[0.738s] Level 1:colcon.colcon_core.package_identification:_identify(build) by extension 'ignore'
[0.739s] Level 1:colcon.colcon_core.package_identification:_identify(build) ignored
[0.741s] Level 1:colcon.colcon_core.package_identification:_identify(dss_sdk) by extensions ['ignore', 'ignore_ament_install']
[0.741s] Level 1:colcon.colcon_core.package_identification:_identify(dss_sdk) by extension 'ignore'
[0.742s] Level 1:colcon.colcon_core.package_identification:_identify(dss_sdk) by extension 'ignore_ament_install'
[0.743s] Level 1:colcon.colcon_core.package_identification:_identify(dss_sdk) by extensions ['colcon_pkg']
[0.743s] Level 1:colcon.colcon_core.package_identification:_identify(dss_sdk) by extension 'colcon_pkg'
[0.744s] Level 1:colcon.colcon_core.package_identification:_identify(dss_sdk) by extensions ['colcon_meta']
[0.744s] Level 1:colcon.colcon_core.package_identification:_identify(dss_sdk) by extension 'colcon_meta'
[0.745s] Level 1:colcon.colcon_core.package_identification:_identify(dss_sdk) by extensions ['ros']
[0.745s] Level 1:colcon.colcon_core.package_identification:_identify(dss_sdk) by extension 'ros'
[0.748s] Level 1:colcon.colcon_core.package_identification:_identify(dss_sdk) by extensions ['cmake', 'python']
[0.748s] Level 1:colcon.colcon_core.package_identification:_identify(dss_sdk) by extension 'cmake'
[0.749s] Level 1:colcon.colcon_core.package_identification:_identify(dss_sdk) by extension 'python'
[0.749s] Level 1:colcon.colcon_core.package_identification:_identify(dss_sdk) by extensions ['python_setup_py']
[0.749s] Level 1:colcon.colcon_core.package_identification:_identify(dss_sdk) by extension 'python_setup_py'
[0.753s] Level 1:colcon.colcon_core.package_identification:_identify(dss_sdk/__pycache__) by extensions ['ignore', 'ignore_ament_install']
[0.753s] Level 1:colcon.colcon_core.package_identification:_identify(dss_sdk/__pycache__) by extension 'ignore'
[0.754s] Level 1:colcon.colcon_core.package_identification:_identify(dss_sdk/__pycache__) by extension 'ignore_ament_install'
[0.756s] Level 1:colcon.colcon_core.package_identification:_identify(dss_sdk/__pycache__) by extensions ['colcon_pkg']
[0.756s] Level 1:colcon.colcon_core.package_identification:_identify(dss_sdk/__pycache__) by extension 'colcon_pkg'
[0.757s] Level 1:colcon.colcon_core.package_identification:_identify(dss_sdk/__pycache__) by extensions ['colcon_meta']
[0.757s] Level 1:colcon.colcon_core.package_identification:_identify(dss_sdk/__pycache__) by extension 'colcon_meta'
[0.758s] Level 1:colcon.colcon_core.package_identification:_identify(dss_sdk/__pycache__) by extensions ['ros']
[0.759s] Level 1:colcon.colcon_core.package_identification:_identify(dss_sdk/__pycache__) by extension 'ros'
[0.764s] Level 1:colcon.colcon_core.package_identification:_identify(dss_sdk/__pycache__) by extensions ['cmake', 'python']
[0.764s] Level 1:colcon.colcon_core.package_identification:_identify(dss_sdk/__pycache__) by extension 'cmake'
[0.765s] Level 1:colcon.colcon_core.package_identification:_identify(dss_sdk/__pycache__) by extension 'python'
[0.766s] Level 1:colcon.colcon_core.package_identification:_identify(dss_sdk/__pycache__) by extensions ['python_setup_py']
[0.766s] Level 1:colcon.colcon_core.package_identification:_identify(dss_sdk/__pycache__) by extension 'python_setup_py'
[0.770s] Level 1:colcon.colcon_core.package_identification:_identify(dss_sdk/config) by extensions ['ignore', 'ignore_ament_install']
[0.770s] Level 1:colcon.colcon_core.package_identification:_identify(dss_sdk/config) by extension 'ignore'
[0.771s] Level 1:colcon.colcon_core.package_identification:_identify(dss_sdk/config) by extension 'ignore_ament_install'
[0.773s] Level 1:colcon.colcon_core.package_identification:_identify(dss_sdk/config) by extensions ['colcon_pkg']
[0.773s] Level 1:colcon.colcon_core.package_identification:_identify(dss_sdk/config) by extension 'colcon_pkg'
[0.774s] Level 1:colcon.colcon_core.package_identification:_identify(dss_sdk/config) by extensions ['colcon_meta']
[0.774s] Level 1:colcon.colcon_core.package_identification:_identify(dss_sdk/config) by extension 'colcon_meta'
[0.776s] Level 1:colcon.colcon_core.package_identification:_identify(dss_sdk/config) by extensions ['ros']
[0.776s] Level 1:colcon.colcon_core.package_identification:_identify(dss_sdk/config) by extension 'ros'
[0.779s] Level 1:colcon.colcon_core.package_identification:_identify(dss_sdk/config) by extensions ['cmake', 'python']
[0.779s] Level 1:colcon.colcon_core.package_identification:_identify(dss_sdk/config) by extension 'cmake'
[0.788s] Level 1:colcon.colcon_core.package_identification:_identify(dss_sdk/config) by extension 'python'
[0.798s] Level 1:colcon.colcon_core.package_identification:_identify(dss_sdk/config) by extensions ['python_setup_py']
[0.798s] Level 1:colcon.colcon_core.package_identification:_identify(dss_sdk/config) by extension 'python_setup_py'
[0.805s] Level 1:colcon.colcon_core.package_identification:_identify(dss_sdk/config/__pycache__) by extensions ['ignore', 'ignore_ament_install']
[0.805s] Level 1:colcon.colcon_core.package_identification:_identify(dss_sdk/config/__pycache__) by extension 'ignore'
[0.806s] Level 1:colcon.colcon_core.package_identification:_identify(dss_sdk/config/__pycache__) by extension 'ignore_ament_install'
[0.808s] Level 1:colcon.colcon_core.package_identification:_identify(dss_sdk/config/__pycache__) by extensions ['colcon_pkg']
[0.808s] Level 1:colcon.colcon_core.package_identification:_identify(dss_sdk/config/__pycache__) by extension 'colcon_pkg'
[0.809s] Level 1:colcon.colcon_core.package_identification:_identify(dss_sdk/config/__pycache__) by extensions ['colcon_meta']
[0.809s] Level 1:colcon.colcon_core.package_identification:_identify(dss_sdk/config/__pycache__) by extension 'colcon_meta'
[0.813s] Level 1:colcon.colcon_core.package_identification:_identify(dss_sdk/config/__pycache__) by extensions ['ros']
[0.813s] Level 1:colcon.colcon_core.package_identification:_identify(dss_sdk/config/__pycache__) by extension 'ros'
[0.817s] Level 1:colcon.colcon_core.package_identification:_identify(dss_sdk/config/__pycache__) by extensions ['cmake', 'python']
[0.817s] Level 1:colcon.colcon_core.package_identification:_identify(dss_sdk/config/__pycache__) by extension 'cmake'
[0.818s] Level 1:colcon.colcon_core.package_identification:_identify(dss_sdk/config/__pycache__) by extension 'python'
[0.819s] Level 1:colcon.colcon_core.package_identification:_identify(dss_sdk/config/__pycache__) by extensions ['python_setup_py']
[0.819s] Level 1:colcon.colcon_core.package_identification:_identify(dss_sdk/config/__pycache__) by extension 'python_setup_py'
[0.822s] Level 1:colcon.colcon_core.package_identification:_identify(dss_sdk/core) by extensions ['ignore', 'ignore_ament_install']
[0.822s] Level 1:colcon.colcon_core.package_identification:_identify(dss_sdk/core) by extension 'ignore'
[0.824s] Level 1:colcon.colcon_core.package_identification:_identify(dss_sdk/core) by extension 'ignore_ament_install'
[0.825s] Level 1:colcon.colcon_core.package_identification:_identify(dss_sdk/core) by extensions ['colcon_pkg']
[0.825s] Level 1:colcon.colcon_core.package_identification:_identify(dss_sdk/core) by extension 'colcon_pkg'
[0.826s] Level 1:colcon.colcon_core.package_identification:_identify(dss_sdk/core) by extensions ['colcon_meta']
[0.826s] Level 1:colcon.colcon_core.package_identification:_identify(dss_sdk/core) by extension 'colcon_meta'
[0.827s] Level 1:colcon.colcon_core.package_identification:_identify(dss_sdk/core) by extensions ['ros']
[0.827s] Level 1:colcon.colcon_core.package_identification:_identify(dss_sdk/core) by extension 'ros'
[0.830s] Level 1:colcon.colcon_core.package_identification:_identify(dss_sdk/core) by extensions ['cmake', 'python']
[0.830s] Level 1:colcon.colcon_core.package_identification:_identify(dss_sdk/core) by extension 'cmake'
[0.831s] Level 1:colcon.colcon_core.package_identification:_identify(dss_sdk/core) by extension 'python'
[0.831s] Level 1:colcon.colcon_core.package_identification:_identify(dss_sdk/core) by extensions ['python_setup_py']
[0.832s] Level 1:colcon.colcon_core.package_identification:_identify(dss_sdk/core) by extension 'python_setup_py'
[0.836s] Level 1:colcon.colcon_core.package_identification:_identify(dss_sdk/core/__pycache__) by extensions ['ignore', 'ignore_ament_install']
[0.837s] Level 1:colcon.colcon_core.package_identification:_identify(dss_sdk/core/__pycache__) by extension 'ignore'
[0.840s] Level 1:colcon.colcon_core.package_identification:_identify(dss_sdk/core/__pycache__) by extension 'ignore_ament_install'
[0.845s] Level 1:colcon.colcon_core.package_identification:_identify(dss_sdk/core/__pycache__) by extensions ['colcon_pkg']
[0.845s] Level 1:colcon.colcon_core.package_identification:_identify(dss_sdk/core/__pycache__) by extension 'colcon_pkg'
[0.846s] Level 1:colcon.colcon_core.package_identification:_identify(dss_sdk/core/__pycache__) by extensions ['colcon_meta']
[0.846s] Level 1:colcon.colcon_core.package_identification:_identify(dss_sdk/core/__pycache__) by extension 'colcon_meta'
[0.849s] Level 1:colcon.colcon_core.package_identification:_identify(dss_sdk/core/__pycache__) by extensions ['ros']
[0.849s] Level 1:colcon.colcon_core.package_identification:_identify(dss_sdk/core/__pycache__) by extension 'ros'
[0.857s] Level 1:colcon.colcon_core.package_identification:_identify(dss_sdk/core/__pycache__) by extensions ['cmake', 'python']
[0.857s] Level 1:colcon.colcon_core.package_identification:_identify(dss_sdk/core/__pycache__) by extension 'cmake'
[0.859s] Level 1:colcon.colcon_core.package_identification:_identify(dss_sdk/core/__pycache__) by extension 'python'
[0.860s] Level 1:colcon.colcon_core.package_identification:_identify(dss_sdk/core/__pycache__) by extensions ['python_setup_py']
[0.861s] Level 1:colcon.colcon_core.package_identification:_identify(dss_sdk/core/__pycache__) by extension 'python_setup_py'
[0.866s] Level 1:colcon.colcon_core.package_identification:_identify(dss_sdk/osi3) by extensions ['ignore', 'ignore_ament_install']
[0.867s] Level 1:colcon.colcon_core.package_identification:_identify(dss_sdk/osi3) by extension 'ignore'
[0.868s] Level 1:colcon.colcon_core.package_identification:_identify(dss_sdk/osi3) by extension 'ignore_ament_install'
[0.870s] Level 1:colcon.colcon_core.package_identification:_identify(dss_sdk/osi3) by extensions ['colcon_pkg']
[0.870s] Level 1:colcon.colcon_core.package_identification:_identify(dss_sdk/osi3) by extension 'colcon_pkg'
[0.871s] Level 1:colcon.colcon_core.package_identification:_identify(dss_sdk/osi3) by extensions ['colcon_meta']
[0.871s] Level 1:colcon.colcon_core.package_identification:_identify(dss_sdk/osi3) by extension 'colcon_meta'
[0.872s] Level 1:colcon.colcon_core.package_identification:_identify(dss_sdk/osi3) by extensions ['ros']
[0.873s] Level 1:colcon.colcon_core.package_identification:_identify(dss_sdk/osi3) by extension 'ros'
[0.877s] Level 1:colcon.colcon_core.package_identification:_identify(dss_sdk/osi3) by extensions ['cmake', 'python']
[0.877s] Level 1:colcon.colcon_core.package_identification:_identify(dss_sdk/osi3) by extension 'cmake'
[0.878s] Level 1:colcon.colcon_core.package_identification:_identify(dss_sdk/osi3) by extension 'python'
[0.879s] Level 1:colcon.colcon_core.package_identification:_identify(dss_sdk/osi3) by extensions ['python_setup_py']
[0.879s] Level 1:colcon.colcon_core.package_identification:_identify(dss_sdk/osi3) by extension 'python_setup_py'
[0.885s] Level 1:colcon.colcon_core.package_identification:_identify(dss_sdk/osi3/__pycache__) by extensions ['ignore', 'ignore_ament_install']
[0.885s] Level 1:colcon.colcon_core.package_identification:_identify(dss_sdk/osi3/__pycache__) by extension 'ignore'
[0.887s] Level 1:colcon.colcon_core.package_identification:_identify(dss_sdk/osi3/__pycache__) by extension 'ignore_ament_install'
[0.889s] Level 1:colcon.colcon_core.package_identification:_identify(dss_sdk/osi3/__pycache__) by extensions ['colcon_pkg']
[0.889s] Level 1:colcon.colcon_core.package_identification:_identify(dss_sdk/osi3/__pycache__) by extension 'colcon_pkg'
[0.890s] Level 1:colcon.colcon_core.package_identification:_identify(dss_sdk/osi3/__pycache__) by extensions ['colcon_meta']
[0.891s] Level 1:colcon.colcon_core.package_identification:_identify(dss_sdk/osi3/__pycache__) by extension 'colcon_meta'
[0.893s] Level 1:colcon.colcon_core.package_identification:_identify(dss_sdk/osi3/__pycache__) by extensions ['ros']
[0.893s] Level 1:colcon.colcon_core.package_identification:_identify(dss_sdk/osi3/__pycache__) by extension 'ros'
[0.899s] Level 1:colcon.colcon_core.package_identification:_identify(dss_sdk/osi3/__pycache__) by extensions ['cmake', 'python']
[0.899s] Level 1:colcon.colcon_core.package_identification:_identify(dss_sdk/osi3/__pycache__) by extension 'cmake'
[0.902s] Level 1:colcon.colcon_core.package_identification:_identify(dss_sdk/osi3/__pycache__) by extension 'python'
[0.904s] Level 1:colcon.colcon_core.package_identification:_identify(dss_sdk/osi3/__pycache__) by extensions ['python_setup_py']
[0.904s] Level 1:colcon.colcon_core.package_identification:_identify(dss_sdk/osi3/__pycache__) by extension 'python_setup_py'
[0.910s] Level 1:colcon.colcon_core.package_identification:_identify(dss_sdk/protobuf) by extensions ['ignore', 'ignore_ament_install']
[0.910s] Level 1:colcon.colcon_core.package_identification:_identify(dss_sdk/protobuf) by extension 'ignore'
[0.911s] Level 1:colcon.colcon_core.package_identification:_identify(dss_sdk/protobuf) by extension 'ignore_ament_install'
[0.913s] Level 1:colcon.colcon_core.package_identification:_identify(dss_sdk/protobuf) by extensions ['colcon_pkg']
[0.913s] Level 1:colcon.colcon_core.package_identification:_identify(dss_sdk/protobuf) by extension 'colcon_pkg'
[0.914s] Level 1:colcon.colcon_core.package_identification:_identify(dss_sdk/protobuf) by extensions ['colcon_meta']
[0.914s] Level 1:colcon.colcon_core.package_identification:_identify(dss_sdk/protobuf) by extension 'colcon_meta'
[0.916s] Level 1:colcon.colcon_core.package_identification:_identify(dss_sdk/protobuf) by extensions ['ros']
[0.916s] Level 1:colcon.colcon_core.package_identification:_identify(dss_sdk/protobuf) by extension 'ros'
[0.920s] Level 1:colcon.colcon_core.package_identification:_identify(dss_sdk/protobuf) by extensions ['cmake', 'python']
[0.920s] Level 1:colcon.colcon_core.package_identification:_identify(dss_sdk/protobuf) by extension 'cmake'
[0.922s] Level 1:colcon.colcon_core.package_identification:_identify(dss_sdk/protobuf) by extension 'python'
[0.922s] Level 1:colcon.colcon_core.package_identification:_identify(dss_sdk/protobuf) by extensions ['python_setup_py']
[0.922s] Level 1:colcon.colcon_core.package_identification:_identify(dss_sdk/protobuf) by extension 'python_setup_py'
[0.926s] Level 1:colcon.colcon_core.package_identification:_identify(dss_sdk/protobuf/__pycache__) by extensions ['ignore', 'ignore_ament_install']
[0.926s] Level 1:colcon.colcon_core.package_identification:_identify(dss_sdk/protobuf/__pycache__) by extension 'ignore'
[0.927s] Level 1:colcon.colcon_core.package_identification:_identify(dss_sdk/protobuf/__pycache__) by extension 'ignore_ament_install'
[0.929s] Level 1:colcon.colcon_core.package_identification:_identify(dss_sdk/protobuf/__pycache__) by extensions ['colcon_pkg']
[0.929s] Level 1:colcon.colcon_core.package_identification:_identify(dss_sdk/protobuf/__pycache__) by extension 'colcon_pkg'
[0.930s] Level 1:colcon.colcon_core.package_identification:_identify(dss_sdk/protobuf/__pycache__) by extensions ['colcon_meta']
[0.930s] Level 1:colcon.colcon_core.package_identification:_identify(dss_sdk/protobuf/__pycache__) by extension 'colcon_meta'
[0.934s] Level 1:colcon.colcon_core.package_identification:_identify(dss_sdk/protobuf/__pycache__) by extensions ['ros']
[0.934s] Level 1:colcon.colcon_core.package_identification:_identify(dss_sdk/protobuf/__pycache__) by extension 'ros'
[0.938s] Level 1:colcon.colcon_core.package_identification:_identify(dss_sdk/protobuf/__pycache__) by extensions ['cmake', 'python']
[0.938s] Level 1:colcon.colcon_core.package_identification:_identify(dss_sdk/protobuf/__pycache__) by extension 'cmake'
[0.939s] Level 1:colcon.colcon_core.package_identification:_identify(dss_sdk/protobuf/__pycache__) by extension 'python'
[0.940s] Level 1:colcon.colcon_core.package_identification:_identify(dss_sdk/protobuf/__pycache__) by extensions ['python_setup_py']
[0.940s] Level 1:colcon.colcon_core.package_identification:_identify(dss_sdk/protobuf/__pycache__) by extension 'python_setup_py'
[0.943s] Level 1:colcon.colcon_core.package_identification:_identify(dss_sdk/utils) by extensions ['ignore', 'ignore_ament_install']
[0.943s] Level 1:colcon.colcon_core.package_identification:_identify(dss_sdk/utils) by extension 'ignore'
[0.944s] Level 1:colcon.colcon_core.package_identification:_identify(dss_sdk/utils) by extension 'ignore_ament_install'
[0.945s] Level 1:colcon.colcon_core.package_identification:_identify(dss_sdk/utils) by extensions ['colcon_pkg']
[0.945s] Level 1:colcon.colcon_core.package_identification:_identify(dss_sdk/utils) by extension 'colcon_pkg'
[0.946s] Level 1:colcon.colcon_core.package_identification:_identify(dss_sdk/utils) by extensions ['colcon_meta']
[0.946s] Level 1:colcon.colcon_core.package_identification:_identify(dss_sdk/utils) by extension 'colcon_meta'
[0.947s] Level 1:colcon.colcon_core.package_identification:_identify(dss_sdk/utils) by extensions ['ros']
[0.947s] Level 1:colcon.colcon_core.package_identification:_identify(dss_sdk/utils) by extension 'ros'
[0.950s] Level 1:colcon.colcon_core.package_identification:_identify(dss_sdk/utils) by extensions ['cmake', 'python']
[0.950s] Level 1:colcon.colcon_core.package_identification:_identify(dss_sdk/utils) by extension 'cmake'
[0.951s] Level 1:colcon.colcon_core.package_identification:_identify(dss_sdk/utils) by extension 'python'
[0.953s] Level 1:colcon.colcon_core.package_identification:_identify(dss_sdk/utils) by extensions ['python_setup_py']
[0.953s] Level 1:colcon.colcon_core.package_identification:_identify(dss_sdk/utils) by extension 'python_setup_py'
[0.959s] Level 1:colcon.colcon_core.package_identification:_identify(dss_sdk/utils/__pycache__) by extensions ['ignore', 'ignore_ament_install']
[0.959s] Level 1:colcon.colcon_core.package_identification:_identify(dss_sdk/utils/__pycache__) by extension 'ignore'
[0.961s] Level 1:colcon.colcon_core.package_identification:_identify(dss_sdk/utils/__pycache__) by extension 'ignore_ament_install'
[0.963s] Level 1:colcon.colcon_core.package_identification:_identify(dss_sdk/utils/__pycache__) by extensions ['colcon_pkg']
[0.964s] Level 1:colcon.colcon_core.package_identification:_identify(dss_sdk/utils/__pycache__) by extension 'colcon_pkg'
[0.965s] Level 1:colcon.colcon_core.package_identification:_identify(dss_sdk/utils/__pycache__) by extensions ['colcon_meta']
[0.966s] Level 1:colcon.colcon_core.package_identification:_identify(dss_sdk/utils/__pycache__) by extension 'colcon_meta'
[0.969s] Level 1:colcon.colcon_core.package_identification:_identify(dss_sdk/utils/__pycache__) by extensions ['ros']
[0.969s] Level 1:colcon.colcon_core.package_identification:_identify(dss_sdk/utils/__pycache__) by extension 'ros'
[0.977s] Level 1:colcon.colcon_core.package_identification:_identify(dss_sdk/utils/__pycache__) by extensions ['cmake', 'python']
[0.977s] Level 1:colcon.colcon_core.package_identification:_identify(dss_sdk/utils/__pycache__) by extension 'cmake'
[0.978s] Level 1:colcon.colcon_core.package_identification:_identify(dss_sdk/utils/__pycache__) by extension 'python'
[0.979s] Level 1:colcon.colcon_core.package_identification:_identify(dss_sdk/utils/__pycache__) by extensions ['python_setup_py']
[0.979s] Level 1:colcon.colcon_core.package_identification:_identify(dss_sdk/utils/__pycache__) by extension 'python_setup_py'
[0.983s] Level 1:colcon.colcon_core.package_identification:_identify(install) by extensions ['ignore', 'ignore_ament_install']
[0.984s] Level 1:colcon.colcon_core.package_identification:_identify(install) by extension 'ignore'
[0.985s] Level 1:colcon.colcon_core.package_identification:_identify(install) ignored
[0.989s] Level 1:colcon.colcon_core.package_identification:_identify(log) by extensions ['ignore', 'ignore_ament_install']
[0.989s] Level 1:colcon.colcon_core.package_identification:_identify(log) by extension 'ignore'
[0.990s] Level 1:colcon.colcon_core.package_identification:_identify(log) ignored
[0.992s] Level 1:colcon.colcon_core.package_identification:_identify(src) by extensions ['ignore', 'ignore_ament_install']
[0.992s] Level 1:colcon.colcon_core.package_identification:_identify(src) by extension 'ignore'
[0.993s] Level 1:colcon.colcon_core.package_identification:_identify(src) by extension 'ignore_ament_install'
[0.994s] Level 1:colcon.colcon_core.package_identification:_identify(src) by extensions ['colcon_pkg']
[0.994s] Level 1:colcon.colcon_core.package_identification:_identify(src) by extension 'colcon_pkg'
[0.994s] Level 1:colcon.colcon_core.package_identification:_identify(src) by extensions ['colcon_meta']
[0.995s] Level 1:colcon.colcon_core.package_identification:_identify(src) by extension 'colcon_meta'
[0.995s] Level 1:colcon.colcon_core.package_identification:_identify(src) by extensions ['ros']
[0.995s] Level 1:colcon.colcon_core.package_identification:_identify(src) by extension 'ros'
[0.998s] Level 1:colcon.colcon_core.package_identification:_identify(src) by extensions ['cmake', 'python']
[0.998s] Level 1:colcon.colcon_core.package_identification:_identify(src) by extension 'cmake'
[0.998s] Level 1:colcon.colcon_core.package_identification:_identify(src) by extension 'python'
[0.999s] Level 1:colcon.colcon_core.package_identification:_identify(src) by extensions ['python_setup_py']
[0.999s] Level 1:colcon.colcon_core.package_identification:_identify(src) by extension 'python_setup_py'
[1.003s] Level 1:colcon.colcon_core.package_identification:_identify(src/dss-ros2-bridge) by extensions ['ignore', 'ignore_ament_install']
[1.003s] Level 1:colcon.colcon_core.package_identification:_identify(src/dss-ros2-bridge) by extension 'ignore'
[1.004s] Level 1:colcon.colcon_core.package_identification:_identify(src/dss-ros2-bridge) by extension 'ignore_ament_install'
[1.007s] Level 1:colcon.colcon_core.package_identification:_identify(src/dss-ros2-bridge) by extensions ['colcon_pkg']
[1.007s] Level 1:colcon.colcon_core.package_identification:_identify(src/dss-ros2-bridge) by extension 'colcon_pkg'
[1.008s] Level 1:colcon.colcon_core.package_identification:_identify(src/dss-ros2-bridge) by extensions ['colcon_meta']
[1.008s] Level 1:colcon.colcon_core.package_identification:_identify(src/dss-ros2-bridge) by extension 'colcon_meta'
[1.010s] Level 1:colcon.colcon_core.package_identification:_identify(src/dss-ros2-bridge) by extensions ['ros']
[1.010s] Level 1:colcon.colcon_core.package_identification:_identify(src/dss-ros2-bridge) by extension 'ros'
[1.015s] Level 1:colcon.colcon_core.package_identification:_identify(src/dss-ros2-bridge) by extensions ['cmake', 'python']
[1.016s] Level 1:colcon.colcon_core.package_identification:_identify(src/dss-ros2-bridge) by extension 'cmake'
[1.017s] Level 1:colcon.colcon_core.package_identification:_identify(src/dss-ros2-bridge) by extension 'python'
[1.018s] Level 1:colcon.colcon_core.package_identification:_identify(src/dss-ros2-bridge) by extensions ['python_setup_py']
[1.018s] Level 1:colcon.colcon_core.package_identification:_identify(src/dss-ros2-bridge) by extension 'python_setup_py'
[1.045s] Level 1:colcon.colcon_core.package_identification:_identify(src/dss-ros2-bridge/src) by extensions ['ignore', 'ignore_ament_install']
[1.045s] Level 1:colcon.colcon_core.package_identification:_identify(src/dss-ros2-bridge/src) by extension 'ignore'
[1.048s] Level 1:colcon.colcon_core.package_identification:_identify(src/dss-ros2-bridge/src) by extension 'ignore_ament_install'
[1.052s] Level 1:colcon.colcon_core.package_identification:_identify(src/dss-ros2-bridge/src) by extensions ['colcon_pkg']
[1.053s] Level 1:colcon.colcon_core.package_identification:_identify(src/dss-ros2-bridge/src) by extension 'colcon_pkg'
[1.055s] Level 1:colcon.colcon_core.package_identification:_identify(src/dss-ros2-bridge/src) by extensions ['colcon_meta']
[1.056s] Level 1:colcon.colcon_core.package_identification:_identify(src/dss-ros2-bridge/src) by extension 'colcon_meta'
[1.061s] Level 1:colcon.colcon_core.package_identification:_identify(src/dss-ros2-bridge/src) by extensions ['ros']
[1.061s] Level 1:colcon.colcon_core.package_identification:_identify(src/dss-ros2-bridge/src) by extension 'ros'
[1.067s] Level 1:colcon.colcon_core.package_identification:_identify(src/dss-ros2-bridge/src) by extensions ['cmake', 'python']
[1.067s] Level 1:colcon.colcon_core.package_identification:_identify(src/dss-ros2-bridge/src) by extension 'cmake'
[1.068s] Level 1:colcon.colcon_core.package_identification:_identify(src/dss-ros2-bridge/src) by extension 'python'
[1.070s] Level 1:colcon.colcon_core.package_identification:_identify(src/dss-ros2-bridge/src) by extensions ['python_setup_py']
[1.070s] Level 1:colcon.colcon_core.package_identification:_identify(src/dss-ros2-bridge/src) by extension 'python_setup_py'
[1.081s] Level 1:colcon.colcon_core.package_identification:_identify(src/dss-ros2-bridge/src/dss_bridge) by extensions ['ignore', 'ignore_ament_install']
[1.081s] Level 1:colcon.colcon_core.package_identification:_identify(src/dss-ros2-bridge/src/dss_bridge) by extension 'ignore'
[1.085s] Level 1:colcon.colcon_core.package_identification:_identify(src/dss-ros2-bridge/src/dss_bridge) by extension 'ignore_ament_install'
[1.092s] Level 1:colcon.colcon_core.package_identification:_identify(src/dss-ros2-bridge/src/dss_bridge) by extensions ['colcon_pkg']
[1.092s] Level 1:colcon.colcon_core.package_identification:_identify(src/dss-ros2-bridge/src/dss_bridge) by extension 'colcon_pkg'
[1.094s] Level 1:colcon.colcon_core.package_identification:_identify(src/dss-ros2-bridge/src/dss_bridge) by extensions ['colcon_meta']
[1.094s] Level 1:colcon.colcon_core.package_identification:_identify(src/dss-ros2-bridge/src/dss_bridge) by extension 'colcon_meta'
[1.098s] Level 1:colcon.colcon_core.package_identification:_identify(src/dss-ros2-bridge/src/dss_bridge) by extensions ['ros']
[1.098s] Level 1:colcon.colcon_core.package_identification:_identify(src/dss-ros2-bridge/src/dss_bridge) by extension 'ros'
[1.118s] DEBUG:colcon.colcon_core.package_identification:Package 'src/dss-ros2-bridge/src/dss_bridge' with type 'ros.ament_python' and name 'dss_bridge'
[1.118s] Level 1:colcon.colcon_core.package_discovery:discover_packages(recursive) using defaults
[1.118s] Level 1:colcon.colcon_core.package_discovery:discover_packages(ignore) discover
[1.119s] Level 1:colcon.colcon_core.package_discovery:discover_packages(ignore) using defaults
[1.119s] Level 1:colcon.colcon_core.package_discovery:discover_packages(path) discover
[1.119s] Level 1:colcon.colcon_core.package_discovery:discover_packages(path) using defaults
[1.185s] Level 1:colcon.colcon_core.package_discovery:discover_packages(prefix_path) check parameters
[1.185s] Level 1:colcon.colcon_core.package_discovery:discover_packages(prefix_path) discover
[1.223s] DEBUG:colcon.colcon_installed_package_information.package_discovery:Found 1 installed packages in /mnt/c/Project/DSS_ROS2/dss_ros2_ws/install
[1.224s] DEBUG:colcon.colcon_installed_package_information.package_discovery:Found 295 installed packages in /opt/ros/humble
[1.231s] Level 1:colcon.colcon_core.package_discovery:discover_packages(prefix_path) using defaults
[1.271s] Level 5:colcon.colcon_core.verb:set package 'dss_bridge' build argument 'cmake_args' from command line to 'None'
[1.271s] Level 5:colcon.colcon_core.verb:set package 'dss_bridge' build argument 'cmake_target' from command line to 'None'
[1.271s] Level 5:colcon.colcon_core.verb:set package 'dss_bridge' build argument 'cmake_target_skip_unavailable' from command line to 'False'
[1.272s] Level 5:colcon.colcon_core.verb:set package 'dss_bridge' build argument 'cmake_clean_cache' from command line to 'False'
[1.272s] Level 5:colcon.colcon_core.verb:set package 'dss_bridge' build argument 'cmake_clean_first' from command line to 'False'
[1.272s] Level 5:colcon.colcon_core.verb:set package 'dss_bridge' build argument 'cmake_force_configure' from command line to 'False'
[1.272s] Level 5:colcon.colcon_core.verb:set package 'dss_bridge' build argument 'ament_cmake_args' from command line to 'None'
[1.272s] Level 5:colcon.colcon_core.verb:set package 'dss_bridge' build argument 'catkin_cmake_args' from command line to 'None'
[1.272s] Level 5:colcon.colcon_core.verb:set package 'dss_bridge' build argument 'catkin_skip_building_tests' from command line to 'False'
[1.272s] DEBUG:colcon.colcon_core.verb:Building package 'dss_bridge' with the following arguments: {'ament_cmake_args': None, 'build_base': '/mnt/c/Project/DSS_ROS2/dss_ros2_ws/build/dss_bridge', 'catkin_cmake_args': None, 'catkin_skip_building_tests': False, 'cmake_args': None, 'cmake_clean_cache': False, 'cmake_clean_first': False, 'cmake_force_configure': False, 'cmake_target': None, 'cmake_target_skip_unavailable': False, 'install_base': '/mnt/c/Project/DSS_ROS2/dss_ros2_ws/install/dss_bridge', 'merge_install': False, 'path': '/mnt/c/Project/DSS_ROS2/dss_ros2_ws/src/dss-ros2-bridge/src/dss_bridge', 'symlink_install': True, 'test_result_base': None}
[1.272s] INFO:colcon.colcon_core.executor:Executing jobs using 'parallel' executor
[1.273s] DEBUG:colcon.colcon_parallel_executor.executor.parallel:run_until_complete
[1.274s] INFO:colcon.colcon_ros.task.ament_python.build:Building ROS package in '/mnt/c/Project/DSS_ROS2/dss_ros2_ws/src/dss-ros2-bridge/src/dss_bridge' with build type 'ament_python'
[1.275s] Level 1:colcon.colcon_core.shell:create_environment_hook('dss_bridge', 'ament_prefix_path')
[1.282s] INFO:colcon.colcon_core.plugin_system:Skipping extension 'colcon_core.shell.bat': Not used on non-Windows systems
[1.283s] INFO:colcon.colcon_core.shell:Creating environment hook '/mnt/c/Project/DSS_ROS2/dss_ros2_ws/install/dss_bridge/share/dss_bridge/hook/ament_prefix_path.ps1'
[1.290s] INFO:colcon.colcon_core.shell:Creating environment descriptor '/mnt/c/Project/DSS_ROS2/dss_ros2_ws/install/dss_bridge/share/dss_bridge/hook/ament_prefix_path.dsv'
[1.298s] INFO:colcon.colcon_core.shell:Creating environment hook '/mnt/c/Project/DSS_ROS2/dss_ros2_ws/install/dss_bridge/share/dss_bridge/hook/ament_prefix_path.sh'
[1.313s] INFO:colcon.colcon_core.shell:Skip shell extension 'powershell' for command environment: Not usable outside of PowerShell
[1.314s] DEBUG:colcon.colcon_core.shell:Skip shell extension 'dsv' for command environment
[2.059s] INFO:colcon.colcon_core.task.python.build:Building Python package in '/mnt/c/Project/DSS_ROS2/dss_ros2_ws/src/dss-ros2-bridge/src/dss_bridge'
[2.059s] INFO:colcon.colcon_core.shell:Skip shell extension 'powershell' for command environment: Not usable outside of PowerShell
[2.059s] DEBUG:colcon.colcon_core.shell:Skip shell extension 'dsv' for command environment
[3.271s] DEBUG:colcon.colcon_core.event_handler.log_command:Invoking command in '/mnt/c/Project/DSS_ROS2/dss_ros2_ws/build/dss_bridge': PYTHONPATH=/mnt/c/Project/DSS_ROS2/dss_ros2_ws/build/dss_bridge/prefix_override:/usr/lib/python3/dist-packages/colcon_core/task/python/colcon_distutils_commands:/mnt/c/Project/DSS_ROS2/dss_ros2_ws/install/dss_bridge/lib/python3.10/site-packages:${PYTHONPATH} /usr/bin/python3 -W ignore:setup.py install is deprecated -W ignore:easy_install command is deprecated setup.py develop --editable --build-directory /mnt/c/Project/DSS_ROS2/dss_ros2_ws/build/dss_bridge/build --no-deps symlink_data
[5.466s] Level 1:colcon.colcon_core.shell:create_environment_hook('dss_bridge', 'pythonpath_develop')
[5.467s] INFO:colcon.colcon_core.shell:Creating environment hook '/mnt/c/Project/DSS_ROS2/dss_ros2_ws/build/dss_bridge/share/dss_bridge/hook/pythonpath_develop.ps1'
[5.468s] DEBUG:colcon.colcon_core.event_handler.log_command:Invoked command in '/mnt/c/Project/DSS_ROS2/dss_ros2_ws/build/dss_bridge' returned '0': PYTHONPATH=/mnt/c/Project/DSS_ROS2/dss_ros2_ws/build/dss_bridge/prefix_override:/usr/lib/python3/dist-packages/colcon_core/task/python/colcon_distutils_commands:/mnt/c/Project/DSS_ROS2/dss_ros2_ws/install/dss_bridge/lib/python3.10/site-packages:${PYTHONPATH} /usr/bin/python3 -W ignore:setup.py install is deprecated -W ignore:easy_install command is deprecated setup.py develop --editable --build-directory /mnt/c/Project/DSS_ROS2/dss_ros2_ws/build/dss_bridge/build --no-deps symlink_data
[5.479s] INFO:colcon.colcon_core.shell:Creating environment descriptor '/mnt/c/Project/DSS_ROS2/dss_ros2_ws/build/dss_bridge/share/dss_bridge/hook/pythonpath_develop.dsv'
[5.497s] INFO:colcon.colcon_core.shell:Creating environment hook '/mnt/c/Project/DSS_ROS2/dss_ros2_ws/build/dss_bridge/share/dss_bridge/hook/pythonpath_develop.sh'
[5.516s] Level 1:colcon.colcon_core.environment:checking '/mnt/c/Project/DSS_ROS2/dss_ros2_ws/install/dss_bridge' for CMake module files
[5.563s] Level 1:colcon.colcon_core.environment:checking '/mnt/c/Project/DSS_ROS2/dss_ros2_ws/install/dss_bridge' for CMake config files
[5.630s] Level 1:colcon.colcon_core.environment:checking '/mnt/c/Project/DSS_ROS2/dss_ros2_ws/install/dss_bridge/lib'
[5.634s] Level 1:colcon.colcon_core.environment:checking '/mnt/c/Project/DSS_ROS2/dss_ros2_ws/install/dss_bridge/bin'
[5.635s] Level 1:colcon.colcon_core.environment:checking '/mnt/c/Project/DSS_ROS2/dss_ros2_ws/install/dss_bridge/lib/pkgconfig/dss_bridge.pc'
[5.636s] Level 1:colcon.colcon_core.environment:checking '/mnt/c/Project/DSS_ROS2/dss_ros2_ws/install/dss_bridge/lib/python3.10/site-packages'
[5.639s] Level 1:colcon.colcon_core.shell:create_environment_hook('dss_bridge', 'pythonpath')
[5.639s] INFO:colcon.colcon_core.shell:Creating environment hook '/mnt/c/Project/DSS_ROS2/dss_ros2_ws/install/dss_bridge/share/dss_bridge/hook/pythonpath.ps1'
[5.653s] INFO:colcon.colcon_core.shell:Creating environment descriptor '/mnt/c/Project/DSS_ROS2/dss_ros2_ws/install/dss_bridge/share/dss_bridge/hook/pythonpath.dsv'
[5.664s] INFO:colcon.colcon_core.shell:Creating environment hook '/mnt/c/Project/DSS_ROS2/dss_ros2_ws/install/dss_bridge/share/dss_bridge/hook/pythonpath.sh'
[5.675s] Level 1:colcon.colcon_core.environment:checking '/mnt/c/Project/DSS_ROS2/dss_ros2_ws/install/dss_bridge/bin'
[5.676s] Level 1:colcon.colcon_core.environment:create_environment_scripts_only(dss_bridge)
[5.676s] INFO:colcon.colcon_core.shell:Creating package script '/mnt/c/Project/DSS_ROS2/dss_ros2_ws/install/dss_bridge/share/dss_bridge/package.ps1'
[5.682s] INFO:colcon.colcon_core.shell:Creating package descriptor '/mnt/c/Project/DSS_ROS2/dss_ros2_ws/install/dss_bridge/share/dss_bridge/package.dsv'
[5.688s] INFO:colcon.colcon_core.shell:Creating package script '/mnt/c/Project/DSS_ROS2/dss_ros2_ws/install/dss_bridge/share/dss_bridge/package.sh'
[5.695s] INFO:colcon.colcon_core.shell:Creating package script '/mnt/c/Project/DSS_ROS2/dss_ros2_ws/install/dss_bridge/share/dss_bridge/package.bash'
[5.702s] INFO:colcon.colcon_core.shell:Creating package script '/mnt/c/Project/DSS_ROS2/dss_ros2_ws/install/dss_bridge/share/dss_bridge/package.zsh'
[5.709s] Level 1:colcon.colcon_core.environment:create_file_with_runtime_dependencies(/mnt/c/Project/DSS_ROS2/dss_ros2_ws/install/dss_bridge/share/colcon-core/packages/dss_bridge)
[5.713s] DEBUG:colcon.colcon_parallel_executor.executor.parallel:closing loop
[5.713s] DEBUG:colcon.colcon_parallel_executor.executor.parallel:loop closed
[5.713s] DEBUG:colcon.colcon_parallel_executor.executor.parallel:run_until_complete finished with '0'
[5.713s] DEBUG:colcon.colcon_core.event_reactor:joining thread
[5.747s] INFO:colcon.colcon_core.plugin_system:Skipping extension 'colcon_notification.desktop_notification.notify_send': Could not find 'notify-send'
[5.747s] INFO:colcon.colcon_core.plugin_system:Skipping extension 'colcon_notification.desktop_notification.terminal_notifier': Not used on non-Darwin systems
[5.747s] INFO:colcon.colcon_core.plugin_system:Skipping extension 'colcon_notification.desktop_notification.win32': Not used on non-Windows systems
[5.747s] INFO:colcon.colcon_notification.desktop_notification:Sending desktop notification using 'notify2'
[5.748s] DEBUG:colcon.colcon_notification.desktop_notification.notify2:Failed to initialize notify2: org.freedesktop.DBus.Error.ServiceUnknown: The name org.freedesktop.Notifications was not provided by any .service files
[5.748s] DEBUG:colcon.colcon_core.event_reactor:joined thread
[5.748s] INFO:colcon.colcon_core.shell:Creating prefix script '/mnt/c/Project/DSS_ROS2/dss_ros2_ws/install/local_setup.ps1'
[5.751s] INFO:colcon.colcon_core.shell:Creating prefix util module '/mnt/c/Project/DSS_ROS2/dss_ros2_ws/install/_local_setup_util_ps1.py'
[5.754s] INFO:colcon.colcon_core.shell:Creating prefix chain script '/mnt/c/Project/DSS_ROS2/dss_ros2_ws/install/setup.ps1'
[5.759s] INFO:colcon.colcon_core.shell:Creating prefix script '/mnt/c/Project/DSS_ROS2/dss_ros2_ws/install/local_setup.sh'
[5.762s] INFO:colcon.colcon_core.shell:Creating prefix util module '/mnt/c/Project/DSS_ROS2/dss_ros2_ws/install/_local_setup_util_sh.py'
[5.764s] INFO:colcon.colcon_core.shell:Creating prefix chain script '/mnt/c/Project/DSS_ROS2/dss_ros2_ws/install/setup.sh'
[5.770s] INFO:colcon.colcon_core.shell:Creating prefix script '/mnt/c/Project/DSS_ROS2/dss_ros2_ws/install/local_setup.bash'
[5.773s] INFO:colcon.colcon_core.shell:Creating prefix chain script '/mnt/c/Project/DSS_ROS2/dss_ros2_ws/install/setup.bash'
[5.780s] INFO:colcon.colcon_core.shell:Creating prefix script '/mnt/c/Project/DSS_ROS2/dss_ros2_ws/install/local_setup.zsh'
[5.783s] INFO:colcon.colcon_core.shell:Creating prefix chain script '/mnt/c/Project/DSS_ROS2/dss_ros2_ws/install/setup.zsh'
