[7.319s] Invoking command in '/mnt/c/Project/DSS_ROS2/dss_ros2_ws/src/dss-ros2-bridge/src/dss_bridge': PYTHONPATH=/mnt/c/Project/DSS_ROS2/dss_ros2_ws/build/dss_bridge/prefix_override:/usr/lib/python3/dist-packages/colcon_core/task/python/colcon_distutils_commands:/mnt/c/Project/DSS_ROS2/dss_ros2_ws/install/dss_bridge/lib/python3.10/site-packages:${PYTHONPATH} /usr/bin/python3 -W ignore:setup.py install is deprecated -W ignore:easy_install command is deprecated setup.py egg_info --egg-base ../../../../build/dss_bridge build --build-base /mnt/c/Project/DSS_ROS2/dss_ros2_ws/build/dss_bridge/build install --record /mnt/c/Project/DSS_ROS2/dss_ros2_ws/build/dss_bridge/install.log --single-version-externally-managed install_data
[9.739s] running egg_info
[9.748s] writing ../../../../build/dss_bridge/dss_bridge.egg-info/PKG-INFO
[9.767s] writing dependency_links to ../../../../build/dss_bridge/dss_bridge.egg-info/dependency_links.txt
[9.783s] writing entry points to ../../../../build/dss_bridge/dss_bridge.egg-info/entry_points.txt
[9.795s] writing requirements to ../../../../build/dss_bridge/dss_bridge.egg-info/requires.txt
[9.802s] writing top-level names to ../../../../build/dss_bridge/dss_bridge.egg-info/top_level.txt
[10.235s] reading manifest file '../../../../build/dss_bridge/dss_bridge.egg-info/SOURCES.txt'
[10.811s] writing manifest file '../../../../build/dss_bridge/dss_bridge.egg-info/SOURCES.txt'
[10.819s] running build
[10.821s] running build_py
[13.203s] running install
[13.208s] running install_lib
[19.572s] running install_data
[19.654s] running install_egg_info
[19.675s] removing '/mnt/c/Project/DSS_ROS2/dss_ros2_ws/install/dss_bridge/lib/python3.10/site-packages/dss_bridge-0.0.0-py3.10.egg-info' (and everything under it)
[19.832s] Copying ../../../../build/dss_bridge/dss_bridge.egg-info to /mnt/c/Project/DSS_ROS2/dss_ros2_ws/install/dss_bridge/lib/python3.10/site-packages/dss_bridge-0.0.0-py3.10.egg-info
[20.585s] running install_scripts
[20.779s] Installing dss_bridge_node script to /mnt/c/Project/DSS_ROS2/dss_ros2_ws/install/dss_bridge/lib/dss_bridge
[20.814s] Installing dss_car_control_node script to /mnt/c/Project/DSS_ROS2/dss_ros2_ws/install/dss_bridge/lib/dss_bridge
[20.890s] writing list of installed files to '/mnt/c/Project/DSS_ROS2/dss_ros2_ws/build/dss_bridge/install.log'
[20.921s] Invoked command in '/mnt/c/Project/DSS_ROS2/dss_ros2_ws/src/dss-ros2-bridge/src/dss_bridge' returned '0': PYTHONPATH=/mnt/c/Project/DSS_ROS2/dss_ros2_ws/build/dss_bridge/prefix_override:/usr/lib/python3/dist-packages/colcon_core/task/python/colcon_distutils_commands:/mnt/c/Project/DSS_ROS2/dss_ros2_ws/install/dss_bridge/lib/python3.10/site-packages:${PYTHONPATH} /usr/bin/python3 -W ignore:setup.py install is deprecated -W ignore:easy_install command is deprecated setup.py egg_info --egg-base ../../../../build/dss_bridge build --build-base /mnt/c/Project/DSS_ROS2/dss_ros2_ws/build/dss_bridge/build install --record /mnt/c/Project/DSS_ROS2/dss_ros2_ws/build/dss_bridge/install.log --single-version-externally-managed install_data
